Error building Aurora on OSX
0:00.26 /usr/bin/make -f client.mk -s
0:01.38 Adding client.mk option from /Users/msamuel/Projects/mozilla-source/mozilla-aurora/.mozconfig:
0:01.38 MOZ_OBJDIR=/Users/msamuel/Projects/mozilla-source/mozilla-aurora/obj-x86_64-apple-darwin12.4.0
0:01.38 OBJDIR=/Users/msamuel/Projects/mozilla-source/mozilla-aurora/obj-x86_64-apple-darwin12.4.0
0:01.38 FOUND_MOZCONFIG=/Users/msamuel/Projects/mozilla-source/mozilla-aurora/.mozconfig
0:02.42 From dist/sdk: Kept 0 existing; Added/updated 0; Removed 0 file and 0 directories.
0:02.42 From dist/public: Kept 0 existing; Added/updated 0; Removed 0 file and 0 directories.
0:02.43 From dist/branding: Kept 5 existing; Added/updated 0; Removed 0 file and 0 directories.
0:02.43 From dist/private: Kept 0 existing; Added/updated 0; Removed 0 file and 0 directories.
0:02.43 From dist/xpi-stage: Kept 2 existing; Added/updated 0; Removed 0 file and 0 directories.
0:02.47 From dist/bin: Kept 281 existing; Added/updated 0; Removed 1 file and 0 directories.
0:02.75 From dist/idl: Kept 1123 existing; Added/updated 0; Removed 0 file and 0 directories.
0:03.34 From dist/include: Kept 4713 existing; Added/updated 0; Removed 0 file and 0 directories.
0:15.09 Traceback (most recent call last):
0:15.09 File "/usr/local/Cellar/python/2.7.10/Frameworks/Python.framework/Versions/2.7/lib/python2.7/runpy.py", line 162, in _run_module_as_main
0:15.09 "__main__", fname, loader, pkg_name)
0:15.09 File "/usr/local/Cellar/python/2.7.10/Frameworks/Python.framework/Versions/2.7/lib/python2.7/runpy.py", line 72, in _run_code
0:15.09 exec code in run_globals
0:15.09 File "/Users/msamuel/Projects/mozilla-source/mozilla-aurora/python/mozbuild/mozbuild/action/process_install_manifest.py", line 60, in <module>
0:15.09 main(sys.argv[1:])
0:15.09 File "/Users/msamuel/Projects/mozilla-source/mozilla-aurora/python/mozbuild/mozbuild/action/process_install_manifest.py", line 51, in main
0:15.09 remove_empty_directories=not args.no_remove_empty_directories)
0:15.09 File "/Users/msamuel/Projects/mozilla-source/mozilla-aurora/python/mozbuild/mozbuild/action/process_install_manifest.py", line 30, in process_manifest
0:15.09 remove_empty_directories=remove_empty_directories)
0:15.09 File "/Users/msamuel/Projects/mozilla-source/mozilla-aurora/python/mozbuild/mozpack/copier.py", line 323, in copy
0:15.09 if f.copy(destfile, skip_if_older):
0:15.09 File "/Users/msamuel/Projects/mozilla-source/mozilla-aurora/python/mozbuild/mozpack/files.py", line 309, in copy
0:15.09 raise ErrorMessage('Symlink target path doe not exist: %s' % self.path)
0:15.09 mozpack.errors.ErrorMessage: Symlink target path doe not exist: /Users/msamuel/Projects/mozilla-source/mozilla-aurora/webapprt/test/chrome/TestApp.app/Contents/Info.plist
0:15.18 make[3]: *** [install-_tests] Error 1
0:15.18 make[2]: *** [default] Error 2
0:15.18 make[1]: *** [realbuild] Error 2
0:15.18 make: *** [build] Error 2
0:15.21 0 compiler warning present.


A couple of changeset suspects:
https://hg.mozilla.org/releases/mozilla-aurora/rev/9110fe02f095
https://hg.mozilla.org/releases/mozilla-aurora/rev/91c53b279514
