Intermittent browser_webconsole_bug_595934_message_categories.js | Test timed out followed by failure to give up and stop running
http://tinderbox.mozilla.org/showlog.cgi?log=Firefox/1292991356.1292994269.23272.gz
Rev3 MacOSX Snow Leopard 10.6.2 mozilla-central debug test mochitest-other on 2010/12/21 20:15:56
s: talos-r3-snow-046

TEST-PASS | chrome://mochitests/content/browser/toolkit/components/console/hudservice/tests/browser/browser_webconsole_bug_595934_message_categories.js | test #16: message found 'getSelection'
++DOMWINDOW == 221 (0x142d44268) [serial = 3750] [outer = 0x139900a50]
TEST-UNEXPECTED-FAIL | chrome://mochitests/content/browser/toolkit/components/console/hudservice/tests/browser/browser_webconsole_bug_595934_message_categories.js | Test timed out

*** This is where you want to have called registerCleanupFunction() at the start of your test, passing it the name of the function where you remove all your observer and clean up, both when you call it when you finish normally and when the harness call it when you time out. ***

INFO TEST-END | chrome://mochitests/content/browser/toolkit/components/console/hudservice/tests/browser/browser_webconsole_bug_595934_message_categories.js | finished in 31341ms
TEST-INFO | checking window state
TEST-INFO | before wait for focus -- loaded: complete active window: ([object ChromeWindow @ 0x10cf80c50 (native @ 0x10cf7d5c8)]) chrome://browser/content/browser.xul focused window: ([object XrayWrapper [object Window @ 0x140e37020 (native @ 0x13fdbcce8)]]) about:blank desired window: ([object ChromeWindow @ 0x10cf80c50 (native @ 0x10cf7d5c8)]) chrome://browser/content/browser.xul child window: ([object XrayWrapper [object Window @ 0x140e37020 (native @ 0x13fdbcce8)]]) about:blank docshell visible: true
TEST-INFO | already focused
TEST-INFO | maybe run test <load:true, focus:true> -- loaded: complete active window: ([object ChromeWindow @ 0x10cf80c50 (native @ 0x10cf7d5c8)]) chrome://browser/content/browser.xul focused window: ([object XrayWrapper [object Window @ 0x140e37020 (native @ 0x13fdbcce8)]]) about:blank desired window: ([object ChromeWindow @ 0x10cf80c50 (native @ 0x10cf7d5c8)]) chrome://browser/content/browser.xul child window: ([object XrayWrapper [object Window @ 0x140e37020 (native @ 0x13fdbcce8)]]) about:blank docshell visible: true
TEST-PASS | chrome://mochitests/content/browser/toolkit/components/console/hudservice/tests/browser/browser_webconsole_bug_595934_message_categories.js | test #17: error category 'Image'

*** so you don't go passing inside someone else's test

TEST-INFO | chrome://mochitests/content/browser/toolkit/components/console/hudservice/tests/browser/browser_webconsole_bug_595934_message_categories.js | Console message: [JavaScript Error: "Image corrupt or truncated: http://example.com/browser/toolkit/components/console/hudservice/tests/browser/test-bug-595934-image.jpg" {file: "http://example.com/browser/toolkit/components/console/hudservice/tests/browser/test-bug-595934-image.jpg" line: 0}]
************************************************************
* Call to xpconnect wrapped JSObject produced this error: *
[Exception... "Component returned failure code: 0x80004002 (NS_NOINTERFACE) [nsIInterfaceRequestor.getInterface]" nsresult: "0x80004002 (NS_NOINTERFACE)" location: "JS frame :: resource:///modules/HUDService.jsm :: ConsoleUtils_getParents :: line 5053" data: no]
************************************************************
WARNING: Overflowed nscoord_MAX in conversion to nscoord: file ../../dist/include/nsCoord.h, line 359
TEST-START | chrome://mochitests/content/browser/toolkit/components/console/hudservice/tests/browser/browser_webconsole_bug_597103_deactivateHUDForContext_unfocused_window.js
JS Component Loader: WARNING chrome://mochitests/content/browser/toolkit/components/console/hudservice/tests/browser/head.js:54
anonymous function doe not always return a value
TEST-UNEXPECTED-FAIL | chrome://mochitests/content/browser/toolkit/components/console/hudservice/tests/browser/browser_webconsole_bug_595934_message_categories.js | test #17: error category 'Image' - Got chrome javascript, expected Image

*** or failing when it's someone else's test you're observing
