Intermittent browser_248970_a.js | Test timed out
There were some of these mixed into bug 509668, but apparently there haven't been any non-ignored one for quite a while.

http://tinderbox.mozilla.org/showlog.cgi?log=Places/1295047932.1295049458.3964.gz#err5
Rev3 WINNT 5.1 place opt test mochitest-other on 2011/01/14 15:32:12
s: talos-r3-xp-020

TEST-START | chrome://mochitests/content/browser/browser/components/sessionstore/test/browser/browser_248970_a.js
TEST-PASS | chrome://mochitests/content/browser/browser/components/sessionstore/test/browser/browser_248970_a.js | file should be created after setting interval to 0
TEST-INFO | chrome://mochitests/content/browser/browser/components/sessionstore/test/browser/browser_248970_a.js | Console message: [JavaScript Error: "uncaught exception: [Exception... "Component returned failure code: 0x80004005 (NS_ERROR_FAILURE) [nsIFile.remove]" nsresult: "0x80004005 (NS_ERROR_FAILURE)" location: "JS frame :: chrome://mochitests/content/browser/browser/components/sessionstore/test/browser/browser_248970_a.js :: <TOP_LEVEL> :: line 96" data: no]"]
TEST-UNEXPECTED-FAIL | chrome://mochitests/content/browser/browser/components/sessionstore/test/browser/browser_248970_a.js | Test timed out
INFO TEST-END | chrome://mochitests/content/browser/browser/components/sessionstore/test/browser/browser_248970_a.js | finished in 29993ms
TEST-UNEXPECTED-FAIL | chrome://mochitests/content/browser/browser/components/sessionstore/test/browser/browser_248970_a.js | Found a tab after previous test timed out: http://example.org/
