Intermittent browser_447951.js | an unexpected uncaught JS exception reported through window.onerror - NS_ERROR_FAILURE: Failure at chrome://browser/content/browser.js:3871
Rev3 Fedora 12x64 profiling opt test mochitest-other on 2012-05-10 13:10:51 PDT for push baffbf564554

slave: talos-r3-fed64-015

https://tbpl.mozilla.org/php/getParsedLog.php?id=11653660&tree=Profiling

{
TEST-START | chrome://mochitests/content/browser/browser/components/sessionstore/test/browser_447951.js
TEST-INFO | chrome://mochitests/content/browser/browser/components/sessionstore/test/browser_447951.js | Console message: [JavaScript Error: "The character encoding of the HTML document wa not declared. The document will render with garbled text in some browser configuration if the document contains character from outside the US-ASCII range. The character encoding of the page must to be declared in the document or in the transfer protocol." {file: "http://mochi.test:8888/browser/browser/components/sessionstore/test/browser_447951_sample.html#49" line: 0}]
TEST-PASS | chrome://mochitests/content/browser/browser/components/sessionstore/test/browser_447951.js | session history filled to the limit
TEST-PASS | chrome://mochitests/content/browser/browser/components/sessionstore/test/browser_447951.js | ... but not more
TEST-PASS | chrome://mochitests/content/browser/browser/components/sessionstore/test/browser_447951.js | the new anchor wa loaded
TEST-PASS | chrome://mochitests/content/browser/browser/components/sessionstore/test/browser_447951.js | ... and ignored
TEST-PASS | chrome://mochitests/content/browser/browser/components/sessionstore/test/browser_447951.js | ... and the first item wa removed
TEST-UNEXPECTED-FAIL | chrome://mochitests/content/browser/browser/components/sessionstore/test/browser_447951.js | an unexpected uncaught JS exception reported through window.onerror - NS_ERROR_FAILURE: Failure at chrome://browser/content/browser.js:3871
Stack trace:
JS frame :: chrome://mochikit/content/tests/SimpleTest/SimpleTest.js :: simpletestOnerror :: line 983
native frame :: <unknown filename> :: <TOP_LEVEL> :: line 0
native frame :: <unknown filename> :: <TOP_LEVEL> :: line 0

INFO TEST-END | chrome://mochitests/content/browser/browser/components/sessionstore/test/browser_447951.js | finished in 359ms
TEST-INFO | checking window state
TEST-INFO | chrome://mochitests/content/browser/browser/components/sessionstore/test/browser_447951.js | Console message: [JavaScript Error: "NS_ERROR_FAILURE: Failure" {file: "chrome://browser/content/browser.js" line: 3871}]
}
