Intermittent browser_0_library_left_pane_migration.js | Exception: "Component returned failure code: 0x80004005 (NS_ERROR_FAILURE) [nsIDOMJSWindow.openDialog]" nsresult: "0x80004005 (NS_ERROR_FAILURE)" (and more)
Rev3 MacOSX Leopard 10.5.8 mozilla-inbound debug test mochitest-other on 2012-06-26 11:18:21 PDT for push 2efe5f77b952

slave: talos-r3-leopard-019

https://tbpl.mozilla.org/php/getParsedLog.php?id=13009329&tree=Mozilla-Inbound

{
TEST-PASS | chrome://mochitests/content/browser/browser/components/places/tests/browser/browser_0_library_left_pane_migration.js | Left pane version correctly set
WARNING: NS_ENSURE_SUCCESS(rv, rv) failed with result 0x80004005: file ../../../dom/base/nsGlobalWindow.cpp, line 8760
TEST-UNEXPECTED-FAIL | chrome://mochitests/content/browser/browser/components/places/tests/browser/browser_0_library_left_pane_migration.js | Exception thrown - [Exception... "Component returned failure code: 0x80004005 (NS_ERROR_FAILURE) [nsIDOMJSWindow.openDialog]" nsresult: "0x80004005 (NS_ERROR_FAILURE)" location: "JS frame :: chrome://mochitests/content/browser/browser/components/places/tests/browser/head.js :: openLibrary :: line 24" data: no]
INFO TEST-END | chrome://mochitests/content/browser/browser/components/places/tests/browser/browser_0_library_left_pane_migration.js | finished in 33ms
TEST-INFO | checking window state
TEST-START | chrome://mochitests/content/browser/browser/components/places/tests/browser/browser_410196_paste_into_tags.js
WARNING: NS_ENSURE_SUCCESS(rv, rv) failed with result 0x80004005: file ../../../dom/base/nsGlobalWindow.cpp, line 8760
TEST-UNEXPECTED-FAIL | chrome://mochitests/content/browser/browser/components/places/tests/browser/browser_410196_paste_into_tags.js | Exception thrown - [Exception... "Component returned failure code: 0x80004005 (NS_ERROR_FAILURE) [nsIDOMJSWindow.openDialog]" nsresult: "0x80004005 (NS_ERROR_FAILURE)" location: "JS frame :: chrome://mochitests/content/browser/browser/components/places/tests/browser/head.js :: openLibrary :: line 24" data: no]
INFO TEST-END | chrome://mochitests/content/browser/browser/components/places/tests/browser/browser_410196_paste_into_tags.js | finished in 10ms
TEST-INFO | checking window state
TEST-START | chrome://mochitests/content/browser/browser/components/places/tests/browser/browser_416459_cut.js
WARNING: NS_ENSURE_SUCCESS(rv, rv) failed with result 0x80004005: file ../../../dom/base/nsGlobalWindow.cpp, line 8760
TEST-UNEXPECTED-FAIL | chrome://mochitests/content/browser/browser/components/places/tests/browser/browser_416459_cut.js | Exception thrown - [Exception... "Component returned failure code: 0x80004005 (NS_ERROR_FAILURE) [nsIDOMJSWindow.openDialog]" nsresult: "0x80004005 (NS_ERROR_FAILURE)" location: "JS frame :: chrome://mochitests/content/browser/browser/components/places/tests/browser/head.js :: openLibrary :: line 24" data: no]
INFO TEST-END | chrome://mochitests/content/browser/browser/components/places/tests/browser/browser_416459_cut.js | finished in 11ms
}
