Intermittent browser_webconsole_bug_595223_file_uri.js | Exception... "Component returned failure code: 0x80004005 (NS_ERROR_FAILURE) [nsIZipReader.open]" location: "JS frame :: chrome://mochikit/content/chrome-harness.js :: extractJarToTmp :: line 269"
Rev3 Fedora 12 mozilla-aurora pgo test mochitest-other on 2012-08-02 05:41:57 PDT for push e670dfc55dc8

slave: talos-r3-fed-034

https://tbpl.mozilla.org/php/getParsedLog.php?id=14067263&tree=Mozilla-Aurora#error5

{
TEST-START | chrome://mochitests/content/browser/browser/devtools/webconsole/test/browser_webconsole_bug_595223_file_uri.js
TEST-UNEXPECTED-FAIL | chrome://mochitests/content/browser/browser/devtools/webconsole/test/browser_webconsole_bug_595223_file_uri.js | Exception thrown - [Exception... "Component returned failure code: 0x80004005 (NS_ERROR_FAILURE) [nsIZipReader.open]" nsresult: "0x80004005 (NS_ERROR_FAILURE)" location: "JS frame :: chrome://mochikit/content/chrome-harness.js :: extractJarToTmp :: line 269" data: no]
INFO TEST-END | chrome://mochitests/content/browser/browser/devtools/webconsole/test/browser_webconsole_bug_595223_file_uri.js | finished in 6ms
}

...

{
TEST-UNEXPECTED-FAIL | chrome://mochitests/content/browser/browser/devtools/webconsole/test/browser_webconsole_bug_595934_message_categories.js | Timed out while waiting for: test #15 succesful finish
Stack trace:
JS frame :: chrome://mochitests/content/browser/browser/devtools/webconsole/test/head.js :: wait :: line 242
JS frame :: chrome://mochitests/content/browser/browser/devtools/webconsole/test/head.js :: <TOP_LEVEL> :: line 252
native frame :: <unknown filename> :: <TOP_LEVEL> :: line 0
}

...

{
TEST-UNEXPECTED-FAIL | chrome://mochitests/content/browser/browser/devtools/webconsole/test/browser_webconsole_bug_737873_mixedcontent.js | Timed out while waiting for: mixed content warning displayed successfully
Stack trace:
JS frame :: chrome://mochitests/content/browser/browser/devtools/webconsole/test/head.js :: wait :: line 242
JS frame :: chrome://mochitests/content/browser/browser/devtools/webconsole/test/head.js :: <TOP_LEVEL> :: line 252
native frame :: <unknown filename> :: <TOP_LEVEL> :: line 0
}
