Intermittent browser_bug491431.js browser_privatebrowsing_windowtitle.js browser_bug565575.js browser_privatebrowsing_cookieacceptdialog.js browser_homeDrop.js browser_bug477014.js | NS_ERROR_FAILURE: Failure at chrome://browser/content/browser.js:6369
Rev3 Fedora 12 mozilla-inbound opt test mochitest-other on 2012-08-05 06:09:26 PDT for push b5b5fb7f05f2

slave: talos-r3-fed-025

https://tbpl.mozilla.org/php/getParsedLog.php?id=14143102&tree=Mozilla-Inbound

{
TEST-START | chrome://mochitests/content/browser/browser/base/content/test/browser_bug491431.js
TEST-PASS | chrome://mochitests/content/browser/browser/base/content/test/browser_bug491431.js | This wa a normal tab close
TEST-INFO | chrome://mochitests/content/browser/browser/base/content/test/browser_bug491431.js | Console message: [JavaScript Error: "The character encoding of the plain text document wa not declared. The document will render with garbled text in some browser configuration if the document contains character from outside the US-ASCII range. The character encoding of the file need to be declared in the transfer protocol or file need to use a byte order mark a an encoding signature." {file: "data:text/plain,test%20bug%20491431%20Page" line: 0}]
TEST-PASS | chrome://mochitests/content/browser/browser/base/content/test/browser_bug491431.js | This wa a tab closed by moving
TEST-UNEXPECTED-FAIL | chrome://mochitests/content/browser/browser/base/content/test/browser_bug491431.js | an unexpected uncaught JS exception reported through window.onerror - NS_ERROR_FAILURE: Failure arg 0 [nsIDOMPageTransitionEvent.originalTarget] at chrome://browser/content/browser.js:6341
Stack trace:
JS frame :: chrome://mochikit/content/tests/SimpleTest/SimpleTest.js :: simpletestOnerror :: line 994
native frame :: <unknown filename> :: <TOP_LEVEL> :: line 0
native frame :: <unknown filename> :: <TOP_LEVEL> :: line 0

TEST-INFO | chrome://mochitests/content/browser/browser/base/content/test/browser_bug491431.js | Console message: [JavaScript Error: "NS_ERROR_FAILURE: Failure arg 0 [nsIDOMPageTransitionEvent.originalTarget]" {file: "chrome://browser/content/browser.js" line: 6341}]
INFO TEST-END | chrome://mochitests/content/browser/browser/base/content/test/browser_bug491431.js | finished in 542ms
}
