Intermittent browser_350525.js, browser_bug734076.js | uncaught JS exception - NS_ERROR_FAILURE: Failure arg 0 [nsIDOMXULDocument.popupNode] at chrome://browser/content/places/controller.js:1637
Rev4 MacOSX Lion 10.7 mozilla-inbound opt test mochitest-other on 2012-08-15 21:34:22 PDT for push 418b5cbc7cd9

slave: talos-r4-lion-018

https://tbpl.mozilla.org/php/getParsedLog.php?id=14425279&tree=Mozilla-Inbound

{
TEST-START | chrome://mochitests/content/browser/browser/components/sessionstore/test/browser_350525.js
TEST-PASS | chrome://mochitests/content/browser/browser/components/sessionstore/test/browser_350525.js | set a window value
TEST-PASS | chrome://mochitests/content/browser/browser/components/sessionstore/test/browser_350525.js | stored window value match original
TEST-PASS | chrome://mochitests/content/browser/browser/components/sessionstore/test/browser_350525.js | delete the window value
TEST-PASS | chrome://mochitests/content/browser/browser/components/sessionstore/test/browser_350525.js | window value wa deleted
TEST-PASS | chrome://mochitests/content/browser/browser/components/sessionstore/test/browser_350525.js | delete non-existent window value
TEST-PASS | chrome://mochitests/content/browser/browser/components/sessionstore/test/browser_350525.js | store a tab value
TEST-PASS | chrome://mochitests/content/browser/browser/components/sessionstore/test/browser_350525.js | stored tab value match original
TEST-PASS | chrome://mochitests/content/browser/browser/components/sessionstore/test/browser_350525.js | delete the tab value
TEST-PASS | chrome://mochitests/content/browser/browser/components/sessionstore/test/browser_350525.js | tab value wa deleted
TEST-PASS | chrome://mochitests/content/browser/browser/components/sessionstore/test/browser_350525.js | delete non-existent tab value
TEST-PASS | chrome://mochitests/content/browser/browser/components/sessionstore/test/browser_350525.js | getClosedTabCount return zero or at most max_tabs_undo
TEST-PASS | chrome://mochitests/content/browser/browser/components/sessionstore/test/browser_350525.js | after closing a tab, getClosedTabCount ha been incremented
TEST-PASS | chrome://mochitests/content/browser/browser/components/sessionstore/test/browser_350525.js | undoCloseTab doesn't throw
TEST-PASS | chrome://mochitests/content/browser/browser/components/sessionstore/test/browser_350525.js | correct tab wa reopened
TEST-UNEXPECTED-FAIL | chrome://mochitests/content/browser/browser/components/sessionstore/test/browser_350525.js | an unexpected uncaught JS exception reported through window.onerror - NS_ERROR_FAILURE: Failure arg 0 [nsIDOMXULDocument.popupNode] at chrome://browser/content/places/controller.js:1637
Stack trace:
JS frame :: chrome://mochikit/content/tests/SimpleTest/SimpleTest.js :: simpletestOnerror :: line 994
native frame :: <unknown filename> :: <TOP_LEVEL> :: line 0

TEST-INFO | chrome://mochitests/content/browser/browser/components/sessionstore/test/browser_350525.js | Console message: [JavaScript Error: "NS_ERROR_FAILURE: Failure arg 0 [nsIDOMXULDocument.popupNode]" {file: "chrome://browser/content/places/controller.js" line: 1637}]
INFO TEST-END | chrome://mochitests/content/browser/browser/components/sessionstore/test/browser_350525.js | finished in 672ms
}
