Intermittent browser_586068-cascaded_restore.js | uncaught JS exception - NS_ERROR_FAILURE: Failure at chrome://browser/content/browser.js:4567
Rev4 MacOSX Snow Leopard 10.6 mozilla-inbound debug test mochitest-other on 2012-09-05 19:20:23 PDT for push 35e518505ef2

slave: talos-r4-snow-047

https://tbpl.mozilla.org/php/getParsedLog.php?id=15002207&tree=Mozilla-Inbound

{
TEST-INFO | chrome://mochitests/content/browser/browser/components/sessionstore/test/browser_586068-cascaded_restore.js | Console message: [JavaScript Error: "The character encoding of the HTML document wa not declared. The document will render with garbled text in some browser configuration if the document contains character from outside the US-ASCII range. The character encoding of the page must be declared in the document or in the transfer protocol." {file: "http://example.org/#5" line: 0}]
TEST-PASS | chrome://mochitests/content/browser/browser/components/sessionstore/test/browser_586068-cascaded_restore.js | test_restore_apptabs_ondemand: load came from selected tab
WARNING: NS_ENSURE_TRUE(imageSize.width > 0 && imageSize.height > 0) failed: file ../../../layout/base/nsLayoutUtils.cpp, line 3848
TEST-UNEXPECTED-FAIL | chrome://mochitests/content/browser/browser/components/sessionstore/test/browser_586068-cascaded_restore.js | an unexpected uncaught JS exception reported through window.onerror - NS_ERROR_FAILURE: Failure at chrome://browser/content/browser.js:4567
Stack trace:
JS frame :: chrome://mochikit/content/tests/SimpleTest/SimpleTest.js :: simpletestOnerror :: line 980

JavaScript error: chrome://browser/content/browser.js, line 4567: NS_ERROR_FAILURE: Failure
TEST-INFO | chrome://mochitests/content/browser/browser/components/sessionstore/test/browser_586068-cascaded_restore.js | Console message: [JavaScript Error: "NS_ERROR_FAILURE: Failure" {file: "chrome://browser/content/browser.js" line: 4567}]
WARNING: NS_ENSURE_TRUE(mMutable) failed: file ../../../../netwerk/base/src/nsSimpleURI.cpp, line 273
WARNING: NS_ENSURE_TRUE(mMutable) failed: file ../../../../netwerk/base/src/nsSimpleURI.cpp, line 273
++DOMWINDOW == 34 (0x14b645890) [serial = 4161] [outer = 0x14e88d1b0]
WARNING: NS_ENSURE_TRUE(mMutable) failed: file ../../../../netwerk/base/src/nsSimpleURI.cpp, line 273
WARNING: NS_ENSURE_TRUE(mMutable) failed: file ../../../../netwerk/base/src/nsSimpleURI.cpp, line 273
INFO TEST-END | chrome://mochitests/content/browser/browser/components/sessionstore/test/browser_586068-cascaded_restore.js | finished in 42115ms
}
