Intermittent TEST-UNEXPECTED-FAIL | browser_console_dead_objects.js | Test timed out | leaked window property: foobarzTezt | Found a devtools:webconsole after previous test timed out
https://tbpl.mozilla.org/php/getParsedLog.php?id=33552695&tree=Fx-Team#error0
slave: talos-r4-snow-155






15:57:48 INFO - INFO TEST-END | chrome://mochitests/content/browser/browser/devtools/webconsole/test/browser_console_consolejsm_output.js | finished in 1196ms
15:57:48 INFO - TEST-INFO | checking window state
15:57:48 INFO - TEST-START | chrome://mochitests/content/browser/browser/devtools/webconsole/test/browser_console_dead_objects.js
15:57:48 INFO - TEST-INFO | chrome://mochitests/content/browser/browser/devtools/webconsole/test/browser_console_dead_objects.js | open the browser console
15:57:49 INFO - TEST-INFO | chrome://mochitests/content/browser/browser/devtools/webconsole/test/browser_console_dead_objects.js | Console message: OpenGL compositor Initialized Succesfully.
15:57:49 INFO - Version: 2.1 NVIDIA-1.6.36
15:57:49 INFO - Vendor: NVIDIA Corporation
15:57:49 INFO - Renderer: NVIDIA GeForce 320M OpenGL Engine
15:57:49 INFO - FBO Texture Target: TEXTURE_2D
15:57:49 INFO - TEST-PASS | chrome://mochitests/content/browser/browser/devtools/webconsole/test/browser_console_dead_objects.js | browser console opened
15:57:49 INFO - TEST-INFO | chrome://mochitests/content/browser/browser/devtools/webconsole/test/browser_console_dead_objects.js | Console message: [JavaScript Error: "A promise chain failed to handle a rejection.
15:57:49 INFO - Date: Fri Jan 24 2014 15:57:39 GMT-0800 (PST)
15:57:49 INFO - Full Message: Component returned failure code: 0x80004005 (NS_ERROR_FAILURE) [nsIDOMWindowUtils.sendKeyEvent]
15:57:49 INFO - Full Stack: JS frame :: chrome://mochikit/content/tests/SimpleTest/specialpowersAPI.js :: doApply :: line 95
15:57:49 INFO - JS frame :: chrome://mochikit/content/tests/SimpleTest/specialpowersAPI.js :: wrapPrivileged/callTrap :: line 118
15:57:49 INFO - JS frame :: chrome://mochikit/content/tests/SimpleTest/EventUtils.js :: synthesizeKey :: line 565
15:57:49 INFO - JS frame :: chrome://mochitests/content/browser/browser/devtools/webconsole/test/browser_bug_865871_variables_view_close_on_esc_key.js :: onTestPropFound :: line 66
15:57:49 INFO - JS frame :: resource://gre/modules/Promise.jsm :: Handler.prototype.process :: line 767
15:57:49 INFO - JS frame :: resource://gre/modules/Promise.jsm :: this.PromiseWalker.walkerLoop :: line 531
15:57:49 INFO - native frame :: <unknown filename> :: <TOP_LEVEL> :: line 0" {file: "chrome://mochikit/content/tests/SimpleTest/specialpowersAPI.js" line: 95 column: 0 source: "95"}]
15:57:49 INFO - TEST-INFO | chrome://mochitests/content/browser/browser/devtools/webconsole/test/browser_console_dead_objects.js | Console message: [JavaScript Error: "A promise chain failed to handle a rejection.
15:57:49 INFO - Date: Fri Jan 24 2014 15:57:41 GMT-0800 (PST)
15:57:49 INFO - Full Message: Component returned failure code: 0x80004005 (NS_ERROR_FAILURE) [nsIDOMWindowUtils.sendKeyEvent]
15:57:49 INFO - Full Stack: JS frame :: chrome://mochikit/content/tests/SimpleTest/specialpowersAPI.js :: doApply :: line 95
15:57:49 INFO - JS frame :: chrome://mochikit/content/tests/SimpleTest/specialpowersAPI.js :: wrapPrivileged/callTrap :: line 118
15:57:49 INFO - JS frame :: chrome://mochikit/content/tests/SimpleTest/EventUtils.js :: synthesizeKey :: line 565
15:57:49 INFO - JS frame :: chrome://mochitests/content/browser/browser/devtools/webconsole/test/browser_bug_865871_variables_view_close_on_esc_key.js :: onFooFound :: line 101
15:57:49 INFO - JS frame :: resource://gre/modules/Promise.jsm :: Handler.prototype.process :: line 767
15:57:49 INFO - JS frame :: resource://gre/modules/Promise.jsm :: this.PromiseWalker.walkerLoop :: line 531
15:57:49 INFO - native frame :: <unknown filename> :: <TOP_LEVEL> :: line 0" {file: "chrome://mochikit/content/tests/SimpleTest/specialpowersAPI.js" line: 95 column: 0 source: "95"}]
15:57:49 INFO - TEST-PASS | chrome://mochitests/content/browser/browser/devtools/webconsole/test/browser_console_dead_objects.js | dead object found
15:57:49 INFO - TEST-PASS | chrome://mochitests/content/browser/browser/devtools/webconsole/test/browser_console_dead_objects.js | 'cannot access dead object' message found
15:57:49 INFO - TEST-PASS | chrome://mochitests/content/browser/browser/devtools/webconsole/test/browser_console_dead_objects.js | clickable object found
15:57:49 INFO - TEST-PASS | chrome://mochitests/content/browser/browser/devtools/webconsole/test/browser_console_dead_objects.js | message text check
15:58:19 WARNING - TEST-UNEXPECTED-FAIL | chrome://mochitests/content/browser/browser/devtools/webconsole/test/browser_console_dead_objects.js | Test timed out
15:58:19 WARNING - TEST-UNEXPECTED-FAIL | chrome://mochitests/content/browser/browser/devtools/webconsole/test/browser_console_dead_objects.js | leaked window property: foobarzTezt
15:58:19 INFO - TEST-INFO | MEMORY STAT vsize after test: 4313329664
15:58:19 INFO - TEST-INFO | MEMORY STAT residentFast after test: 807301120
15:58:19 INFO - TEST-INFO | MEMORY STAT heapAllocated after test: 192563432
15:58:19 INFO - INFO TEST-END | chrome://mochitests/content/browser/browser/devtools/webconsole/test/browser_console_dead_objects.js | finished in 30052ms
15:58:19 INFO - TEST-INFO | checking window state
15:58:19 WARNING - TEST-UNEXPECTED-FAIL | chrome://mochitests/content/browser/browser/devtools/webconsole/test/browser_console_dead_objects.js | Found a devtools:webconsole after previous test timed out
15:58:19 INFO - TEST-INFO | chrome://mochitests/content/browser/browser/devtools/webconsole/test/browser_console_dead_objects.js | must wait for focus
15:58:19 INFO - TEST-START | chrome://mochitests/content/browser/browser/devtools/webconsole/test/browser_console_error_source_click.js
