Intermittent test_process_error.xul | Test timed out.
15:36:12 INFO - 976 INFO TEST-START | dom/ipc/tests/test_process_error.xul
15:36:20 INFO - 2015-04-16 15:36:20: stackwalker.cc:125: INFO: Couldn't load symbols for: /usr/lib/libSystem.B.dylib|9AB4F1D189DC0E8ADC8EA4FE4D69DB690
15:36:20 INFO - 2015-04-16 15:36:20: basic_code_modules.cc:88: INFO: No module at 0x66ea440
15:36:20 INFO - 2015-04-16 15:36:20: basic_code_modules.cc:88: INFO: No module at 0x0
15:36:20 INFO - 2015-04-16 15:36:20: basic_code_modules.cc:88: INFO: No module at 0x0
15:36:20 INFO - 2015-04-16 15:36:20: basic_code_modules.cc:88: INFO: No module at 0x0
15:36:20 INFO - 2015-04-16 15:36:20: basic_code_modules.cc:88: INFO: No module at 0x1273abc48
15:36:20 INFO - 2015-04-16 15:36:20: basic_code_modules.cc:88: INFO: No module at 0x0
15:36:20 INFO - 2015-04-16 15:36:20: basic_code_modules.cc:88: INFO: No module at 0x0
15:36:20 INFO - 2015-04-16 15:36:20: basic_code_modules.cc:88: INFO: No module at 0x19b190c290ec70d0
15:36:20 INFO - 2015-04-16 15:36:20: basic_code_modules.cc:88: INFO: No module at 0xffffffff
15:36:20 INFO - 2015-04-16 15:36:20: basic_code_modules.cc:88: INFO: No module at 0x120f6bae0
15:36:20 INFO - 2015-04-16 15:36:20: basic_code_modules.cc:88: INFO: No module at 0x127a6af80
15:36:20 INFO - 2015-04-16 15:36:20: basic_code_modules.cc:88: INFO: No module at 0x1273abc40
15:36:20 INFO - 2015-04-16 15:36:20: basic_code_modules.cc:88: INFO: No module at 0x10032b1a0
15:36:20 INFO - 2015-04-16 15:36:20: basic_code_modules.cc:88: INFO: No module at 0x7fff5fbfc260
15:36:20 INFO - 2015-04-16 15:36:20: stackwalker.cc:125: INFO: Couldn't load symbols for: /builds/slave/test/build/application/Nightly.app/Contents/MacOS/libnss3.dylib|6BF7E28B1C85341B89C8031ECA5701C50
15:36:20 INFO - 2015-04-16 15:36:20: basic_code_modules.cc:88: INFO: No module at 0x10030cf40
15:36:20 INFO - 2015-04-16 15:36:20: basic_code_modules.cc:88: INFO: No module at 0x127a6af80
15:36:20 INFO - 2015-04-16 15:36:20: basic_code_modules.cc:88: INFO: No module at 0x120f6bae0
15:36:20 INFO - 2015-04-16 15:36:20: basic_code_modules.cc:88: INFO: No module at 0x0
15:36:20 INFO - 2015-04-16 15:36:20: basic_code_modules.cc:88: INFO: No module at 0x7fff5fbfc2f0
15:36:20 INFO - 2015-04-16 15:36:20: basic_code_modules.cc:88: INFO: No module at 0x1
15:36:20 INFO - 2015-04-16 15:36:20: basic_code_modules.cc:88: INFO: No module at 0x120f6bae0
15:36:20 INFO - 2015-04-16 15:36:20: basic_code_modules.cc:88: INFO: No module at 0x0
15:36:20 INFO - 2015-04-16 15:36:20: basic_code_modules.cc:88: INFO: No module at 0x7fff5fbfc2f0
15:36:20 INFO - 2015-04-16 15:36:20: basic_code_modules.cc:88: INFO: No module at 0x10b6dbd28
15:36:20 INFO - 2015-04-16 15:36:20: basic_code_modules.cc:88: INFO: No module at 0x7fff5fbfc2b0
15:36:20 INFO - 2015-04-16 15:36:20: stackwalker.cc:125: INFO: Couldn't load symbols for: /builds/slave/test/build/application/Nightly.app/Contents/MacOS/XUL|E2377806DAD836FF97348B32DED60BCD0
15:36:20 INFO - 2015-04-16 15:36:20: basic_code_modules.cc:88: INFO: No module at 0x22a3ab3f0
15:36:20 INFO - 2015-04-16 15:36:20: stackwalker.cc:125: INFO: Couldn't load symbols for: /builds/slave/test/build/application/Nightly.app/Contents/MacOS/firefox|F036D76FC5123A07842B368478C4DDAD0
15:36:20 INFO - 2015-04-16 15:36:20: basic_code_modules.cc:88: INFO: No module at 0x0
15:36:20 INFO - 2015-04-16 15:36:20: basic_code_modules.cc:88: INFO: No module at 0x0
15:36:20 INFO - 2015-04-16 15:36:20: basic_code_modules.cc:88: INFO: No module at 0x12a3ab000
15:36:20 INFO - 2015-04-16 15:36:20: basic_code_modules.cc:88: INFO: No module at 0x0
15:36:20 INFO - 2015-04-16 15:36:20: basic_code_modules.cc:88: INFO: No module at 0x7fff5fbfc400
15:36:20 INFO - 2015-04-16 15:36:20: basic_code_modules.cc:88: INFO: No module at 0x100334598
15:36:20 INFO - 2015-04-16 15:36:20: basic_code_modules.cc:88: INFO: No module at 0x1000
15:36:20 INFO - 2015-04-16 15:36:20: basic_code_modules.cc:88: INFO: No module at 0x1271348e0
15:36:20 INFO - 2015-04-16 15:36:20: basic_code_modules.cc:88: INFO: No module at 0x120f6bae0
15:36:20 INFO - 2015-04-16 15:36:20: basic_code_modules.cc:88: INFO: No module at 0x52107ce00
15:36:20 INFO - 2015-04-16 15:36:20: basic_code_modules.cc:88: INFO: No module at 0x7fff5fbfc328
15:36:20 INFO - 2015-04-16 15:36:20: basic_code_modules.cc:88: INFO: No module at 0x0
15:36:20 INFO - 2015-04-16 15:36:20: basic_code_modules.cc:88: INFO: No module at 0x0
15:36:20 INFO - 2015-04-16 15:36:20: basic_code_modules.cc:88: INFO: No module at 0x0
15:36:20 INFO - 2015-04-16 15:36:20: basic_code_modules.cc:88: INFO: No module at 0x1271348e0
15:36:20 INFO - 2015-04-16 15:36:20: basic_code_modules.cc:88: INFO: No module at 0x7fff5fbfc340
15:36:20 INFO - 2015-04-16 15:36:20: basic_code_modules.cc:88: INFO: No module at 0x1000
15:36:20 INFO - 2015-04-16 15:36:20: basic_code_modules.cc:88: INFO: No module at 0x0
15:36:20 INFO - 2015-04-16 15:36:20: basic_code_modules.cc:88: INFO: No module at 0x0
15:36:20 INFO - 2015-04-16 15:36:20: basic_code_modules.cc:88: INFO: No module at 0x0
15:36:20 INFO - 2015-04-16 15:36:20: basic_code_modules.cc:88: INFO: No module at 0x12145b000
15:36:20 INFO - 2015-04-16 15:36:20: basic_code_modules.cc:88: INFO: No module at 0x136e01428
15:36:20 INFO - 2015-04-16 15:36:20: basic_code_modules.cc:88: INFO: No module at 0x100201020
15:36:20 INFO - 2015-04-16 15:36:20: basic_code_modules.cc:88: INFO: No module at 0x7fff5fbfc370
15:36:20 INFO - 2015-04-16 15:36:20: basic_code_modules.cc:88: INFO: No module at 0x100201010
15:36:20 INFO - 2015-04-16 15:36:20: basic_code_modules.cc:88: INFO: No module at 0x12a300ea0
15:36:20 INFO - 2015-04-16 15:36:20: basic_code_modules.cc:88: INFO: No module at 0x100200040
15:36:20 INFO - 2015-04-16 15:36:20: basic_code_modules.cc:88: INFO: No module at 0x7fff5fbfc3b0
15:36:20 INFO - 2015-04-16 15:36:20: stackwalker.cc:125: INFO: Couldn't load symbols for: /builds/slave/test/build/application/Nightly.app/Contents/MacOS/libmozglue.dylib|27B9021676313746A9527B5E61339BEF0
15:36:20 INFO - 2015-04-16 15:36:20: basic_code_modules.cc:88: INFO: No module at 0x200000
15:36:20 INFO - 2015-04-16 15:36:20: basic_code_modules.cc:88: INFO: No module at 0x100200040
15:36:20 INFO - 2015-04-16 15:36:20: basic_code_modules.cc:88: INFO: No module at 0x0
15:36:20 INFO - 2015-04-16 15:36:20: basic_code_modules.cc:88: INFO: No module at 0x0
15:36:20 INFO - 2015-04-16 15:36:20: basic_code_modules.cc:88: INFO: No module at 0x4b0
15:36:20 INFO - 2015-04-16 15:36:20: basic_code_modules.cc:88: INFO: No module at 0x12151b198
15:36:20 INFO - 2015-04-16 15:36:20: basic_code_modules.cc:88: INFO: No module at 0x7fff5fbfc3e0
15:36:20 INFO - 2015-04-16 15:36:20: basic_code_modules.cc:88: INFO: No module at 0x10d1bb301
15:36:20 INFO - 2015-04-16 15:36:20: basic_code_modules.cc:88: INFO: No module at 0x4b0
15:36:20 INFO - 2015-04-16 15:36:20: basic_code_modules.cc:88: INFO: No module at 0x100334a00
15:36:20 INFO - 2015-04-16 15:36:20: basic_code_modules.cc:88: INFO: No module at 0x12a3ab000
15:36:20 INFO - 2015-04-16 15:36:20: basic_code_modules.cc:88: INFO: No module at 0x0
15:36:20 INFO - 2015-04-16 15:36:20: basic_code_modules.cc:88: INFO: No module at 0x0
15:36:20 INFO - 2015-04-16 15:36:20: basic_code_modules.cc:88: INFO: No module at 0x7fff5fbfc6a8
15:36:20 INFO - 2015-04-16 15:36:20: basic_code_modules.cc:88: INFO: No module at 0x12151b198
15:36:20 INFO - 2015-04-16 15:36:20: basic_code_modules.cc:88: INFO: No module at 0x7fff5fbfc450
15:36:20 INFO - 2015-04-16 15:36:20: basic_code_modules.cc:88: INFO: No module at 0x7fff00000000
15:36:20 INFO - 2015-04-16 15:36:20: basic_code_modules.cc:88: INFO: No module at 0x36bfd12
15:36:20 INFO - 2015-04-16 15:36:20: basic_code_modules.cc:88: INFO: No module at 0x0
15:36:20 INFO - 2015-04-16 15:36:20: basic_code_modules.cc:88: INFO: No module at 0x0
15:36:20 INFO - 2015-04-16 15:36:20: basic_code_modules.cc:88: INFO: No module at 0x7fff5fbfc7b0
15:36:20 INFO - 2015-04-16 15:36:20: basic_code_modules.cc:88: INFO: No module at 0x0
15:36:20 INFO - 2015-04-16 15:36:20: basic_code_modules.cc:88: INFO: No module at 0x12151b198
15:36:20 INFO - 2015-04-16 15:36:20: basic_code_modules.cc:88: INFO: No module at 0x7fff5fbfc700
15:36:20 INFO - 2015-04-16 15:36:20: basic_code_modules.cc:88: INFO: No module at 0x12cb50f60
15:36:20 INFO - 2015-04-16 15:36:20: basic_code_modules.cc:88: INFO: No module at 0x12716b8b0
15:36:20 INFO - 2015-04-16 15:36:20: basic_code_modules.cc:88: INFO: No module at 0x2cb50150
15:36:20 INFO - 2015-04-16 15:36:20: basic_code_modules.cc:88: INFO: No module at 0x12716b8b0
15:36:20 INFO - 2015-04-16 15:36:20: basic_code_modules.cc:88: INFO: No module at 0x7fff5fbfc5c0
15:36:20 INFO - 2015-04-16 15:36:20: basic_code_modules.cc:88: INFO: No module at 0x7fff5fbfc4c0
15:36:20 INFO - 2015-04-16 15:36:20: basic_code_modules.cc:88: INFO: No module at 0x12104a858
15:36:20 INFO - 2015-04-16 15:36:20: basic_code_modules.cc:88: INFO: No module at 0x7fff5fbfc560
15:36:20 INFO - 2015-04-16 15:36:20: basic_code_modules.cc:88: INFO: No module at 0x7fff5fbfc4c8
15:36:20 INFO - 2015-04-16 15:36:20: basic_code_modules.cc:88: INFO: No module at 0x7fff5fbfc5d8
15:36:20 INFO - 2015-04-16 15:36:20: basic_code_modules.cc:88: INFO: No module at 0x12104a450
15:36:20 INFO - 2015-04-16 15:36:20: basic_code_modules.cc:88: INFO: No module at 0x12104a450
15:36:20 INFO - 2015-04-16 15:36:20: basic_code_modules.cc:88: INFO: No module at 0x2
15:36:20 INFO - 2015-04-16 15:36:20: basic_code_modules.cc:88: INFO: No module at 0x106b86fb0
15:36:20 INFO - 2015-04-16 15:36:20: basic_code_modules.cc:88: INFO: No module at 0x7fff5fbfc520
15:36:20 INFO - 2015-04-16 15:36:20: basic_code_modules.cc:88: INFO: No module at 0x12cb50f60
15:36:20 INFO - 2015-04-16 15:36:20: basic_code_modules.cc:88: INFO: No module at 0x12716b8b0
15:36:20 INFO - 2015-04-16 15:36:20: basic_code_modules.cc:88: INFO: No module at 0x12cb50150
15:36:20 INFO - 2015-04-16 15:36:20: basic_code_modules.cc:88: INFO: No module at 0x7fff5fbfc6b0
15:36:20 INFO - 2015-04-16 15:36:20: basic_code_modules.cc:88: INFO: No module at 0x7fff5fbfc660
15:36:20 INFO - 2015-04-16 15:36:20: basic_code_modules.cc:88: INFO: No module at 0x12cb50f60
15:36:20 INFO - 2015-04-16 15:36:20: basic_code_modules.cc:88: INFO: No module at 0x12716b8b0
15:36:20 INFO - 2015-04-16 15:36:20: basic_code_modules.cc:88: INFO: No module at 0x12cb50150
15:36:20 INFO - 2015-04-16 15:36:20: basic_code_modules.cc:88: INFO: No module at 0x7fff5fbfc6f0
15:36:20 INFO - 2015-04-16 15:36:20: basic_code_modules.cc:88: INFO: No module at 0x7fff5fbfc678
15:36:20 INFO - 2015-04-16 15:36:20: basic_code_modules.cc:88: INFO: No module at 0xc0a862c
15:36:20 INFO - 2015-04-16 15:36:20: basic_code_modules.cc:88: INFO: No module at 0x12716b8b0
15:36:20 INFO - 2015-04-16 15:36:20: basic_code_modules.cc:88: INFO: No module at 0x7fff5fbfc5d8
15:36:20 INFO - 2015-04-16 15:36:20: basic_code_modules.cc:88: INFO: No module at 0x19b190c290ec70d0
15:36:20 INFO - 2015-04-16 15:36:20: basic_code_modules.cc:88: INFO: No module at 0x7fff5fbfc6e0
15:36:20 INFO - 2015-04-16 15:36:20: basic_code_modules.cc:88: INFO: No module at 0x121dd1980
15:36:20 INFO - 2015-04-16 15:36:20: basic_code_modules.cc:88: INFO: No module at 0x12716b8b0
15:36:20 INFO - 2015-04-16 15:36:20: basic_code_modules.cc:88: INFO: No module at 0x12716b8b0
15:36:20 INFO - 2015-04-16 15:36:20: basic_code_modules.cc:88: INFO: No module at 0x7fff5fbfc600
15:36:20 INFO - 2015-04-16 15:36:20: basic_code_modules.cc:88: INFO: No module at 0x7fff5fbfc610
15:36:20 INFO - 2015-04-16 15:36:20: basic_code_modules.cc:88: INFO: No module at 0x0
15:36:20 INFO - 2015-04-16 15:36:20: basic_code_modules.cc:88: INFO: No module at 0x7fff5fbfc6e0
15:36:20 INFO - 2015-04-16 15:36:20: basic_code_modules.cc:88: INFO: No module at 0xffffff00
15:36:20 INFO - 2015-04-16 15:36:20: basic_code_modules.cc:88: INFO: No module at 0x7fff5fbfc758
15:36:20 INFO - 2015-04-16 15:36:20: basic_code_modules.cc:88: INFO: No module at 0x12151b198
15:36:20 INFO - 2015-04-16 15:36:20: basic_code_modules.cc:88: INFO: No module at 0x7fff5fbfc620
15:36:20 INFO - 2015-04-16 15:36:20: basic_code_modules.cc:88: INFO: No module at 0xc0a862c
15:36:20 INFO - 2015-04-16 15:36:20: basic_code_modules.cc:88: INFO: No module at 0x12716b8b0
15:36:20 INFO - 2015-04-16 15:36:20: basic_code_modules.cc:88: INFO: No module at 0x7fff5fbfc678
15:36:20 INFO - 2015-04-16 15:36:20: basic_code_modules.cc:88: INFO: No module at 0x19b190c290ec70d0
15:36:20 INFO - 2015-04-16 15:36:20: basic_code_modules.cc:88: INFO: No module at 0x7fff5fbfc6d0
15:36:20 INFO - 2015-04-16 15:36:20: basic_code_modules.cc:88: INFO: No module at 0x121dd1980
15:36:20 INFO - 2015-04-16 15:36:20: basic_code_modules.cc:88: INFO: No module at 0x7fff5fbfc6b0
15:36:20 INFO - 2015-04-16 15:36:20: basic_code_modules.cc:88: INFO: No module at 0x12716b8b0
15:36:20 INFO - 2015-04-16 15:36:20: basic_code_modules.cc:88: INFO: No module at 0x7fff5fbfc6a0
15:36:20 INFO - 2015-04-16 15:36:20: basic_code_modules.cc:88: INFO: No module at 0x7fff5fbfc6a0
15:36:20 INFO - 2015-04-16 15:36:20: basic_code_modules.cc:88: INFO: No module at 0x0
15:36:20 INFO - 2015-04-16 15:36:20: basic_code_modules.cc:88: INFO: No module at 0x7fff5fbfc6d0
15:36:20 INFO - 2015-04-16 15:36:20: basic_code_modules.cc:88: INFO: No module at 0xffffff00
15:36:20 INFO - 2015-04-16 15:36:20: basic_code_modules.cc:88: INFO: No module at 0x121dd1980
15:36:20 INFO - 2015-04-16 15:36:20: basic_code_modules.cc:88: INFO: No module at 0x12151b198
15:36:20 INFO - 2015-04-16 15:36:20: basic_code_modules.cc:88: INFO: No module at 0x7fff5fbfc6c0
15:36:20 INFO - 2015-04-16 15:36:20: basic_code_modules.cc:88: INFO: No module at 0x0
15:36:20 INFO - 2015-04-16 15:36:20: basic_code_modules.cc:88: INFO: No module at 0x0
15:36:20 INFO - 2015-04-16 15:36:20: basic_code_modules.cc:88: INFO: No module at 0x55fbfc700
15:36:20 INFO - 2015-04-16 15:36:20: basic_code_modules.cc:88: INFO: No module at 0x19b190c290ec70d0
15:36:20 INFO - 2015-04-16 15:36:20: basic_code_modules.cc:88: INFO: No module at 0x0
15:36:20 INFO - 2015-04-16 15:36:20: basic_code_modules.cc:88: INFO: No module at 0xffffff00
15:36:20 INFO - 2015-04-16 15:36:20: basic_code_modules.cc:88: INFO: No module at 0x121dd1980
15:36:20 INFO - 2015-04-16 15:36:20: basic_code_modules.cc:88: INFO: No module at 0x12716b8b0
15:36:20 INFO - 2015-04-16 15:36:20: basic_code_modules.cc:88: INFO: No module at 0x12151b198
15:36:20 INFO - 2015-04-16 15:36:20: basic_code_modules.cc:88: INFO: No module at 0x7fff5fbfc880
15:36:22 INFO - [Parent 1017] WARNING: parent WaitForMessage() failed: 0x10004003 (ipc/rcv) timed out: file /builds/slave/fx-team-m64-000000000000000000/build/src/ipc/glue/GeckoChildProcessHost.cpp, line 745
15:40:47 INFO - 1429224047638 Browser.Experiments.Experiments TRACE Experiments #0::updateManifest()
15:40:47 INFO - 1429224047639 Browser.Experiments.Experiments TRACE Experiments #0::_run
15:40:47 INFO - 1429224047639 Browser.Experiments.Experiments TRACE Experiments #0::_main iteration
15:40:47 INFO - 1429224047639 Browser.Experiments.Experiments TRACE Experiments #0::_loadManifest
15:40:47 INFO - 1429224047640 Browser.Experiments.Experiments TRACE Experiments #0::httpGetRequest(http://127.0.0.1:8888/experiments-dummy/manifest)
15:40:47 INFO - 1429224047648 Browser.Experiments.Experiments ERROR Experiments #0::httpGetRequest::onLoad() - Request to http://127.0.0.1:8888/experiments-dummy/manifest returned status 404
15:40:47 INFO - 1429224047648 Browser.Experiments.Experiments ERROR Experiments #0::_loadManifest - failure to fetch/parse manifest (continuing anyway): Error: Experiments - XHR status for http://127.0.0.1:8888/experiments-dummy/manifest is 404
15:40:47 INFO - 1429224047649 Browser.Experiments.Experiments TRACE Experiments #0::_evaluateExperiments
15:40:47 INFO - 1429224047650 Browser.Experiments.Experiments TRACE Experiments #0::_main finished, scheduling next run
15:41:23 INFO - TEST-INFO | screencapture: exit 0
15:41:23 INFO - 977 INFO TEST-UNEXPECTED-FAIL | dom/ipc/tests/test_process_error.xul | Test timed out. - expected PASS
15:41:23 INFO - MEMORY STAT vsize after test: 4060364800
15:41:23 INFO - MEMORY STAT residentFast after test: 517521408
15:41:23 INFO - MEMORY STAT heapAllocated after test: 109408424
15:41:23 INFO - 978 INFO TEST-OK | dom/ipc/tests/test_process_error.xul | took 311237ms
15:41:25 INFO - 979 INFO TEST-START | dom/media/test/test_texttrack_chrome.html 



9262 15:45:47 INFO - 2164 INFO TEST-UNEXPECTED-FAIL | toolkit/components/aboutmemory/tests/test_aboutmemory.xul | Timed out while polling clipboard for pasted data. - expected PASS
9263 15:45:47 INFO - 2165 INFO TEST-UNEXPECTED-FAIL | toolkit/components/aboutmemory/tests/test_aboutmemory.xul | pasted text doesn't match for amFrame - expected PASS
9406 15:45:52 INFO - 2169 INFO TEST-UNEXPECTED-FAIL | toolkit/components/aboutmemory/tests/test_aboutmemory2.xul | Timed out while polling clipboard for pasted data. - expected PASS
9407 15:45:52 INFO - 2170 INFO TEST-UNEXPECTED-FAIL | toolkit/components/aboutmemory/tests/test_aboutmemory2.xul | pasted text doesn't match - expected PASS
9439 15:51:03 INFO - 2176 INFO TEST-UNEXPECTED-FAIL | toolkit/components/aboutmemory/tests/test_aboutmemory3.xul | Test timed out. - expected PASS
9515 15:51:56 INFO - 2182 INFO TEST-UNEXPECTED-FAIL | toolkit/components/aboutmemory/tests/test_aboutmemory5.xul | three child processes present in loaded data - expected PASS
10015 15:52:00 INFO - 2190 INFO TEST-UNEXPECTED-FAIL | toolkit/components/aboutmemory/tests/test_aboutmemory6.xul | two log entries generated - expected PASS
10016 15:52:00 INFO - 2191 INFO TEST-UNEXPECTED-FAIL | toolkit/components/aboutmemory/tests/test_aboutmemory6.xul | uncaught exception - TypeError: logNodes.childNodes[1] is undefined at chrome://mochitests/content/chrome/toolkit/components/aboutmemory/tests/test_aboutmemory6.xul:63
10107 15:57:05 INFO - 2212 INFO TEST-UNEXPECTED-FAIL | toolkit/components/aboutmemory/tests/test_dumpGCAndCCLogsToFile.xul | Test timed out. - expected PASS
10129 15:57:07 INFO - 2231 INFO TEST-UNEXPECTED-FAIL | toolkit/components/aboutmemory/tests/test_memoryReporters.xul | vsize has 0 report - expected PASS
10130 15:57:07 INFO - 2232 INFO TEST-UNEXPECTED-FAIL | toolkit/components/aboutmemory/tests/test_memoryReporters.xul | resident has 0 report - expected PASS
10131 15:57:07 INFO - 2233 INFO TEST-UNEXPECTED-FAIL | toolkit/components/aboutmemory/tests/test_memoryReporters.xul | resident's size is reasonable - expected PASS
10132 15:57:07 INFO - 2234 INFO TEST-UNEXPECTED-FAIL | toolkit/components/aboutmemory/tests/test_memoryReporters.xul | js-main-runtime-gc-heap-committed/used/gc-things's size is reasonable - expected PASS
10133 15:57:07 INFO - 2235 INFO TEST-UNEXPECTED-FAIL | toolkit/components/aboutmemory/tests/test_memoryReporters.xul | js-non-window compartments are present - expected PASS
10134 15:57:07 INFO - 2236 INFO TEST-UNEXPECTED-FAIL | toolkit/components/aboutmemory/tests/test_memoryReporters.xul | window-objects/.../js compartments are present - expected PASS
10135 15:57:07 INFO - 2237 INFO TEST-UNEXPECTED-FAIL | toolkit/components/aboutmemory/tests/test_memoryReporters.xul | places is present - expected PASS
10136 15:57:07 INFO - 2238 INFO TEST-UNEXPECTED-FAIL | toolkit/components/aboutmemory/tests/test_memoryReporters.xul | images is present - expected PASS
10137 15:57:07 INFO - 2239 INFO TEST-UNEXPECTED-FAIL | toolkit/components/aboutmemory/tests/test_memoryReporters.xul | xpti-working-set is present - expected PASS
10138 15:57:07 INFO - 2240 INFO TEST-UNEXPECTED-FAIL | toolkit/components/aboutmemory/tests/test_memoryReporters.xul | atom-tables/main is present - expected PASS
10139 15:57:07 INFO - 2241 INFO TEST-UNEXPECTED-FAIL | toolkit/components/aboutmemory/tests/test_memoryReporters.xul | sandbox locations are present - expected PASS
10140 15:57:07 INFO - 2242 INFO TEST-UNEXPECTED-FAIL | toolkit/components/aboutmemory/tests/test_memoryReporters.xul | large string is present - expected PASS
10141 15:57:07 INFO - 2243 INFO TEST-UNEXPECTED-FAIL | toolkit/components/aboutmemory/tests/test_memoryReporters.xul | small string 1 is present - expected PASS
10142 15:57:07 INFO - 2244 INFO TEST-UNEXPECTED-FAIL | toolkit/components/aboutmemory/tests/test_memoryReporters.xul | small string 2 is present - expected PASS
10146 15:57:07 INFO - 2248 INFO TEST-UNEXPECTED-FAIL | toolkit/components/aboutmemory/tests/test_memoryReporters.xul | uncaught exception - NS_ERROR_FAILURE: Component returned failure code: 0x80004005 (NS_ERROR_FAILURE) [nsIMemoryReporterManager.registerStrongReporter] at chrome://mochitests/content/chrome/toolkit/components/aboutmemory/tests/test_memoryReporters.xul:347
10154 16:02:35 INFO - 2251 INFO TEST-UNEXPECTED-FAIL | toolkit/components/aboutmemory/tests/test_memoryReporters2.xul | Test timed out. - expected PASS
10155 16:02:35 INFO - 2252 INFO TEST-UNEXPECTED-FAIL | (SimpleTest/TestRunner.js) | 4 test timeouts, giving up. - expected PASS
10156 16:02:35 INFO - 2253 INFO TEST-UNEXPECTED-FAIL | (SimpleTest/TestRunner.js) | Skipping 366 remaining tests. - expected PASS
10160 16:02:36 INFO - 2254 INFO TEST-UNEXPECTED-FAIL | (SimpleTest/TestRunner.js) | chrome://mochitests/content/chrome/toolkit/components/aboutmemory/tests/test_memoryReporters2.xul - finished in a non-clean fashion, probably because it didn't call SimpleTest.finish()
10162 16:02:37 INFO - 2256 INFO TEST-UNEXPECTED-FAIL | (SimpleTest/TestRunner.js) | undefined assertion name - Result logged after SimpleTest.finish()
10181 16:03:42 WARNING - TEST-UNEXPECTED-FAIL | toolkit/components/aboutmemory/tests/test_memoryReporters2.xul | application terminated with exit code 1
10187 16:04:20 WARNING - PROCESS-CRASH | toolkit/components/aboutmemory/tests/test_memoryReporters2.xul | application crashed [@ mozilla::(anonymous namespace)::RunWatchdog(void*)]
13320 16:04:21 ERROR - Return code: 1