WebConsole tests fail (l10n)
In today's default branch from mozilla-central we get the tests failing:


TEST-PASS | chrome://mochikit/content/browser/toolkit/components/console/hudservice/tests/browser/browser_HUDServiceTestsAll.js | multiline is enabled
TEST-PASS | chrome://mochikit/content/browser/toolkit/components/console/hudservice/tests/browser/browser_HUDServiceTestsAll.js | got 3 rows
TEST-PASS | chrome://mochikit/content/browser/toolkit/components/console/hudservice/tests/browser/browser_HUDServiceTestsAll.js | got 8 rows
TEST-PASS | chrome://mochikit/content/browser/toolkit/components/console/hudservice/tests/browser/browser_HUDServiceTestsAll.js | got 1 row
TEST-PASS | chrome://mochikit/content/browser/toolkit/components/console/hudservice/tests/browser/browser_HUDServiceTestsAll.js | LogCount: 1
TEST-INFO | chrome://mochikit/content/browser/toolkit/components/console/hudservice/tests/browser/browser_HUDServiceTestsAll.js | Console message: [JavaScript Error: "uncaught exception: [Exception... "Component returned failure code: 0x80004005 (NS_ERROR_FAILURE) [nsIStringBundle.GetStringFromName]"  nsresult: "0x80004005 (NS_ERROR_FAILURE)"  location: "JS frame :: resource://gre/modules/HUDService.jsm :: HS_getStr :: line 143"  data: no]"]

After that the whole test fails with a timeout.