StaticBuild build failure in mozilla/embedding/browser/gtk/tests/
Mozilla StaticBuild build with Sun Workshop 7 fails in
mozilla/embedding/browser/gtk/tests/ like this:
-- snip --
gmake[2]: Entering directory
`/shared/bigtmp2/mozilla/xxx/release005/objdir/embedding/browser/gtk/tests'
TestGtkEmbed.cpp
Building deps for
../../../../../mozilla/embedding/browser/gtk/tests/TestGtkEmbed.cpp
/opt/SUNWspro/bin/CC -o TestGtkEmbed.o -c -DOSTYPE=\"SunOS5\" -DOSARCH=\"SunOS\"
-DOJI -D_TIME_H=1 -I../../../../dist/include/xpcom
-I../../../../dist/include/string -I../../../../dist/include/dom
-I../../../../dist/include/gtkembedmoz -I../../../../dist/include
-I/shared/bigtmp2/mozilla/xxx/release005/objdir/dist/include/nspr
-I/usr/openwin/include -I/usr/openwin/include -xbuiltin=%all -mt -DNDEBUG
-DTRIMMED -xO2 -I/usr/local/lib/glib/include -I/usr/local/include
-I/usr/openwin/include -I/usr/openwin/include -DSOLARIS=1
-DNSCAP_DISABLE_DEBUG_PTR_TYPES=1 -DD_INO=d_ino -DSTDC_HEADERS=1
-DHAVE_ST_BLKSIZE=1 -DHAVE_SIGINFO_T=1 -DHAVE_INT16_T=1 -DHAVE_INT32_T=1
-DHAVE_INT64_T=1 -DHAVE_UINT=1 -DHAVE_UINT_T=1 -DHAVE_UINT16_T=1
-DHAVE_WCRTOMB=1 -DHAVE_MBRTOWC=1 -DHAVE_DIRENT_H=1 -DHAVE_SYS_BYTEORDER_H=1
-DHAVE_MEMORY_H=1 -DHAVE_UNISTD_H=1 -DHAVE_NL_TYPES_H=1 -DHAVE_SYS_STATVFS_H=1
-DHAVE_SYS_STATFS_H=1 -DHAVE_SYS_VFS_H=1 -DHAVE_SYS_MOUNT_H=1 -DNEW_H=\<new\>
-DHAVE_LIBM=1 -DHAVE_LIBDL=1 -DHAVE_LIBSOCKET=1 -DFUNCPROTO=15 -DHAVE_XSHM=1
-D_REENTRANT=1 -DHAVE_RANDOM=1 -DHAVE_STRERROR=1 -DHAVE_LCHOWN=1 -DHAVE_FCHMOD=1
-DHAVE_SNPRINTF=1 -DHAVE_STATVFS=1 -DHAVE_MEMMOVE=1 -DHAVE_RINT=1
-DHAVE_NL_LANGINFO=1 -DHAVE_FLOCKFILE=1 -DHAVE_LOCALTIME_R=1 -DHAVE_STRTOK_R=1
-DHAVE_ICONV=1 -DHAVE_ICONV_WITH_CONST_INPUT=1 -DHAVE_IOS_BINARY=1
-DHAVE_CPP_EXPLICIT=1 -DHAVE_CPP_MODERN_SPECIALIZE_TEMPLATE_SYNTAX=1
-DHAVE_CPP_PARTIAL_SPECIALIZATION=1 -DHAVE_CPP_ACCESS_CHANGING_USING=1
-DHAVE_CPP_AMBIGUITY_RESOLVING_USING=1 -DHAVE_CPP_NAMESPACE_STD=1
-DHAVE_CPP_UNAMBIGUOUS_STD_NOTEQUAL=1 -DHAVE_CPP_NEW_CASTS=1
-DHAVE_CPP_DYNAMIC_CAST_TO_VOID_PTR=1 -DNEED_CPP_UNUSED_IMPLEMENTATIONS=1
-DHAVE_I18N_LC_MESSAGES=1 -DMOZ_DEFAULT_TOOLKIT=\"gtk\" -DMOZ_WIDGET_GTK=1
-DMOZ_ENABLE_XREMOTE=1 -DMOZ_X11=1 -DMOZ_xxx=1 -DMOZ_ENABLE_COREXFONTS=1
-DIBMBIDI=1 -DACCESSIBILITY=1 -DMOZ_MATHML=1 -DNS_DISABLE_LOGGING=1
-DMOZ_USER_DIR=\".mozilla\" -DCPP_THROW_NEW=throw\(\) -DMOZ_XUL=1
-DINCLUDE_XUL=1 -DNS_MT_SUPPORTED=1 -DUSE_IMG2=1 -DSUNCTL=1
-DMOZ_DLL_SUFFIX=\".so\" -DXP_UNIX=1 -DUNIX_ASYNC_DNS=1 -DJS_THREADSAFE=1
-DNS_PRINT_PREVIEW=1 -DNS_PRINTING=1 -DMOZILLA_CLIENT
../../../../../mozilla/embedding/browser/gtk/tests/TestGtkEmbed.cpp
"../../../../../mozilla/embedding/browser/gtk/tests/TestGtkEmbed.cpp", line 182:
Warning: String literal converted to char* in formal argument aName in call to
gtk_moz_embed_set_profile_path(char*, char*).
1 Warning(s) detected.
/opt/SUNWspro/bin/CC -I/usr/openwin/include -xbuiltin=%all -mt -DNDEBUG
-DTRIMMED -xO2 -I/usr/local/lib/glib/include -I/usr/local/include
-I/usr/openwin/include -o TestGtkEmbed TestGtkEmbed.o -xildoff -zlazyload
-zcombreloc -L../../../../dist/bin -L../../../../dist/lib -lgtkembedmoz
-lgtksuperwin -lsocket -ldl -lm -L../../../../dist/lib/components -lcaps
-lchrome -ldocshell -leditor -lembedcomponents -lgfx_gtk -lgkcontent -lgklayout
-lgkplugin -lgkview -lhtmlpars -li18n -limglib2 -ljsdom -ljsurl -lnecko -lnecko2
-lnsappshell -lpref -lprofile -lrdf -lshistory -luconv -lucvmath -luriloader
-lwebbrwsr -lwidget_gtk -lxpconnect -ljsloader_s -lunicharutil_s -lucharucomp_s
-lucvutil_s -lplatlocale_s -lstrres_s -llwbrk_s -lchardet_s -lmozpango
-lmozpango-thaix -lmozpango-dvngx -ljsj -lgtksuperwin -lgtkxtbin -lnkcache_s
-lgfxshared_s -lxlibrgb -lgkgfx -limglib2_s -limgppm_s -limgpng_s -limggif_s
-limgjpeg_s -limgbmp_s -limgxbm_s -ltxtsvc_s -lmozbrwsr_s -lxulapp_s
-L../../../../dist/lib/components -L../../../../dist/lib -lmozpng
-L../../../../dist/lib -lmozmng -L../../../../dist/lib -lmozjpeg
-L../../../../dist/lib -lmozz -lXIE -L/usr/openwin/lib -R/usr/openwin/lib -lXp
-lXext -lX11 -L../../../../dist/bin -L../../../../dist/lib
../../../../dist/lib/libcrmf.a -lsmime3 -lssl3 -lnss3 -lsoftokn3
-L/usr/openwin/lib -R/usr/openwin/lib -lXt -L../../../../dist/bin -lmozjs
-L../../../../dist/bin -lxpcom -L../../../../dist/bin
-L/shared/bigtmp2/mozilla/xxx/release005/objdir/dist/lib -lplds4 -lplc4 -lnspr4
-lpthread -ldl -lrt -L/usr/local/lib -L/usr/openwin/lib -R/usr/openwin/lib
-lgtk -lgdk -lgmodule -lglib -ldl -lXext -lX11 -lsocket -lnsl -lm
Undefined first referenced
symbol in file
nsCJVMManagerModule_gModuleInfo
../../../../dist/lib/libgtkembedmoz.a(EmbedComponents.o)
nsFileViewModule_gModuleInfo
../../../../dist/lib/libgtkembedmoz.a(EmbedComponents.o)
XRemoteServiceModule_gModuleInfo
../../../../dist/lib/libgtkembedmoz.a(EmbedComponents.o)
nsTransactionManagerModule_gModuleInfo
../../../../dist/lib/libgtkembedmoz.a(EmbedComponents.o)
nsMorkModule_gModuleInfo
../../../../dist/lib/libgtkembedmoz.a(EmbedComponents.o)
XRemoteClientModule_gModuleInfo
../../../../dist/lib/libgtkembedmoz.a(EmbedComponents.o)
nsPrefMigrationModule_gModuleInfo
../../../../dist/lib/libgtkembedmoz.a(EmbedComponents.o)
nsGfxXprintModule_gModuleInfo
../../../../dist/lib/libgtkembedmoz.a(EmbedComponents.o)
ld: fatal: Symbol referencing errors. No output written to TestGtkEmbed
gmake[2]: *** [TestGtkEmbed] Error 1
gmake[2]: Leaving directory
`/shared/bigtmp2/mozilla/xxx/release005/objdir/embedding/browser/gtk/tests'
gmake[1]: *** [tier_99] Error 2
gmake[1]: Leaving directory `/shared/bigtmp2/mozilla/xxx/release005/objdir'
gmake: *** [default] Error 2
-- snip --
