Intermittent browser_aboutHome.js | Unexpected Exception: Error: Timed out while waiting for a 'AboutHomeLoadSnippetsCompleted'' event | Found an unexpected tab at the end of test run: about:home
https://tbpl.mozilla.org/php/getParsedLog.php?id=47327700&tree=Mozilla-Inbound

Ubuntu VM 12.04 mozilla-inbound debug test mochitest-browser-chrome-1 on 2014-09-03 08:37:25 PDT for push 8808324ba834
slave: tst-linux32-spot-363

08:43:18     INFO -  99 INFO Cleanup
08:43:18     INFO -  100 INFO Search suggestion smoke test
08:43:18     INFO -  101 INFO Waiting for snippets map
08:43:18     INFO -  102 INFO Wait tab event: AboutHomeLoadSnippetsCompleted
08:43:18     INFO -  103 INFO Got snippets map: { last-update: 1409758956515, cached-version: 4 }
08:43:18     INFO -  104 INFO Tab event received: AboutHomeLoadSnippetsCompleted
08:43:18     INFO -  105 INFO Running test
08:43:18     INFO -  106 INFO Waiting for engine to be added: searchSuggestionEngine.xml
08:43:18     INFO -  107 INFO Observer: engine-loaded for browser_searchSuggestionEngine searchSuggestionEngine.xml
08:43:18     INFO -  108 INFO Observer: engine-added for browser_searchSuggestionEngine searchSuggestionEngine.xml
08:43:18     INFO -  109 INFO Search engine added: searchSuggestionEngine.xml
08:43:18     INFO -  110 INFO Add attributes observer
08:43:18     INFO -  111 INFO Observer: engine-current for browser_searchSuggestionEngine searchSuggestionEngine.xml
08:43:18     INFO -  112 INFO Observer: engine-default for browser_searchSuggestionEngine searchSuggestionEngine.xml
08:43:18     INFO -  113 INFO Got attribute mutation: snippetsURL from null
08:43:18     INFO -  114 INFO Got attribute mutation: snippetsVersion from null
08:43:18     INFO -  115 INFO Got attribute mutation: searchEngineName from null
08:43:18     INFO -  116 INFO Remove attributes observer
08:43:18     INFO -  117 INFO Console message: [JavaScript Warning: "reference to undefined property this.remoteResult" {file: "resource://gre/modules/SearchSuggestionController.jsm" line: 128}]
08:43:18     INFO -  118 INFO Console message: [JavaScript Warning: "assignment to undeclared variable entries" {file: "resource://gre/components/nsInputListAutoComplete.js" line: 26}]
08:43:18     INFO -  119 INFO TEST-PASS | chrome://mochitests/content/browser/browser/base/content/test/general/browser_aboutHome.js | Search suggestion table unhidden
08:43:18     INFO -  120 INFO TEST-PASS | chrome://mochitests/content/browser/browser/base/content/test/general/browser_aboutHome.js | Search suggestion table hidden
08:43:18     INFO -  121 INFO Cleanup
08:43:18     INFO -  122 INFO Cmd+k should focus the search box in the page when the search box in the toolbar is absent
08:43:18     INFO -  123 INFO Waiting for snippets map
08:43:18     INFO -  124 INFO Wait tab event: AboutHomeLoadSnippetsCompleted
08:43:18     INFO -  125 INFO Longer timeout required, waiting longer...  Remaining timeouts: 1
08:43:18     INFO -  126 INFO TEST-UNEXPECTED-FAIL | chrome://mochitests/content/browser/browser/base/content/test/general/browser_aboutHome.js | Unexpected Exception: Error: Timed out while waiting for a 'AboutHomeLoadSnippetsCompleted'' event -
08:43:18     INFO -  Stack trace:
08:43:18     INFO -  chrome://mochitests/content/browser/browser/base/content/test/general/browser_aboutHome.js:test/<:493
08:43:18     INFO -  resource://gre/modules/Promise.jsm -> resource://gre/modules/Promise-backend.js:Handler.prototype.process:868
08:43:18     INFO -  resource://gre/modules/Promise.jsm -> resource://gre/modules/Promise-backend.js:this.PromiseWalker.walkerLoop:744
08:43:18     INFO -  null:null:0
08:43:19     INFO -  127 INFO TEST-OK | chrome://mochitests/content/browser/browser/base/content/test/general/browser_aboutHome.js | took 61710ms
08:43:19     INFO -  128 INFO TEST-UNEXPECTED-FAIL | chrome://mochitests/content/browser/browser/base/content/test/general/browser_aboutHome.js | Found an unexpected tab at the end of test run: about:home