Intermittent browser_restore_isAppTab.js | A promise chain failed to handle a rejection: - at resource://gre/modules/PageThumbs.jsm:306 - Component returned failure code: 0x80004005 (NS_ERROR_FAILURE) [nsIMessageSender.sendAsyncMessage]
09:36:30 INFO - ###!!! [Parent][MessageChannel] Error: Channel error: cannot send/recv

<and a lot more like that ^^^>

09:36:31 INFO - Xlib: extension "RANDR" missing on display ":0".
09:36:31 INFO - JavaScript warning: chrome://specialpowers/content/specialpowers.js, line 27: JavaScript 1.7's let blocks are deprecated
09:36:31 INFO - 334 INFO checking window state
09:36:31 INFO - 335 INFO Entering test navigate
09:36:31 INFO - 336 INFO Waiting for browser load
09:36:31 INFO - 337 INFO Saw state c0010 and status 0
09:36:31 INFO - 338 INFO Browser loaded about:robots
09:36:31 INFO - 339 INFO TEST-PASS | chrome://mochitests/content/browser/browser/base/content/test/general/browser_restore_isAppTab.js | Docshell shouldn't think it is an app tab
09:36:31 INFO - 340 INFO TEST-PASS | chrome://mochitests/content/browser/browser/base/content/test/general/browser_restore_isAppTab.js | Docshell should think it is an app tab
09:36:31 INFO - 341 INFO Waiting for browser load
09:36:31 INFO - 342 INFO Saw state f0001 and status 0
09:36:31 INFO - 343 INFO Console message: [JavaScript Error: "The character encoding of the HTML document was not declared. The document will render with garbled text in some browser configurations if the document contains characters from outside the US-ASCII range. The character encoding of the page must be declared in the document or in the transfer protocol." {file: "http://example.com/browser/browser/base/content/test/general/dummy_page.html" line: 0}]
09:36:31 INFO - 344 INFO Saw state c0010 and status 0
09:36:31 INFO - 345 INFO Browser loaded http://example.com/browser/browser/base/content/test/general/dummy_page.html
09:36:31 INFO - 346 INFO TEST-PASS | chrome://mochitests/content/browser/browser/base/content/test/general/browser_restore_isAppTab.js | Docshell should think it is an app tab
09:36:31 INFO - 347 INFO TEST-PASS | chrome://mochitests/content/browser/browser/base/content/test/general/browser_restore_isAppTab.js | Docshell shouldn't think it is an app tab
09:36:31 INFO - 348 INFO TEST-PASS | chrome://mochitests/content/browser/browser/base/content/test/general/browser_restore_isAppTab.js | Docshell should think it is an app tab
09:36:31 INFO - 349 INFO Waiting for browser load
09:36:31 INFO - 350 INFO Saw state f0001 and status 0
09:36:31 INFO - 351 INFO Saw state c0010 and status 0
09:36:31 INFO - 352 INFO Browser loaded about:robots
09:36:31 INFO - 353 INFO TEST-PASS | chrome://mochitests/content/browser/browser/base/content/test/general/browser_restore_isAppTab.js | Docshell should think it is an app tab
09:36:31 INFO - 354 INFO Leaving test navigate
09:36:31 INFO - 355 INFO Entering test crash
09:36:31 INFO - 356 INFO Waiting for browser load
09:36:31 INFO - 357 INFO Saw state f0001 and status 0
09:36:31 INFO - 358 INFO Console message: [JavaScript Error: "The character encoding of the HTML document was not declared. The document will render with garbled text in some browser configurations if the document contains characters from outside the US-ASCII range. The character encoding of the page must be declared in the document or in the transfer protocol." {file: "http://example.com/browser/browser/base/content/test/general/dummy_page.html" line: 0}]
09:36:31 INFO - 359 INFO Saw state c0010 and status 0
09:36:31 INFO - 360 INFO Browser loaded http://example.com/browser/browser/base/content/test/general/dummy_page.html
09:36:31 INFO - 361 INFO TEST-PASS | chrome://mochitests/content/browser/browser/base/content/test/general/browser_restore_isAppTab.js | Docshell shouldn't think it is an app tab
09:36:31 INFO - 362 INFO TEST-PASS | chrome://mochitests/content/browser/browser/base/content/test/general/browser_restore_isAppTab.js | Docshell should think it is an app tab
09:36:31 INFO - 363 INFO Waiting for AboutTabCrashedLoad
09:36:31 INFO - 364 INFO TEST-PASS | chrome://mochitests/content/browser/browser/base/content/test/general/browser_restore_isAppTab.js | Received correct observer topic.
09:36:31 INFO - 365 INFO TEST-PASS | chrome://mochitests/content/browser/browser/base/content/test/general/browser_restore_isAppTab.js | Subject implements nsIPropertyBag2.
09:36:31 INFO - 366 INFO TEST-PASS | chrome://mochitests/content/browser/browser/base/content/test/general/browser_restore_isAppTab.js | dumpID is present and not an empty string
09:36:31 INFO - 367 INFO Console message: [JavaScript Error: "remote browser crashed while on http://example.com/browser/browser/base/content/test/general/dummy_page.html
09:36:31 INFO - " {file: "chrome://mochikit/content/mochitest-e10s-utils.js" line: 8}]
09:36:31 INFO - 368 INFO Console message: [JavaScript Error: "remote browser crashed while on http://example.com/browser/browser/base/content/test/general/dummy_page.html
09:36:31 INFO - " {file: "chrome://mochikit/content/mochitest-e10s-utils.js" line: 8}]
09:36:31 INFO - 369 INFO Saw AboutTabCrashedLoad
09:36:31 INFO - 370 INFO Wait tab event: load
09:36:31 INFO - 371 INFO TEST-UNEXPECTED-FAIL | chrome://mochitests/content/browser/browser/base/content/test/general/browser_restore_isAppTab.js | A promise chain failed to handle a rejection: - at resource://gre/modules/PageThumbs.jsm:306 - Component returned failure code: 0x80004005 (NS_ERROR_FAILURE) [nsIMessageSender.sendAsyncMessage]
09:36:31 INFO - Stack trace:
09:36:31 INFO - JS frame :: resource://gre/modules/PageThumbs.jsm :: this.PageThumbs._captureRemoteThumbnail :: line 306
09:36:31 INFO - JS frame :: resource://gre/modules/PageThumbs.jsm :: this.PageThumbs._captureToCanvas/< :: line 221
09:36:31 INFO - JS frame :: self-hosted :: next :: line 943
09:36:31 INFO - JS frame :: resource://gre/modules/Task.jsm :: TaskImpl_run :: line 330
09:36:31 INFO - JS frame :: resource://gre/modules/Task.jsm :: TaskImpl :: line 275
09:36:31 INFO - JS frame :: resource://gre/modules/Task.jsm :: createAsyncFunction/asyncFunction :: line 249
09:36:31 INFO - JS frame :: resource://gre/modules/Task.jsm :: Task_spawn :: line 164
09:36:31 INFO - JS frame :: resource://gre/modules/PageThumbs.jsm :: this.PageThumbs._captureToCanvas :: line 219
09:36:31 INFO - JS frame :: resource://gre/modules/PageThumbs.jsm :: PageThumbs_captureToCanvas :: line 205
09:36:31 INFO - JS frame :: chrome://browser/content/browser.js :: tabPreviews_capture :: line 6188
09:36:31 INFO - JS frame :: chrome://browser/content/browser.js :: tabPreviews_handleEvent/< :: line 6208
09:36:31 INFO - native frame :: <unknown filename> :: <TOP_LEVEL> :: line 0
09:36:32 INFO - 372 INFO TEST-OK | chrome://mochitests/content/browser/browser/base/content/test/general/browser_restore_isAppTab.js | took 4099ms