Intermittent browser_child_resource.js | uncaught exception - NS_ERROR_FAILURE: Component returned failure code: 0x80004005 (NS_ERROR_FAILURE) [nsIMessageSender.sendAsyncMessage] at resource://gre/modules/PageThumbs.jsm:242
18:13:38 INFO - 124 INFO TEST-PASS | netwerk/test/browser/browser_child_resource.js | Shouldn't resolve in main process
18:13:38 INFO - 125 INFO TEST-PASS | netwerk/test/browser/browser_child_resource.js | Shouldn't resolve in child process
18:13:38 INFO - 126 INFO Leaving test
18:13:38 INFO - 127 INFO Entering test
18:13:38 INFO - 128 INFO Waiting for load
18:13:38 INFO - 129 INFO Console message: [JavaScript Warning: "unsafe CPOW usage" {file: "resource://app/modules/sessionstore/TabState.jsm" line: 96}]
18:13:38 INFO - 130 INFO Console message: [JavaScript Warning: "unsafe CPOW usage" {file: "resource://app/modules/sessionstore/TabState.jsm" line: 96}]
18:13:38 INFO - 131 INFO Saw load
18:13:38 INFO - 132 INFO Set
18:13:38 INFO - 133 INFO Console message: [JavaScript Error: "The character encoding of the HTML document was not declared. The document will render with garbled text in some browser configurations if the document contains characters from outside the US-ASCII range. The character encoding of the page must be declared in the document or in the transfer protocol." {file: "http://example.com/browser/netwerk/test/browser/dummy.html" line: 0}]
18:13:38 INFO - 134 INFO TEST-PASS | netwerk/test/browser/browser_child_resource.js | Should resolve in main process
18:13:38 INFO - 135 INFO TEST-PASS | netwerk/test/browser/browser_child_resource.js | Should resolve in child process
18:13:38 INFO - 136 INFO Waiting for AboutTabCrashedLoad
18:13:38 INFO - 137 INFO TEST-UNEXPECTED-FAIL | netwerk/test/browser/browser_child_resource.js | uncaught exception - NS_ERROR_FAILURE: Component returned failure code: 0x80004005 (NS_ERROR_FAILURE) [nsIMessageSender.sendAsyncMessage] at resource://gre/modules/PageThumbs.jsm:242
18:13:38 INFO - Stack trace:
18:13:38 INFO - chrome://mochikit/content/tests/SimpleTest/SimpleTest.js:simpletestOnerror:1474
18:13:38 INFO - null:null:0
18:13:38 INFO - JavaScript error: resource://gre/modules/PageThumbs.jsm, line 242: NS_ERROR_FAILURE: Component returned failure code: 0x80004005 (NS_ERROR_FAILURE) [nsIMessageSender.sendAsyncMessage]