Intermittent test_private_hidden_window.html | application timed out after 330 second with no output
Windows XP 32-bit mozilla-inbound debug test mochitest-other on 2014-06-06 06:46:38 PDT for push 843c1dbab9d6

slave: t-xp32-ix-095

https://tbpl.mozilla.org/php/getParsedLog.php?id=41211495&tree=Mozilla-Inbound

{
06:51:04 INFO - JavaScript error: data:text/html,<script>parent.inheritedSystem%20=%20true;</script>, line 1: Permission denied to access property 'inheritedSystem'
06:51:04 INFO - ++DOCSHELL 0E3DC800 == 24 [pid = 3332] [id = 194]
06:51:04 INFO - ++DOMWINDOW == 177 (0E3E4C00) [pid = 3332] [serial = 1277] [outer = 00000000]
06:51:04 INFO - ++DOMWINDOW == 178 (0FE46800) [pid = 3332] [serial = 1278] [outer = 0E3E4C00]
06:51:04 INFO - ++DOCSHELL 13E60400 == 25 [pid = 3332] [id = 195]
06:51:04 INFO - ++DOMWINDOW == 179 (155B4600) [pid = 3332] [serial = 1279] [outer = 00000000]
06:51:04 INFO - ++DOMWINDOW == 180 (17458E00) [pid = 3332] [serial = 1280] [outer = 155B4600]
06:51:04 INFO - [Parent 3332] WARNING: Must complete empty transaction when compositing!: file c:/builds/moz2_slave/m-in-w32-d-0000000000000000000/build/layout/base/nsPresShell.cpp, line 6004
06:51:05 INFO - --DOCSHELL 0E3DC800 == 24 [pid = 3332] [id = 194]
06:51:05 INFO - 1997 INFO TEST-INFO | MEMORY STAT vsize after test: 630845440
06:51:05 INFO - 1998 INFO TEST-INFO | MEMORY STAT vsizeMaxContiguous after test: 603717632
06:51:05 INFO - 1999 INFO TEST-INFO | MEMORY STAT residentFast after test: 398237696
06:51:05 INFO - 2000 INFO TEST-INFO | MEMORY STAT heapAllocated after test: 87044248
06:51:05 INFO - 2001 INFO TEST-END | chrome://mochitests/content/chrome/docshell/test/chrome/test_principalInherit.xul | finished in 498ms
06:51:05 INFO - ++DOMWINDOW == 181 (134ECE00) [pid = 3332] [serial = 1281] [outer = 17035800]
06:51:05 INFO - 2002 INFO TEST-START | chrome://mochitests/content/chrome/docshell/test/chrome/test_private_hidden_window.html
06:51:05 INFO - ++DOMWINDOW == 182 (155B3000) [pid = 3332] [serial = 1282] [outer = 17035800]
06:51:05 INFO - ++DOCSHELL 13F04000 == 25 [pid = 3332] [id = 196]
06:51:05 INFO - ++DOMWINDOW == 183 (1745E000) [pid = 3332] [serial = 1283] [outer = 00000000]
06:51:05 INFO - [Parent 3332] WARNING: NS_ENSURE_TRUE(nsContentUtils::GetCurrentJSContext()) failed: file c:/builds/moz2_slave/m-in-w32-d-0000000000000000000/build/docshell/base/nsDocShell.cpp, line 8668
06:51:05 INFO - [Parent 3332] WARNING: NS_ENSURE_TRUE(globalObject && globalObject->GetGlobalJSObject()) failed: file c:\builds\moz2_slave\m-in-w32-d-0000000000000000000\build\content\html\document\src\nsHTMLContentSink.cpp, line 740
06:51:05 INFO - [Parent 3332] WARNING: Subdocument container ha no frame: file c:/builds/moz2_slave/m-in-w32-d-0000000000000000000/build/layout/base/nsDocumentViewer.cpp, line 2504
06:51:05 INFO - ++DOMWINDOW == 184 (174F6600) [pid = 3332] [serial = 1284] [outer = 1745E000]
06:51:05 INFO - ++DOCSHELL 1843E800 == 26 [pid = 3332] [id = 197]
06:51:05 INFO - ++DOMWINDOW == 185 (18B5E000) [pid = 3332] [serial = 1285] [outer = 00000000]
06:51:05 INFO - ++DOMWINDOW == 186 (18CAE000) [pid = 3332] [serial = 1286] [outer = 18B5E000]
06:51:05 INFO - ++DOMWINDOW == 187 (19431400) [pid = 3332] [serial = 1287] [outer = 18B5E000]
06:53:49 INFO - System JS : ERROR jar:file:///C:/slave/test/build/application/firefox/omni.ja!/components/nsHandlerService.js:891 - NS_ERROR_FAILURE: Component returned failure code: 0x80004005 (NS_ERROR_FAILURE) [nsIProperties.get]
06:53:49 INFO - System JS : ERROR jar:file:///C:/slave/test/build/application/firefox/omni.ja!/components/nsHandlerService.js:891 - NS_ERROR_FAILURE: Component returned failure code: 0x80004005 (NS_ERROR_FAILURE) [nsIProperties.get]
06:53:49 INFO - [3268] WARNING: NS_ENSURE_SUCCESS(rv, rv) failed with result 0x80004005: file c:\builds\moz2_slave\m-in-w32-d-0000000000000000000\build\toolkit\components\places\Database.cpp, line 449
06:53:49 INFO - [3268] WARNING: NS_ENSURE_TRUE(mDB) failed: file c:\builds\moz2_slave\m-in-w32-d-0000000000000000000\build\toolkit\components\places\nsNavHistory.cpp, line 296
06:53:49 INFO - System JS : ERROR resource://gre/modules/FormHistory.jsm:377 - NS_ERROR_FAILURE: Component returned failure code: 0x80004005 (NS_ERROR_FAILURE) [nsIProperties.get]
06:53:49 INFO - [3268] WARNING: NS_ENSURE_SUCCESS(rv, rv) failed with result 0x80004005: file c:\builds\moz2_slave\m-in-w32-d-0000000000000000000\build\toolkit\components\places\Database.cpp, line 449
06:53:49 INFO - [3268] WARNING: NS_ENSURE_TRUE(mDB) failed: file c:\builds\moz2_slave\m-in-w32-d-0000000000000000000\build\toolkit\components\places\nsNavHistory.cpp, line 296
06:56:35 WARNING - TEST-UNEXPECTED-FAIL | chrome://mochitests/content/chrome/docshell/test/chrome/test_private_hidden_window.html | application timed out after 330 second with no output
06:56:35 INFO - TEST-INFO | screenshot: exit status 0
07:13:15 INFO - Automation Error: mozprocess timed out after 1000 second running ['C:\\slave\\test\\build\\venv\\Scripts\\python', '-u', 'C:\\slave\\test\\build\\tests\\mochitest/runtests.py', '--appname=C:\\slave\\test\\build\\application\\firefox\\firefox.exe', '--utility-path=tests/bin', '--extra-profile-file=tests/bin/plugins', '--symbols-path=C:\\slave\\test\\build\\symbols', '--certificate-path=tests/certs', '--autorun', '--close-when-done', '--console-level=INFO', '--quiet', '--chrome']
07:13:15 ERROR - timed out after 1000 second of no output
07:13:15 ERROR - Return code: 259
}
