Intermittent browser_urlbarAutoFillTrimURLs.js | uncaught exception - NS_ERROR_FAILURE: Component returned failure code: 0x80004005 (NS_ERROR_FAILURE) [nsIAutoCompleteController.getImageAt] at chrome://global/content/bindings/autocomplete.xml:1107 etc..
https://tbpl.mozilla.org/php/getParsedLog.php?id=44164728&tree=Mozilla-Inbound

Rev5 MacOSX Mountain Lion 10.8 mozilla-inbound opt test mochitest-browser-chrome-1 on 2014-07-18 20:01:26 PDT for push d974be1f13cd
slave: talos-mtnlion-r5-053

20:07:52 INFO - 839 INFO TEST-START | chrome://mochitests/content/browser/browser/base/content/test/general/browser_urlbarAutoFillTrimURLs.js
20:07:53 INFO - 840 INFO dumping last 5 message(s)
20:07:53 INFO - 841 INFO if you need more context, please use SimpleTest.requestCompleteLog() in your test
20:07:53 INFO - 842 INFO checking window state
20:07:53 INFO - 843 INFO Waiting for onSearchComplete
20:07:53 INFO - 844 INFO TEST-PASS | chrome://mochitests/content/browser/browser/base/content/test/general/browser_urlbarAutoFillTrimURLs.js | The autocomplete popup is correctly open - The autocomplete popup is correctly open
20:07:53 INFO - 845 INFO TEST-PASS | chrome://mochitests/content/browser/browser/base/content/test/general/browser_urlbarAutoFillTrimURLs.js | trim wa applied correctly - trim wa applied correctly
20:07:53 INFO - 846 INFO Waiting for onSearchComplete
20:07:53 INFO - 847 INFO TEST-UNEXPECTED-FAIL | chrome://mochitests/content/browser/browser/base/content/test/general/browser_urlbarAutoFillTrimURLs.js | uncaught exception - NS_ERROR_FAILURE: Component returned failure code: 0x80004005 (NS_ERROR_FAILURE) [nsIAutoCompleteController.getImageAt] at chrome://global/content/bindings/autocomplete.xml:1107
20:07:53 INFO - Stack trace:
20:07:53 INFO - chrome://mochikit/content/tests/SimpleTest/SimpleTest.js:simpletestOnerror:1301
20:07:53 INFO - null:null:0 - uncaught exception - NS_ERROR_FAILURE: Component returned failure code: 0x80004005 (NS_ERROR_FAILURE) [nsIAutoCompleteController.getImageAt] at chrome://global/content/bindings/autocomplete.xml:1107
20:07:53 INFO - Stack trace:
20:07:53 INFO - chrome://mochikit/content/tests/SimpleTest/SimpleTest.js:simpletestOnerror:1301
20:07:53 INFO - null:null:0
20:07:53 INFO - TEST-INFO | expected PASS
20:07:53 INFO - 848 INFO JavaScript error: chrome://global/content/bindings/autocomplete.xml, line 1107: NS_ERROR_FAILURE: Component returned failure code: 0x80004005 (NS_ERROR_FAILURE) [nsIAutoCompleteController.getImageAt]
20:07:53 INFO - 849 INFO TEST-UNEXPECTED-FAIL | chrome://mochitests/content/browser/browser/base/content/test/general/browser_urlbarAutoFillTrimURLs.js | uncaught exception - NS_ERROR_FAILURE: Component returned failure code: 0x80004005 (NS_ERROR_FAILURE) [nsIAutoCompleteController.getImageAt] at chrome://global/content/bindings/autocomplete.xml:1107
20:07:53 INFO - Stack trace:
20:07:53 INFO - chrome://mochikit/content/tests/SimpleTest/SimpleTest.js:simpletestOnerror:1301
20:07:53 INFO - null:null:0 - uncaught exception - NS_ERROR_FAILURE: Component returned failure code: 0x80004005 (NS_ERROR_FAILURE) [nsIAutoCompleteController.getImageAt] at chrome://global/content/bindings/autocomplete.xml:1107
20:07:53 INFO - Stack trace:
20:07:53 INFO - chrome://mochikit/content/tests/SimpleTest/SimpleTest.js:simpletestOnerror:1301
20:07:53 INFO - null:null:0
20:07:53 INFO - TEST-INFO | expected PASS
20:07:53 INFO - 850 INFO JavaScript error: chrome://global/content/bindings/autocomplete.xml, line 1107: NS_ERROR_FAILURE: Component returned failure code: 0x80004005 (NS_ERROR_FAILURE) [nsIAutoCompleteController.getImageAt]
20:07:53 INFO - 851 INFO dumping last 1 message(s)
20:07:53 INFO - 852 INFO if you need more context, please use SimpleTest.requestCompleteLog() in your test
20:07:53 INFO - 853 INFO TEST-PASS | chrome://mochitests/content/browser/browser/base/content/test/general/browser_urlbarAutoFillTrimURLs.js | The autocomplete popup is correctly open - The autocomplete popup is correctly open
20:07:53 INFO - 854 INFO TEST-UNEXPECTED-FAIL | chrome://mochitests/content/browser/browser/base/content/test/general/browser_urlbarAutoFillTrimURLs.js | trim wa applied correctly - Got http://a, expected http://autofilltrimurl.com/
20:07:53 INFO - Stack trace:
20:07:53 INFO - chrome://mochikit/content/browser-test.js:test_is:771
20:07:53 INFO - chrome://mochitests/content/browser/browser/base/content/test/general/browser_urlbarAutoFillTrimURLs.js:continue_test/test_autoFill/<:46
20:07:53 INFO - chrome://mochitests/content/browser/browser/base/content/test/general/browser_urlbarAutoFillTrimURLs.js:waitForSearchComplete/gURLBar.onSearchComplete:85
20:07:53 INFO - resource://gre/components/nsPlacesAutoComplete.js:UIC_finishSearch:1615
20:07:53 INFO - resource://gre/components/nsPlacesAutoComplete.js:UIC_startSearch/wrapper<.handleCompletion:1421
20:07:53 INFO - resource://gre/components/nsPlacesAutoComplete.js:ACSCW_handleCompletion:247
20:07:53 INFO - null:null:0 - trim wa applied correctly - Got http://a, expected http://autofilltrimurl.com/
20:07:53 INFO - Stack trace:
20:07:53 INFO - chrome://mochikit/content/browser-test.js:test_is:771
20:07:53 INFO - chrome://mochitests/content/browser/browser/base/content/test/general/browser_urlbarAutoFillTrimURLs.js:continue_test/test_autoFill/<:46
20:07:53 INFO - chrome://mochitests/content/browser/browser/base/content/test/general/browser_urlbarAutoFillTrimURLs.js:waitForSearchComplete/gURLBar.onSearchComplete:85
20:07:53 INFO - resource://gre/components/nsPlacesAutoComplete.js:UIC_finishSearch:1615
20:07:53 INFO - resource://gre/components/nsPlacesAutoComplete.js:UIC_startSearch/wrapper<.handleCompletion:1421
20:07:53 INFO - resource://gre/components/nsPlacesAutoComplete.js:ACSCW_handleCompletion:247
20:07:53 INFO - null:null:0
20:07:53 INFO - TEST-INFO | expected PASS
20:07:53 INFO - 855 INFO ************************************************************
20:07:53 INFO - 856 INFO * Call to xpconnect wrapped JSObject produced this error: *
20:07:53 INFO - 857 INFO [Exception... "Component returned failure code: 0x80004005 (NS_ERROR_FAILURE) [nsIAutoCompleteController.getImageAt]" nsresult: "0x80004005 (NS_ERROR_FAILURE)" location: "JS frame :: chrome://global/content/bindings/autocomplete.xml :: _appendCurrentResult :: line 1107" data: no]
20:07:53 INFO - 858 INFO ************************************************************
20:08:37 INFO - libpng warning: zero length keyword
20:08:37 INFO - libpng warning: Empty language field in iTXt chunk
20:08:38 INFO - TEST-INFO | screencapture: exit 0
20:08:38 INFO - 859 INFO dumping last 4 message(s)
20:08:38 INFO - 860 INFO if you need more context, please use SimpleTest.requestCompleteLog() in your test
20:08:38 INFO - 861 INFO Waiting for onSearchComplete
20:08:38 INFO - 862 INFO Console message: [JavaScript Error: "NS_ERROR_FAILURE: Component returned failure code: 0x80004005 (NS_ERROR_FAILURE) [nsIAutoCompleteController.getImageAt]" {file: "chrome://global/content/bindings/autocomplete.xml" line: 1107}]
20:08:38 INFO - 863 INFO Console message: [JavaScript Error: "NS_ERROR_FAILURE: Component returned failure code: 0x80004005 (NS_ERROR_FAILURE) [nsIAutoCompleteController.getImageAt]" {file: "chrome://global/content/bindings/autocomplete.xml" line: 1107}]
20:08:38 INFO - 864 INFO Console message: [JavaScript Error: "[Exception... "Component returned failure code: 0x80004005 (NS_ERROR_FAILURE) [nsIAutoCompleteController.getImageAt]" nsresult: "0x80004005 (NS_ERROR_FAILURE)" location: "JS frame :: chrome://global/content/bindings/autocomplete.xml :: _appendCurrentResult :: line 1107" data: no]" {file: "chrome://global/content/bindings/autocomplete.xml" line: 1107}]
20:08:38 INFO - 865 INFO TEST-UNEXPECTED-FAIL | chrome://mochitests/content/browser/browser/base/content/test/general/browser_urlbarAutoFillTrimURLs.js | Test timed out - Test timed out
20:08:38 INFO - TEST-INFO | expected PASS
20:08:38 INFO - 866 INFO TEST-OK | chrome://mochitests/content/browser/browser/base/content/test/general/browser_urlbarAutoFillTrimURLs.js | took 45043ms
