Intermittent browser_change_app_handler.js | Test timed out | Found a tab
18:19:57 INFO - 1400 INFO TEST-PASS | browser/components/preferences/in-content/tests/browser_change_app_handler.js | All expectedStyleSheetURLs should have been found
18:19:57 INFO - 1401 INFO Dialog loaded
18:19:57 INFO - 1402 INFO TEST-PASS | browser/components/preferences/in-content/tests/browser_change_app_handler.js | App should be set a preferred.
18:19:57 INFO - 1403 INFO Got list after item wa selected
18:19:57 INFO - 1404 INFO TEST-PASS | browser/components/preferences/in-content/tests/browser_change_app_handler.js | Should have a selected item
18:19:57 INFO - 1405 INFO TEST-PASS | browser/components/preferences/in-content/tests/browser_change_app_handler.js | App should be visible a preferred item.
18:19:57 INFO - 1406 INFO Console message: [JavaScript Error: "NS_ERROR_FAILURE: Component returned failure code: 0x80004005 (NS_ERROR_FAILURE) [nsITaskbarTabPreview.invalidate]" {file: "resource://app/modules/WindowsPreviewPerTab.jsm" line: 401}]
18:19:57 INFO - 1407 INFO Console message: [JavaScript Error: "NS_ERROR_FAILURE: Component returned failure code: 0x80004005 (NS_ERROR_FAILURE) [nsITaskbarTabPreview.invalidate]" {file: "resource://app/modules/WindowsPreviewPerTab.jsm" line: 401}]
18:19:57 INFO - 1408 INFO Console message: 1423189149865 Services.HealthReport.HealthReporter WARN Saved state file doe not exist.
18:19:57 INFO - 1409 INFO TEST-UNEXPECTED-FAIL | browser/components/preferences/in-content/tests/browser_change_app_handler.js | Test timed out - expected PASS
18:19:57 INFO - 1410 INFO TEST-FAIL | browser/components/preferences/in-content/tests/browser_change_app_handler.js | Assertion count 1 is greater than expected range 0-0 assertions.
18:19:57 INFO - 1411 INFO MEMORY STAT vsize after test: 840101888
18:19:57 INFO - 1412 INFO MEMORY STAT vsizeMaxContiguous after test: 8297398345728
18:19:57 INFO - 1413 INFO MEMORY STAT residentFast after test: 331448320
18:19:57 INFO - 1414 INFO MEMORY STAT heapAllocated after test: 57568536
18:19:57 INFO - 1415 INFO TEST-OK | browser/components/preferences/in-content/tests/browser_change_app_handler.js | took 90359ms
18:19:57 INFO - 1416 INFO TEST-UNEXPECTED-FAIL | browser/components/preferences/in-content/tests/browser_change_app_handler.js | Found a tab after previous test timed out: about:preferences#applications - expected PASS
