UNEXPECTED failure in _tests/xpcshell/test_uriloader_exthandler/unit/test_handlerService.js
User-Agent: Mozilla/5.0 (X11; U; Linux x86_64; en-US; rv:1.9.2.17) Gecko/20110421 Red Hat/3.6.17-1.el6_0 Firefox/3.6.17
Build Identifier: Mozilla/5.0 (X11; U; Linux x86_64; en-US; rv:1.9.2.17) Gecko/20110421 Red Hat/3.6.17-1.el6_0 Firefox/3.6.17

TEST-UNEXPECTED-FAIL | /root/rpmbuild/BUILD/xulrunner-1.9.2.17/mozilla-1.9.2/_tests/xpcshell/test_uriloader_exthandler/unit/test_handlerService.js | test failed (with xpcshell return code: 0), see following log:

Reproducible: Always

Steps to Reproduce:
1. compile ff
2. run python -u ./config/pythonpath.py -I./build ./testing/xpcshell/runxpcshelltests.py /usr/lib64/xulrunner-1.9.2/xpcshell /root/rpmbuild/BUILD/xulrunner-1.9.2.17/mozilla-1.9.2/_tests/xpcshell/test_uriloader_exthandler/unit from $OBJ_PATH
3.

Actual Results:
TEST-UNEXPECTED-FAIL | /root/rpmbuild/BUILD/xulrunner-1.9.2.17/mozilla-1.9.2/_tests/xpcshell/test_uriloader_exthandler/unit/test_handlerService.js | test failed (with xpcshell return code: 0), see following log:
>>>>>>>
*** HandlerServiceTest: getFile: requesting UMimTyp
*** HandlerServiceTest: getFile: requesting CurProcD
*** HandlerServiceTest: the following NS_ERROR_FAILURE exception in nsIDirectoryServiceProvider::getFile is expected, a we don't provide the 'CurProcD' file
TEST-INFO | (xpcshell/head.js) | test 1 pending
*** HandlerServiceTest: getFile: requesting ProfDS
*** HandlerServiceTest: the following NS_ERROR_FAILURE exception in nsIDirectoryServiceProvider::getFile is expected, a we don't provide the 'ProfDS' file
*** HandlerServiceTest: getFile: requesting ProfD
*** HandlerServiceTest: the following NS_ERROR_FAILURE exception in nsIDirectoryServiceProvider::getFile is expected, a we don't provide the 'ProfD' file
*** HandlerServiceTest: getFile: requesting TmpD
*** HandlerServiceTest: the following NS_ERROR_FAILURE exception in nsIDirectoryServiceProvider::getFile is expected, a we don't provide the 'TmpD' file
*** HandlerServiceTest: getFile: requesting Home
*** HandlerServiceTest: the following NS_ERROR_FAILURE exception in nsIDirectoryServiceProvider::getFile is expected, a we don't provide the 'Home' file
TEST-PASS | /root/rpmbuild/BUILD/xulrunner-1.9.2.17/mozilla-1.9.2/_tests/xpcshell/test_uriloader_exthandler/unit/test_handlerService.js | [run_test : 107] true == true
TEST-PASS | /root/rpmbuild/BUILD/xulrunner-1.9.2.17/mozilla-1.9.2/_tests/xpcshell/test_uriloader_exthandler/unit/test_handlerService.js | [run_test : 109] nonexistent/type == nonexistent/type
TEST-PASS | /root/rpmbuild/BUILD/xulrunner-1.9.2.17/mozilla-1.9.2/_tests/xpcshell/test_uriloader_exthandler/unit/test_handlerService.js | [run_test : 112] nonexistent/type == nonexistent/type
TEST-PASS | /root/rpmbuild/BUILD/xulrunner-1.9.2.17/mozilla-1.9.2/_tests/xpcshell/test_uriloader_exthandler/unit/test_handlerService.js | [run_test : 115] 0 == 0
TEST-PASS | /root/rpmbuild/BUILD/xulrunner-1.9.2.17/mozilla-1.9.2/_tests/xpcshell/test_uriloader_exthandler/unit/test_handlerService.js | [run_test : 116] null == null
TEST-PASS | /root/rpmbuild/BUILD/xulrunner-1.9.2.17/mozilla-1.9.2/_tests/xpcshell/test_uriloader_exthandler/unit/test_handlerService.js | [run_test : 117] 0 == 0
TEST-PASS | /root/rpmbuild/BUILD/xulrunner-1.9.2.17/mozilla-1.9.2/_tests/xpcshell/test_uriloader_exthandler/unit/test_handlerService.js | [run_test : 118] true == true
TEST-PASS | /root/rpmbuild/BUILD/xulrunner-1.9.2.17/mozilla-1.9.2/_tests/xpcshell/test_uriloader_exthandler/unit/test_handlerService.js | [run_test : 122] ==
TEST-PASS | /root/rpmbuild/BUILD/xulrunner-1.9.2.17/mozilla-1.9.2/_tests/xpcshell/test_uriloader_exthandler/unit/test_handlerService.js | [run_test : 123] false == false
TEST-PASS | /root/rpmbuild/BUILD/xulrunner-1.9.2.17/mozilla-1.9.2/_tests/xpcshell/test_uriloader_exthandler/unit/test_handlerService.js | [run_test : 124] ==
TEST-PASS | /root/rpmbuild/BUILD/xulrunner-1.9.2.17/mozilla-1.9.2/_tests/xpcshell/test_uriloader_exthandler/unit/test_handlerService.js | [run_test : 146] 1 == 1
TEST-PASS | /root/rpmbuild/BUILD/xulrunner-1.9.2.17/mozilla-1.9.2/_tests/xpcshell/test_uriloader_exthandler/unit/test_handlerService.js | [run_test : 147] true == true
TEST-PASS | /root/rpmbuild/BUILD/xulrunner-1.9.2.17/mozilla-1.9.2/_tests/xpcshell/test_uriloader_exthandler/unit/test_handlerService.js | [run_test : 154] 0 == 0
TEST-UNEXPECTED-FAIL | /root/rpmbuild/BUILD/xulrunner-1.9.2.17/mozilla-1.9.2/_tests/xpcshell/test_uriloader_exthandler/unit/test_handlerService.js | true == false - See following stack:
JS frame :: /root/rpmbuild/BUILD/xulrunner-1.9.2.17/mozilla-1.9.2/testing/xpcshell/head.js :: do_throw :: line 200
JS frame :: /root/rpmbuild/BUILD/xulrunner-1.9.2.17/mozilla-1.9.2/testing/xpcshell/head.js :: do_check_eq :: line 230
JS frame :: /root/rpmbuild/BUILD/xulrunner-1.9.2.17/mozilla-1.9.2/testing/xpcshell/head.js :: do_check_false :: line 249
JS frame :: /root/rpmbuild/BUILD/xulrunner-1.9.2.17/mozilla-1.9.2/_tests/xpcshell/test_uriloader_exthandler/unit/test_handlerService.js :: run_test :: line 155
JS frame :: /root/rpmbuild/BUILD/xulrunner-1.9.2.17/mozilla-1.9.2/testing/xpcshell/head.js :: _execute_test :: line 128
JS frame :: -e :: <TOP_LEVEL> :: line 1
TEST-INFO | (xpcshell/head.js) | exiting test

<<<<<<<


Expected Results:
no failure

appears in 3.6.17
