Places unit tests failing, test_bookmarks.js :: run_test :: line 139
Log excerpt from make check

gmake[2]: Entering directory `/home/rob/projects/slave/trunk_linux/mozilla/objdir/browser/components/places'
gmake[3]: Entering directory `/home/rob/projects/slave/trunk_linux/mozilla/objdir/browser/components/places/tests'
../../../../dist/bin/run-mozilla.sh ../../../../dist/bin/test_all.sh ../../../../dist/bin/test_places
../../../../dist/bin/test_places/test_annotations.js: PASS
../../../../dist/bin/test_places/test_bookmarks.js: FAIL
../../../../dist/bin/test_places/test_bookmarks.js.log:
>>>>>>>
*** test pending
*** exiting
*** CHECK FAILED: 0 == 3
JS frame :: ../../../../dist/bin/test-harness/xpcshell-simple/head.js :: do_throw :: line 98
JS frame :: ../../../../dist/bin/test-harness/xpcshell-simple/head.js :: do_check_eq :: line 113
JS frame :: ../../../../dist/bin/test_places/test_bookmarks.js :: run_test :: line 139
JS frame :: ../../../../dist/bin/test-harness/xpcshell-simple/tail.js :: <TOP_LEVEL> :: line 41
2147500036
*** FAIL ***

<<<<<<<
../../../../dist/bin/test_places/test_history.js: PASS
../../../../dist/bin/test_places/test_livemarks.js: PASS
gmake[3]: *** [check] Error 1
gmake[3]: Leaving directory `/home/rob/projects/slave/trunk_linux/mozilla/objdir/browser/components/places/tests'
gmake[2]: *** [check] Error 2
gmake[2]: Leaving directory `/home/rob/projects/slave/trunk_linux/mozilla/objdir/browser/components/places'
gmake[1]: *** [check] Error 2
gmake[1]: Leaving directory `/home/rob/projects/slave/trunk_linux/mozilla/objdir/browser/components'
make: *** [check] Error 2
program finished with exit code 2