Intermittent timeout in browser_354894.js
http://tinderbox.mozilla.org/showlog.cgi?log=Firefox-Unittest/1258022807.1258028784.4255.gz#err0
Linux mozilla-central debug test everythingelse on 2009/11/12 02:46:47  

Lots of spew, someone would need to load the huge full log to see if there are clues amongst it, tailing off with 

JavaScript error: , line 0: uncaught exception: [Exception... "Component returned failure code: 0x80004005 (NS_ERROR_FAILURE) [nsIObserverService.removeObserver]"  nsresult: "0x80004005 (NS_ERROR_FAILURE)"  location: "JS frame :: chrome://browser/content/browser.js :: BrowserShutdown :: line 3696"  data: no]
************************************************************
* Call to xpconnect wrapped JSObject produced this error:  *
[Exception... "'JavaScript component does not have a method named: "notify"' when calling method: [nsITimerCallback::notify]"  nsresult: "0x80570030 (NS_ERROR_XPC_JSOBJECT_HAS_NO_FUNCTION_NAMED)"  location: "<unknown>"  data: no]
************************************************************
WARNING: NS_ENSURE_SUCCESS(rv, 0) failed with result 0x8000FFFF: file /builds/slave/mozilla-central-linux-debug/build/content/base/src/nsContentUtils.cpp, line 2755
TEST-INFO | chrome://mochikit/content/browser/browser/components/sessionstore/test/browser/browser_354894.js | Console message: [JavaScript Error: "[Exception... "Component returned failure code: 0x80004005 (NS_ERROR_FAILURE) [nsIObserverService.removeObserver]"  nsresult: "0x80004005 (NS_ERROR_FAILURE)"  location: "JS frame :: chrome://browser/content/browser.js :: FullZoom_destroy :: line 175"  data: no]" {file: "chrome://browser/content/browser.js" line: 3691}]
TEST-INFO | chrome://mochikit/content/browser/browser/components/sessionstore/test/browser/browser_354894.js | Console message: [JavaScript Error: "uncaught exception: [Exception... "Component returned failure code: 0x80004005 (NS_ERROR_FAILURE) [nsIObserverService.removeObserver]"  nsresult: "0x80004005 (NS_ERROR_FAILURE)"  location: "JS frame :: chrome://browser/content/browser.js :: BrowserShutdown :: line 3696"  data: no]"]
TEST-UNEXPECTED-FAIL | chrome://mochikit/content/browser/browser/components/sessionstore/test/browser/browser_354894.js | Timed out