Intermittent browser_webconsole_bug_597103_deactivateHUDForContext_unfocused_window.js | uncaught exception - NS_ERROR_FAILURE: Component returned failure code: 0x80004005 (NS_ERROR_FAILURE) [nsIWebProgress.removeProgressListener] | Test timed out
Created attachment 758832
osx screenshot

https://tbpl.mozilla.org/php/getParsedLog.php?id=23820165&tree=Fx-Team

Rev5 MacOSX Mountain Lion 10.8 fx-team opt test mochitest-browser-chrome on 2013-06-05 10:32:06 PDT for push 0f23a2e50620
slave: talos-mtnlion-r5-055

10:50:36     INFO -  TEST-START | chrome://mochitests/content/browser/browser/devtools/webconsole/test/browser_webconsole_bug_597103_deactivateHUDForContext_unfocused_window.js
10:50:36     INFO -  TEST-INFO | chrome://mochitests/content/browser/browser/devtools/webconsole/test/browser_webconsole_bug_597103_deactivateHUDForContext_unfocused_window.js | Console message: OpenGL LayerManager Initialized Succesfully.
10:50:36     INFO -  Version: 2.1 APPLE-8.0.51
10:50:36     INFO -  Vendor: Intel Inc.
10:50:36     INFO -  Renderer: Intel HD Graphics 3000 OpenGL Engine
10:50:36     INFO -  FBO Texture Target: TEXTURE_2D
10:50:36     INFO -  1370454636495	Sync.Status	DEBUG	Status.login: error.login.reason.no_username => error.login.reason.no_username
10:50:36     INFO -  1370454636495	Sync.Status	DEBUG	Status.service: service.client_not_configured => service.client_not_configured
10:50:38     INFO -  TEST-PASS | chrome://mochitests/content/browser/browser/devtools/webconsole/test/browser_webconsole_bug_597103_deactivateHUDForContext_unfocused_window.js | there were no errors
10:50:38  WARNING -  TEST-UNEXPECTED-FAIL | chrome://mochitests/content/browser/browser/devtools/webconsole/test/browser_webconsole_bug_597103_deactivateHUDForContext_unfocused_window.js | uncaught exception - NS_ERROR_FAILURE: Component returned failure code: 0x80004005 (NS_ERROR_FAILURE) [nsIWebProgress.removeProgressListener] at chrome://browser/content/tabbrowser.xml:1715
10:50:38     INFO -  Stack trace:
10:50:38     INFO -      JS frame :: chrome://mochikit/content/tests/SimpleTest/SimpleTest.js :: simpletestOnerror :: line 1136
10:50:38     INFO -      native frame :: <unknown filename> :: <TOP_LEVEL> :: line 0
10:50:38     INFO -  TEST-INFO | chrome://mochitests/content/browser/browser/devtools/webconsole/test/browser_webconsole_bug_597103_deactivateHUDForContext_unfocused_window.js | Console message: [JavaScript Error: "NS_ERROR_FAILURE: Component returned failure code: 0x80004005 (NS_ERROR_FAILURE) [nsIWebProgress.removeProgressListener]" {file: "chrome://browser/content/tabbrowser.xml" line: 1715}]
10:51:06  WARNING -  TEST-UNEXPECTED-FAIL | chrome://mochitests/content/browser/browser/devtools/webconsole/test/browser_webconsole_bug_597103_deactivateHUDForContext_unfocused_window.js | Test timed out
10:51:06     INFO -  args: ['/usr/sbin/screencapture', '-C', '-x', '-t', 'png', '/var/folders/zp/62c7k2vn5x79yp_l57twm0mh00000w/T/mozilla-test-fail_6ES0uP']
10:51:06     INFO -  libpng warning: zero length keyword
10:51:06     INFO -  libpng warning: Empty language field in iTXt chunk
10:51:08     INFO -  SCREENSHOT: <see attached>
10:51:08     INFO -  INFO TEST-END | chrome://mochitests/content/browser/browser/devtools/webconsole/test/browser_webconsole_bug_597103_deactivateHUDForContext_unfocused_window.js | finished in 30033ms
10:51:08     INFO -  TEST-INFO | checking window state
10:51:08  WARNING -  TEST-UNEXPECTED-FAIL | chrome://mochitests/content/browser/browser/devtools/webconsole/test/browser_webconsole_bug_597103_deactivateHUDForContext_unfocused_window.js | Found a browser window after previous test timed out