Intermittent in-content/tests/browser_privacypane_5.js | Test timed out, Found a tab
https://tbpl.mozilla.org/php/getParsedLog.php?id=36304867&tree=Mozilla-Central
Rev3 Fedora 12x64 mozilla-central debug test mochitest-browser-chrome on 2014-03-17 17:07:21 PDT for push 5d61fabc49a8
slave: talos-r3-fed64-055

17:24:35     INFO -  TEST-PASS | chrome://mochitests/content/browser/browser/components/preferences/in-content/tests/browser_privacypane_5.js | location bar suggestion is expected to remain -1
17:24:35     INFO -  [Parent 3113] WARNING: NS_ENSURE_TRUE(mMutable) failed: file /builds/slave/m-cen-l64-d-000000000000000000/build/netwerk/base/src/nsSimpleURI.cpp, line 265
17:24:35     INFO -  [Parent 3113] WARNING: NS_ENSURE_TRUE(docShell) failed: file /builds/slave/m-cen-l64-d-000000000000000000/build/dom/base/nsHistory.cpp, line 313
17:24:35     INFO -  JavaScript error: chrome://browser/content/preferences/in-content/preferences.js, line 37: NS_ERROR_FAILURE:
17:24:35     INFO -  ++DOCSHELL 0xb8d55f0 == 50 [pid = 3113] [id = 1364]
17:24:35     INFO -  ++DOMWINDOW == 149 (0x61504a0) [pid = 3113] [serial = 3743] [outer = (nil)]
17:24:35     INFO -  ++DOMWINDOW == 150 (0x9ea9f40) [pid = 3113] [serial = 3744] [outer = 0x61504a0]
17:24:35     INFO -  [Parent 3113] WARNING: NS_ENSURE_TRUE(mMutable) failed: file /builds/slave/m-cen-l64-d-000000000000000000/build/netwerk/base/src/nsSimpleURI.cpp, line 265
17:24:35     INFO -  TEST-INFO | chrome://mochitests/content/browser/browser/components/preferences/in-content/tests/browser_privacypane_5.js | Console message: [JavaScript Error: "NS_ERROR_FAILURE: " {file: "chrome://browser/content/preferences/in-content/preferences.js" line: 37}]
17:24:35     INFO -  ++DOMWINDOW == 151 (0xb1c4ae0) [pid = 3113] [serial = 3745] [outer = 0x61504a0]
17:24:35     INFO -  [Parent 3113] WARNING: NS_ENSURE_SUCCESS(rv, rv) failed with result 0x80520012: file /builds/slave/m-cen-l64-d-000000000000000000/build/layout/style/Loader.cpp, line 1998
17:24:35     INFO -  [Parent 3113] WARNING: Surface size too large (exceeds caller's limit)!: file /builds/slave/m-cen-l64-d-000000000000000000/build/gfx/thebes/gfxASurface.cpp, line 400
17:25:49  WARNING -  TEST-UNEXPECTED-FAIL | chrome://mochitests/content/browser/browser/components/preferences/in-content/tests/browser_privacypane_5.js | Test timed out
17:25:49     INFO -  TEST-INFO | MEMORY STAT vsize after test: 2777563136
17:25:49     INFO -  TEST-INFO | MEMORY STAT residentFast after test: 414601216
17:25:49     INFO -  INFO TEST-END | chrome://mochitests/content/browser/browser/components/preferences/in-content/tests/browser_privacypane_5.js | finished in 69652ms
17:25:49  WARNING -  TEST-UNEXPECTED-FAIL | chrome://mochitests/content/browser/browser/components/preferences/in-content/tests/browser_privacypane_5.js | Found a tab after previous test timed out: about:preferences