Alder branch doesn't build on linuxQT
Apparently libjingle still link with gtk/gdk here are the errors:

/builds/slave/try-linuxqt/build/obj-firefox/_virtualenv/bin/python /builds/slave/try-linuxqt/build/config/pythonpath.py -I../../config /builds/slave/try-linuxqt/build/config/expandlibs_exec.py --uselist -- /usr/bin/ccache /tools/gcc-4.5-0moz3/bin/g++ -fno-rtti -pedantic -Wall -Wpointer-arith -Woverloaded-virtual -Werror=return-type -Wtype-limits -Wempty-body -Wno-ctor-dtor-privacy -Wno-overlength-strings -Wno-invalid-offsetof -Wno-variadic-macros -Wcast-align -Wno-long-long -fno-exceptions -fno-strict-aliasing -std=gnu++0x -ffunction-sections -fdata-sections -pthread -pipe -DNDEBUG -DTRIMMED -g -Os -freorder-blocks -finline-limit=50 -fomit-frame-pointer -o nsIFileEnumerator nsIFileEnumerator.o -lpthread -Wl,-z,noexecstack -Wl,-rpath-link,/builds/slave/try-linuxqt/build/obj-firefox/dist/bin -Wl,-rpath-link,/usr/local/lib -L../../dist/bin -L../../dist/lib -L/builds/slave/try-linuxqt/build/obj-firefox/dist/bin -lxpcom -lmozalloc -lxul /builds/slave/try-linuxqt/build/obj-firefox/dist/lib/libxpcomglue_s.a -L/builds/slave/try-linuxqt/build/obj-firefox/dist/bin -lxpcom -lmozalloc -L/builds/slave/try-linuxqt/build/obj-firefox/dist/lib -lplds4 -lplc4 -lnspr4 -lpthread -ldl /builds/slave/try-linuxqt/build/obj-firefox/dist/lib/libjs_static.a -Wl,--whole-archive /builds/slave/try-linuxqt/build/obj-firefox/dist/lib/libmozglue.a /builds/slave/try-linuxqt/build/obj-firefox/dist/lib/libmemory.a -Wl,--no-whole-archive -rdynamic -ldl -lrt ../../build/unix/stdc++compat/libstdc++compat.a
/builds/slave/try-linuxqt/build/obj-firefox/_virtualenv/bin/python /builds/slave/try-linuxqt/build/config/pythonpath.py -I../../config /builds/slave/try-linuxqt/build/config/expandlibs_exec.py --uselist -- /usr/bin/ccache /tools/gcc-4.5-0moz3/bin/g++ -fno-rtti -pedantic -Wall -Wpointer-arith -Woverloaded-virtual -Werror=return-type -Wtype-limits -Wempty-body -Wno-ctor-dtor-privacy -Wno-overlength-strings -Wno-invalid-offsetof -Wno-variadic-macros -Wcast-align -Wno-long-long -fno-exceptions -fno-strict-aliasing -std=gnu++0x -ffunction-sections -fdata-sections -pthread -pipe -DNDEBUG -DTRIMMED -g -Os -freorder-blocks -finline-limit=50 -fomit-frame-pointer -o TestCallTemplates TestCallTemplates.o -lpthread -Wl,-z,noexecstack -Wl,-rpath-link,/builds/slave/try-linuxqt/build/obj-firefox/dist/bin -Wl,-rpath-link,/usr/local/lib -L../../dist/bin -L../../dist/lib -L/builds/slave/try-linuxqt/build/obj-firefox/dist/bin -lxpcom -lmozalloc -lxul /builds/slave/try-linuxqt/build/obj-firefox/dist/lib/libxpcomglue_s.a -L/builds/slave/try-linuxqt/build/obj-firefox/dist/bin -lxpcom -lmozalloc -L/builds/slave/try-linuxqt/build/obj-firefox/dist/lib -lplds4 -lplc4 -lnspr4 -lpthread -ldl /builds/slave/try-linuxqt/build/obj-firefox/dist/lib/libjs_static.a -Wl,--whole-archive /builds/slave/try-linuxqt/build/obj-firefox/dist/lib/libmozglue.a /builds/slave/try-linuxqt/build/obj-firefox/dist/lib/libmemory.a -Wl,--no-whole-archive -rdynamic -ldl -lrt ../../build/unix/stdc++compat/libstdc++compat.a
/builds/slave/try-linuxqt/build/obj-firefox/_virtualenv/bin/python /builds/slave/try-linuxqt/build/config/pythonpath.py -I../../config /builds/slave/try-linuxqt/build/config/expandlibs_exec.py --uselist -- /usr/bin/ccache /tools/gcc-4.5-0moz3/bin/g++ -fno-rtti -pedantic -Wall -Wpointer-arith -Woverloaded-virtual -Werror=return-type -Wtype-limits -Wempty-body -Wno-ctor-dtor-privacy -Wno-overlength-strings -Wno-invalid-offsetof -Wno-variadic-macros -Wcast-align -Wno-long-long -fno-exceptions -fno-strict-aliasing -std=gnu++0x -ffunction-sections -fdata-sections -pthread -pipe -DNDEBUG -DTRIMMED -g -Os -freorder-blocks -finline-limit=50 -fomit-frame-pointer -o TestINIParser TestINIParser.o -lpthread -Wl,-z,noexecstack -Wl,-rpath-link,/builds/slave/try-linuxqt/build/obj-firefox/dist/bin -Wl,-rpath-link,/usr/local/lib -L../../dist/bin -L../../dist/lib -L/builds/slave/try-linuxqt/build/obj-firefox/dist/bin -lxpcom -lmozalloc -lxul /builds/slave/try-linuxqt/build/obj-firefox/dist/lib/libxpcomglue_s.a -L/builds/slave/try-linuxqt/build/obj-firefox/dist/bin -lxpcom -lmozalloc -L/builds/slave/try-linuxqt/build/obj-firefox/dist/lib -lplds4 -lplc4 -lnspr4 -lpthread -ldl /builds/slave/try-linuxqt/build/obj-firefox/dist/lib/libjs_static.a -Wl,--whole-archive /builds/slave/try-linuxqt/build/obj-firefox/dist/lib/libmozglue.a /builds/slave/try-linuxqt/build/obj-firefox/dist/lib/libmemory.a -Wl,--no-whole-archive -rdynamic -ldl -lrt ../../build/unix/stdc++compat/libstdc++compat.a
../../dist/bin/libxul.so: undefined reference to `gtk_main_iteration'
../../dist/bin/libxul.so: undefined reference to `gdk_threads_leave'
../../dist/bin/libxul.so: undefined reference to `gtk_widget_destroy'
../../dist/bin/libxul.so: undefined reference to `gdk_draw_rgb_32_image'
../../dist/bin/libxul.so: undefined reference to `gtk_drawing_area_new'
../../dist/bin/libxul.so: undefined reference to `gtk_window_set_title'
../../dist/bin/libxul.so: undefined reference to `gtk_init'
../../dist/bin/libxul.so: undefined reference to `gtk_window_set_resizable'
../../dist/bin/libxul.so: undefined reference to `gtk_window_set_position'
../../dist/bin/libxul.so: undefined reference to `gtk_window_move'
../../dist/bin/libxul.so: undefined reference to `gtk_container_get_type'
../../dist/bin/libxul.so: undefined reference to `gdk_threads_enter'
../../dist/bin/libxul.so: undefined reference to `gdk_threads_init'
../../dist/bin/libxul.so: undefined reference to `gtk_widget_show_all'
../../dist/bin/libxul.so: undefined reference to `gtk_events_pending'
../../dist/bin/libxul.so: undefined reference to `gtk_window_new'
../../dist/bin/libxul.so: undefined reference to `gtk_container_add'
../../dist/bin/libxul.so: undefined reference to `gtk_window_get_type'
../../dist/bin/libxul.so: undefined reference to `gtk_drawing_area_get_type'
../../dist/bin/libxul.so: undefined reference to `gtk_widget_set_size_request'
collect2: ld returned 1 exit status
make[6]: *** [nsIFileEnumerator] Error 1
make[6]: *** Waiting for unfinished jobs....
../../dist/bin/libxul.so: undefined reference to `gtk_main_iteration'
../../dist/bin/libxul.so: undefined reference to `gdk_threads_leave'
../../dist/bin/libxul.so: undefined reference to `gtk_widget_destroy'
../../dist/bin/libxul.so: undefined reference to `gdk_draw_rgb_32_image'
../../dist/bin/libxul.so: undefined reference to `gtk_drawing_area_new'
../../dist/bin/libxul.so: undefined reference to `gtk_window_set_title'
../../dist/bin/libxul.so: undefined reference to `gtk_init'
../../dist/bin/libxul.so: undefined reference to `gtk_window_set_resizable'
../../dist/bin/libxul.so: undefined reference to `gtk_window_set_position'
../../dist/bin/libxul.so: undefined reference to `gtk_window_move'
../../dist/bin/libxul.so: undefined reference to `gtk_container_get_type'
../../dist/bin/libxul.so: undefined reference to `gdk_threads_enter'
../../dist/bin/libxul.so: undefined reference to `gdk_threads_init'
../../dist/bin/libxul.so: undefined reference to `gtk_widget_show_all'
../../dist/bin/libxul.so: undefined reference to `gtk_events_pending'
../../dist/bin/libxul.so: undefined reference to `gtk_window_new'
../../dist/bin/libxul.so: undefined reference to `gtk_container_add'
../../dist/bin/libxul.so: undefined reference to `gtk_window_get_type'
../../dist/bin/libxul.so: undefined reference to `gtk_drawing_area_get_type'
../../dist/bin/libxul.so: undefined reference to `gtk_widget_set_size_request'
collect2: ld returned 1 exit status
make[6]: *** [TestCallTemplates] Error 1
../../dist/bin/libxul.so: undefined reference to `gtk_main_iteration'
../../dist/bin/libxul.so: undefined reference to `gdk_threads_leave'
../../dist/bin/libxul.so: undefined reference to `gtk_widget_destroy'
../../dist/bin/libxul.so: undefined reference to `gdk_draw_rgb_32_image'
../../dist/bin/libxul.so: undefined reference to `gtk_drawing_area_new'
../../dist/bin/libxul.so: undefined reference to `gtk_window_set_title'
../../dist/bin/libxul.so: undefined reference to `gtk_init'
../../dist/bin/libxul.so: undefined reference to `gtk_window_set_resizable'
../../dist/bin/libxul.so: undefined reference to `gtk_window_set_position'
../../dist/bin/libxul.so: undefined reference to `gtk_window_move'
../../dist/bin/libxul.so: undefined reference to `gtk_container_get_type'
../../dist/bin/libxul.so: undefined reference to `gdk_threads_enter'
../../dist/bin/libxul.so: undefined reference to `gdk_threads_init'
../../dist/bin/libxul.so: undefined reference to `gtk_widget_show_all'
../../dist/bin/libxul.so: undefined reference to `gtk_events_pending'
../../dist/bin/libxul.so: undefined reference to `gtk_window_new'
../../dist/bin/libxul.so: undefined reference to `gtk_container_add'
../../dist/bin/libxul.so: undefined reference to `gtk_window_get_type'
../../dist/bin/libxul.so: undefined reference to `gtk_drawing_area_get_type'
../../dist/bin/libxul.so: undefined reference to `gtk_widget_set_size_request'
collect2: ld returned 1 exit status
make[6]: *** [TestINIParser] Error 1
