Intermittent test_Prototype.html | testElementAncestors - 2 assertions, 1 failures, 0 errors
https://tbpl.mozilla.org/php/getParsedLog.php?id=43959719&tree=Mozilla-Inbound
Ubuntu VM 12.04 mozilla-inbound debug test mochitest-3 on 2014-07-16 12:15:44 PDT for push e1775897a13e

slave: tst-linux32-spot-481



12:32:14     INFO -  1835 INFO TEST-START | /tests/dom/tests/mochitest/ajax/prototype/test_Prototype.html
12:32:14     INFO -  ++DOMWINDOW == 74 (0x76f71f20) [pid = 1762] [serial = 1827] [outer = 0xa35e2570]
12:32:14     INFO -  ++DOCSHELL 0x80057800 == 15 [pid = 1762] [id = 466]
12:32:14     INFO -  ++DOMWINDOW == 75 (0x76f724f0) [pid = 1762] [serial = 1828] [outer = (nil)]
12:32:14     INFO -  [Parent 1762] WARNING: NS_ENSURE_TRUE(nsContentUtils::GetCurrentJSContext()) failed: file /builds/slave/m-in-lx-d-00000000000000000000/build/docshell/base/nsDocShell.cpp, line 8687
12:32:14     INFO -  [Parent 1762] WARNING: NS_ENSURE_TRUE(globalObject && globalObject->GetGlobalJSObject()) failed: file /builds/slave/m-in-lx-d-00000000000000000000/build/content/html/document/src/nsHTMLContentSink.cpp, line 742
12:32:14     INFO -  ++DOMWINDOW == 76 (0x76f728d0) [pid = 1762] [serial = 1829] [outer = 0x76f724f0]
12:32:14     INFO -  System JS : ERROR jar:file:///builds/slave/test/build/application/firefox/omni.ja!/components/nsHandlerService.js:891 - NS_ERROR_FAILURE: Component returned failure code: 0x80004005 (NS_ERROR_FAILURE) [nsIProperties.get]
12:32:14     INFO -  ++DOMWINDOW == 77 (0x76f72ea0) [pid = 1762] [serial = 1830] [outer = 0x76f724f0]
12:32:14     INFO -  System JS : ERROR jar:file:///builds/slave/test/build/application/firefox/omni.ja!/components/nsHandlerService.js:891 - NS_ERROR_FAILURE: Component returned failure code: 0x80004005 (NS_ERROR_FAILURE) [nsIProperties.get]
12:32:15     INFO -  System JS : ERROR jar:file:///builds/slave/test/build/application/firefox/omni.ja!/components/nsHandlerService.js:891 - NS_ERROR_FAILURE: Component returned failure code: 0x80004005 (NS_ERROR_FAILURE) [nsIProperties.get]
12:32:15     INFO -  System JS : ERROR jar:file:///builds/slave/test/build/application/firefox/omni.ja!/components/nsHandlerService.js:891 - NS_ERROR_FAILURE: Component returned failure code: 0x80004005 (NS_ERROR_FAILURE) [nsIProperties.get]
12:32:15     INFO -  System JS : ERROR jar:file:///builds/slave/test/build/application/firefox/omni.ja!/components/nsHandlerService.js:891 - NS_ERROR_FAILURE: Component returned failure code: 0x80004005 (NS_ERROR_FAILURE) [nsIProperties.get]
12:32:16     INFO -  System JS : ERROR jar:file:///builds/slave/test/build/application/firefox/omni.ja!/components/nsHandlerService.js:891 - NS_ERROR_FAILURE: Component returned failure code: 0x80004005 (NS_ERROR_FAILURE) [nsIProperties.get]
12:32:17     INFO -  System JS : ERROR jar:file:///builds/slave/test/build/application/firefox/omni.ja!/components/nsHandlerService.js:891 - NS_ERROR_FAILURE: Component returned failure code: 0x80004005 (NS_ERROR_FAILURE) [nsIProperties.get]
12:32:17     INFO -  ++DOMWINDOW == 78 (0x76f72110) [pid = 1762] [serial = 1831] [outer = 0x76f724f0]
12:32:17     INFO -  System JS : ERROR jar:file:///builds/slave/test/build/application/firefox/omni.ja!/components/nsHandlerService.js:891 - NS_ERROR_FAILURE: Component returned failure code: 0x80004005 (NS_ERROR_FAILURE) [nsIProperties.get]
12:32:18     INFO -  ++DOMWINDOW == 79 (0x76f75750) [pid = 1762] [serial = 1832] [outer = 0x76f724f0]
12:32:18     INFO -  System JS : ERROR jar:file:///builds/slave/test/build/application/firefox/omni.ja!/components/nsHandlerService.js:891 - NS_ERROR_FAILURE: Component returned failure code: 0x80004005 (NS_ERROR_FAILURE) [nsIProperties.get]
12:32:18     INFO -  System JS : ERROR jar:file:///builds/slave/test/build/application/firefox/omni.ja!/components/nsHandlerService.js:891 - NS_ERROR_FAILURE: Component returned failure code: 0x80004005 (NS_ERROR_FAILURE) [nsIProperties.get]
12:32:21     INFO -  ++DOMWINDOW == 80 (0x90913090) [pid = 1762] [serial = 1833] [outer = 0x76f724f0]
12:32:22     INFO -  System JS : ERROR jar:file:///builds/slave/test/build/application/firefox/omni.ja!/components/nsHandlerService.js:891 - NS_ERROR_FAILURE: Component returned failure code: 0x80004005 (NS_ERROR_FAILURE) [nsIProperties.get]
12:32:22     INFO -  System JS : ERROR jar:file:///builds/slave/test/build/application/firefox/omni.ja!/components/nsHandlerService.js:891 - NS_ERROR_FAILURE: Component returned failure code: 0x80004005 (NS_ERROR_FAILURE) [nsIProperties.get]
12:32:22     INFO -  --DOCSHELL 0x77071c00 == 14 [pid = 1762] [id = 457]
12:32:22     INFO -  --DOMWINDOW == 79 (0x76f73a40) [pid = 1762] [serial = 1772] [outer = (nil)] [url = http://mochi.test:8888/tests/dom/tests/mochitest/ajax/offline/test_identicalManifest.html]
12:32:22     INFO -  --DOCSHELL 0x90dd4000 == 13 [pid = 1762] [id = 464]
12:32:22     INFO -  --DOCSHELL 0x90dd2800 == 12 [pid = 1762] [id = 461]
12:32:22     INFO -  --DOMWINDOW == 78 (0x90912ac0) [pid = 1762] [serial = 1820] [outer = 0x909128d0] [url = about:blank]
12:32:23     INFO -  [Parent 1762] WARNING: NS_ENSURE_SUCCESS(rv, BadImage(newImage)) failed with result 0x80540006: file /builds/slave/m-in-lx-d-00000000000000000000/build/image/src/ImageFactory.cpp, line 215
12:32:24     INFO -  1836 INFO TEST-INFO | dumping last 100 message(s)
12:32:24     INFO -  1837 INFO TEST-INFO | if you need more context, please use SimpleTest.requestCompleteLog() in your test
12:32:24     INFO -  1838 INFO TEST-PASS | /tests/dom/tests/mochitest/ajax/prototype/test_Prototype.html | testEvalJS - 1 assertions, 0 failures, 0 errors
12:32:24     INFO -  Info: You must be running your tests from rake to test this feature.
12:32:24     INFO -  1839 INFO TEST-PASS | /tests/dom/tests/mochitest/ajax/prototype/test_Prototype.html | testCallbacks - 2 assertions, 0 failures, 0 errors
12:32:24     INFO -  1840 INFO TEST-PASS | /tests/dom/tests/mochitest/ajax/prototype/test_Prototype.html | testResponseText - 2 assertions, 0 failures, 0 errors
12:32:24     INFO -  1841 INFO TEST-PASS | /tests/dom/tests/mochitest/ajax/prototype/test_Prototype.html | testResponseXML - 0 assertions, 0 failures, 0 errors
12:32:24     INFO -  Info: You must be running your tests from rake to test this feature.
12:32:24     INFO -  1842 INFO TEST-PASS | /tests/dom/tests/mochitest/ajax/prototype/test_Prototype.html | testResponseJSON - 1 assertions, 0 failures, 0 errors
12:32:24     INFO -  Info: You must be running your tests from rake to test this feature.
12:32:24     INFO -  1843 INFO TEST-PASS | /tests/dom/tests/mochitest/ajax/prototype/test_Prototype.html | testHeaderJSON - 0 assertions, 0 failures, 0 errors
12:32:24     INFO -  Info: You must be running your tests from rake to test this feature.
12:32:24     INFO -  1844 INFO TEST-PASS | /tests/dom/tests/mochitest/ajax/prototype/test_Prototype.html | testGetHeader - 0 assertions, 0 failures, 0 errors
12:32:24     INFO -  Info: You must be running your tests from rake to test this feature.
12:32:24     INFO -  1845 INFO TEST-PASS | /tests/dom/tests/mochitest/ajax/prototype/test_Prototype.html | testParametersCanBeHash - 0 assertions, 0 failures, 0 errors
12:32:24     INFO -  Info: You must be running your tests from rake to test this feature.
12:32:24     INFO -  1846 INFO TEST-PASS | /tests/dom/tests/mochitest/ajax/prototype/test_Prototype.html | testIsSameOriginMethod - 3 assertions, 0 failures, 0 errors
12:32:24     INFO -  Info: You must be running your tests from rake to test this feature.
12:32:24     INFO -  1847 INFO TEST-PASS | /tests/dom/tests/mochitest/ajax/prototype/test_Prototype.html | test$A - 1 assertions, 0 failures, 0 errors
12:32:24     INFO -  1848 INFO TEST-PASS | /tests/dom/tests/mochitest/ajax/prototype/test_Prototype.html | testToArrayOnArguments - 3 assertions, 0 failures, 0 errors
12:32:24     INFO -  1849 INFO TEST-PASS | /tests/dom/tests/mochitest/ajax/prototype/test_Prototype.html | testToArrayOnNodeList - 3 assertions, 0 failures, 0 errors
12:32:24     INFO -  1850 INFO TEST-PASS | /tests/dom/tests/mochitest/ajax/prototype/test_Prototype.html | testClear - 3 assertions, 0 failures, 0 errors
12:32:24     INFO -  1851 INFO TEST-PASS | /tests/dom/tests/mochitest/ajax/prototype/test_Prototype.html | testClone - 6 assertions, 0 failures, 0 errors
12:32:24     INFO -  1852 INFO TEST-PASS | /tests/dom/tests/mochitest/ajax/prototype/test_Prototype.html | testFirst - 3 assertions, 0 failures, 0 errors
12:32:24     INFO -  1853 INFO TEST-PASS | /tests/dom/tests/mochitest/ajax/prototype/test_Prototype.html | testLast - 3 assertions, 0 failures, 0 errors
12:32:24     INFO -  1854 INFO TEST-PASS | /tests/dom/tests/mochitest/ajax/prototype/test_Prototype.html | testCompact - 4 assertions, 0 failures, 0 errors
12:32:24     INFO -  1855 INFO TEST-PASS | /tests/dom/tests/mochitest/ajax/prototype/test_Prototype.html | testFlatten - 5 assertions, 0 failures, 0 errors
12:32:24     INFO -  1856 INFO TEST-PASS | /tests/dom/tests/mochitest/ajax/prototype/test_Prototype.html | testIndexOf - 7 assertions, 0 failures, 0 errors
12:32:24     INFO -  1857 INFO TEST-PASS | /tests/dom/tests/mochitest/ajax/prototype/test_Prototype.html | testLastIndexOf - 16 assertions, 0 failures, 0 errors
12:32:24     INFO -  1858 INFO TEST-PASS | /tests/dom/tests/mochitest/ajax/prototype/test_Prototype.html | testInspect - 4 assertions, 0 failures, 0 errors
12:32:24     INFO -  1859 INFO TEST-PASS | /tests/dom/tests/mochitest/ajax/prototype/test_Prototype.html | testIntersect - 6 assertions, 0 failures, 0 errors
12:32:24     INFO -  1860 INFO TEST-PASS | /tests/dom/tests/mochitest/ajax/prototype/test_Prototype.html | testToJSON - 4 assertions, 0 failures, 0 errors
12:32:24     INFO -  1861 INFO TEST-PASS | /tests/dom/tests/mochitest/ajax/prototype/test_Prototype.html | testReduce - 5 assertions, 0 failures, 0 errors
12:32:24     INFO -  1862 INFO TEST-PASS | /tests/dom/tests/mochitest/ajax/prototype/test_Prototype.html | testReverse - 4 assertions, 0 failures, 0 errors
12:32:24     INFO -  1863 INFO TEST-PASS | /tests/dom/tests/mochitest/ajax/prototype/test_Prototype.html | testSize - 2 assertions, 0 failures, 0 errors
12:32:24     INFO -  1864 INFO TEST-PASS | /tests/dom/tests/mochitest/ajax/prototype/test_Prototype.html | testUniq - 5 assertions, 0 failures, 0 errors
12:32:24     INFO -  1865 INFO TEST-PASS | /tests/dom/tests/mochitest/ajax/prototype/test_Prototype.html | testWithout - 4 assertions, 0 failures, 0 errors
12:32:24     INFO -  1866 INFO TEST-PASS | /tests/dom/tests/mochitest/ajax/prototype/test_Prototype.html | test$w - 11 assertions, 0 failures, 0 errors
12:32:24     INFO -  1867 INFO TEST-PASS | /tests/dom/tests/mochitest/ajax/prototype/test_Prototype.html | testFunctionArgumentNames - 8 assertions, 0 failures, 0 errors
12:32:24     INFO -  1868 INFO TEST-PASS | /tests/dom/tests/mochitest/ajax/prototype/test_Prototype.html | testFunctionBind - 7 assertions, 0 failures, 0 errors
12:32:24     INFO -  1869 INFO TEST-PASS | /tests/dom/tests/mochitest/ajax/prototype/test_Prototype.html | testFunctionCurry - 3 assertions, 0 failures, 0 errors
12:32:24     INFO -  1870 INFO TEST-PASS | /tests/dom/tests/mochitest/ajax/prototype/test_Prototype.html | testFunctionDelay - 3 assertions, 0 failures, 0 errors
12:32:24     INFO -  1871 INFO TEST-PASS | /tests/dom/tests/mochitest/ajax/prototype/test_Prototype.html | testFunctionWrap - 4 assertions, 0 failures, 0 errors
12:32:24     INFO -  1872 INFO TEST-PASS | /tests/dom/tests/mochitest/ajax/prototype/test_Prototype.html | testFunctionDefer - 3 assertions, 0 failures, 0 errors
12:32:24     INFO -  1873 INFO TEST-PASS | /tests/dom/tests/mochitest/ajax/prototype/test_Prototype.html | testFunctionMethodize - 3 assertions, 0 failures, 0 errors
12:32:24     INFO -  1874 INFO TEST-PASS | /tests/dom/tests/mochitest/ajax/prototype/test_Prototype.html | testObjectExtend - 5 assertions, 0 failures, 0 errors
12:32:24     INFO -  1875 INFO TEST-PASS | /tests/dom/tests/mochitest/ajax/prototype/test_Prototype.html | testObjectToQueryString - 1 assertions, 0 failures, 0 errors
12:32:24     INFO -  1876 INFO TEST-PASS | /tests/dom/tests/mochitest/ajax/prototype/test_Prototype.html | testObjectClone - 4 assertions, 0 failures, 0 errors
12:32:24     INFO -  1877 INFO TEST-PASS | /tests/dom/tests/mochitest/ajax/prototype/test_Prototype.html | testObjectInspect - 6 assertions, 0 failures, 0 errors
12:32:24     INFO -  1878 INFO TEST-PASS | /tests/dom/tests/mochitest/ajax/prototype/test_Prototype.html | testObjectToJSON - 19 assertions, 0 failures, 0 errors
12:32:24     INFO -  1879 INFO TEST-PASS | /tests/dom/tests/mochitest/ajax/prototype/test_Prototype.html | testObjectToHTML - 7 assertions, 0 failures, 0 errors
12:32:24     INFO -  1880 INFO TEST-PASS | /tests/dom/tests/mochitest/ajax/prototype/test_Prototype.html | testObjectIsArray - 14 assertions, 0 failures, 0 errors
12:32:24     INFO -  1881 INFO TEST-PASS | /tests/dom/tests/mochitest/ajax/prototype/test_Prototype.html | testObjectIsHash - 10 assertions, 0 failures, 0 errors
12:32:24     INFO -  1882 INFO TEST-PASS | /tests/dom/tests/mochitest/ajax/prototype/test_Prototype.html | testObjectIsElement - 9 assertions, 0 failures, 0 errors
12:32:24     INFO -  1883 INFO TEST-PASS | /tests/dom/tests/mochitest/ajax/prototype/test_Prototype.html | testObjectIsFunction - 11 assertions, 0 failures, 0 errors
12:32:24     INFO -  1884 INFO TEST-PASS | /tests/dom/tests/mochitest/ajax/prototype/test_Prototype.html | testObjectIsString - 7 assertions, 0 failures, 0 errors
12:32:24     INFO -  1885 INFO TEST-PASS | /tests/dom/tests/mochitest/ajax/prototype/test_Prototype.html | testObjectIsNumber - 8 assertions, 0 failures, 0 errors
12:32:24     INFO -  1886 INFO TEST-PASS | /tests/dom/tests/mochitest/ajax/prototype/test_Prototype.html | testObjectIsUndefined - 8 assertions, 0 failures, 0 errors
12:32:24     INFO -  1887 INFO TEST-PASS | /tests/dom/tests/mochitest/ajax/prototype/test_Prototype.html | testDoesntExtendObjectPrototype - 2 assertions, 0 failures, 0 errors
12:32:24     INFO -  1888 INFO TEST-PASS | /tests/dom/tests/mochitest/ajax/prototype/test_Prototype.html | testBindAsEventListener - 40 assertions, 0 failures, 0 errors
12:32:24     INFO -  1889 INFO TEST-PASS | /tests/dom/tests/mochitest/ajax/prototype/test_Prototype.html | testDateToJSON - 1 assertions, 0 failures, 0 errors
12:32:24     INFO -  1890 INFO TEST-PASS | /tests/dom/tests/mochitest/ajax/prototype/test_Prototype.html | testRegExpEscape - 25 assertions, 0 failures, 0 errors
12:32:24     INFO -  1891 INFO TEST-PASS | /tests/dom/tests/mochitest/ajax/prototype/test_Prototype.html | testBrowserDetection - 7 assertions, 0 failures, 0 errors
12:32:24     INFO -  Info: User agent string is: Mozilla/5.0 (X11; Linux i686; rv:33.0) Gecko/20100101 Firefox/33.0
12:32:24     INFO -  Info: Running on Gecko
12:32:24     INFO -  1892 INFO TEST-PASS | /tests/dom/tests/mochitest/ajax/prototype/test_Prototype.html | testClassCreate - 8 assertions, 0 failures, 0 errors
12:32:24     INFO -  1893 INFO TEST-PASS | /tests/dom/tests/mochitest/ajax/prototype/test_Prototype.html | testClassInstantiation - 5 assertions, 0 failures, 0 errors
12:32:24     INFO -  1894 INFO TEST-PASS | /tests/dom/tests/mochitest/ajax/prototype/test_Prototype.html | testInheritance - 5 assertions, 0 failures, 0 errors
12:32:24     INFO -  1895 INFO TEST-PASS | /tests/dom/tests/mochitest/ajax/prototype/test_Prototype.html | testSuperclassMethodCall - 4 assertions, 0 failures, 0 errors
12:32:24     INFO -  1896 INFO TEST-PASS | /tests/dom/tests/mochitest/ajax/prototype/test_Prototype.html | testClassAddMethods - 6 assertions, 0 failures, 0 errors
12:32:24     INFO -  1897 INFO TEST-PASS | /tests/dom/tests/mochitest/ajax/prototype/test_Prototype.html | testBaseClassWithMixin - 2 assertions, 0 failures, 0 errors
12:32:24     INFO -  1898 INFO TEST-PASS | /tests/dom/tests/mochitest/ajax/prototype/test_Prototype.html | testSubclassWithMixin - 1 assertions, 0 failures, 0 errors
12:32:24     INFO -  1899 INFO TEST-PASS | /tests/dom/tests/mochitest/ajax/prototype/test_Prototype.html | testSubclassWithMixins - 3 assertions, 0 failures, 0 errors
12:32:24     INFO -  1900 INFO TEST-PASS | /tests/dom/tests/mochitest/ajax/prototype/test_Prototype.html | testClassWithToStringAndValueOfMethods - 3 assertions, 0 failures, 0 errors
12:32:24     INFO -  1901 INFO TEST-PASS | /tests/dom/tests/mochitest/ajax/prototype/test_Prototype.html | testDollarFunction - 9 assertions, 0 failures, 0 errors
12:32:24     INFO -  1902 INFO TEST-PASS | /tests/dom/tests/mochitest/ajax/prototype/test_Prototype.html | testGetElementsByClassName - 0 assertions, 0 failures, 0 errors
12:32:24     INFO -  Info: browser uses native getElementsByClassName; skipping tests
12:32:24     INFO -  1903 INFO TEST-PASS | /tests/dom/tests/mochitest/ajax/prototype/test_Prototype.html | testElementInsertWithHTML - 4 assertions, 0 failures, 0 errors
12:32:24     INFO -  1904 INFO TEST-PASS | /tests/dom/tests/mochitest/ajax/prototype/test_Prototype.html | testElementInsertWithDOMNode - 5 assertions, 0 failures, 0 errors
12:32:24     INFO -  1905 INFO TEST-PASS | /tests/dom/tests/mochitest/ajax/prototype/test_Prototype.html | testElementInsertWithToElementMethod - 2 assertions, 0 failures, 0 errors
12:32:24     INFO -  1906 INFO TEST-PASS | /tests/dom/tests/mochitest/ajax/prototype/test_Prototype.html | testElementInsertWithToHTMLMethod - 2 assertions, 0 failures, 0 errors
12:32:24     INFO -  1907 INFO TEST-PASS | /tests/dom/tests/mochitest/ajax/prototype/test_Prototype.html | testElementInsertWithNonString - 1 assertions, 0 failures, 0 errors
12:32:24     INFO -  1908 INFO TEST-PASS | /tests/dom/tests/mochitest/ajax/prototype/test_Prototype.html | testElementInsertInTables - 5 assertions, 0 failures, 0 errors
12:32:24     INFO -  1909 INFO TEST-PASS | /tests/dom/tests/mochitest/ajax/prototype/test_Prototype.html | testElementInsertInSelect - 2 assertions, 0 failures, 0 errors
12:32:24     INFO -  1910 INFO TEST-PASS | /tests/dom/tests/mochitest/ajax/prototype/test_Prototype.html | testElementMethodInsert - 12 assertions, 0 failures, 0 errors
12:32:24     INFO -  1911 INFO TEST-PASS | /tests/dom/tests/mochitest/ajax/prototype/test_Prototype.html | testNewElementInsert - 4 assertions, 0 failures, 0 errors
12:32:24     INFO -  1912 INFO TEST-PASS | /tests/dom/tests/mochitest/ajax/prototype/test_Prototype.html | testInsertionBackwardsCompatibility - 4 assertions, 0 failures, 0 errors
12:32:24     INFO -  1913 INFO TEST-PASS | /tests/dom/tests/mochitest/ajax/prototype/test_Prototype.html | testElementWrap - 8 assertions, 0 failures, 0 errors
12:32:24     INFO -  1914 INFO TEST-PASS | /tests/dom/tests/mochitest/ajax/prototype/test_Prototype.html | testElementWrapReturnsWrapper - 2 assertions, 0 failures, 0 errors
12:32:24     INFO -  1915 INFO TEST-PASS | /tests/dom/tests/mochitest/ajax/prototype/test_Prototype.html | testElementVisible - 2 assertions, 0 failures, 0 errors
12:32:24     INFO -  1916 INFO TEST-PASS | /tests/dom/tests/mochitest/ajax/prototype/test_Prototype.html | testElementToggle - 4 assertions, 0 failures, 0 errors
12:32:24     INFO -  1917 INFO TEST-PASS | /tests/dom/tests/mochitest/ajax/prototype/test_Prototype.html | testElementShow - 2 assertions, 0 failures, 0 errors
12:32:24     INFO -  1918 INFO TEST-PASS | /tests/dom/tests/mochitest/ajax/prototype/test_Prototype.html | testElementHide - 2 assertions, 0 failures, 0 errors
12:32:24     INFO -  1919 INFO TEST-PASS | /tests/dom/tests/mochitest/ajax/prototype/test_Prototype.html | testElementRemove - 1 assertions, 0 failures, 0 errors
12:32:24     INFO -  1920 INFO TEST-PASS | /tests/dom/tests/mochitest/ajax/prototype/test_Prototype.html | testElementUpdate - 5 assertions, 0 failures, 0 errors
12:32:24     INFO -  1921 INFO TEST-PASS | /tests/dom/tests/mochitest/ajax/prototype/test_Prototype.html | testElementUpdateWithScript - 6 assertions, 0 failures, 0 errors
12:32:24     INFO -  1922 INFO TEST-PASS | /tests/dom/tests/mochitest/ajax/prototype/test_Prototype.html | testElementUpdateInTableRow - 2 assertions, 0 failures, 0 errors
12:32:24     INFO -  1923 INFO TEST-PASS | /tests/dom/tests/mochitest/ajax/prototype/test_Prototype.html | testElementUpdateInTableCell - 1 assertions, 0 failures, 0 errors
12:32:24     INFO -  1924 INFO TEST-PASS | /tests/dom/tests/mochitest/ajax/prototype/test_Prototype.html | testElementUpdateInTable - 1 assertions, 0 failures, 0 errors
12:32:24     INFO -  1925 INFO TEST-PASS | /tests/dom/tests/mochitest/ajax/prototype/test_Prototype.html | testElementUpdateInSelect - 1 assertions, 0 failures, 0 errors
12:32:24     INFO -  1926 INFO TEST-PASS | /tests/dom/tests/mochitest/ajax/prototype/test_Prototype.html | testElementUpdateWithDOMNode - 1 assertions, 0 failures, 0 errors
12:32:24     INFO -  1927 INFO TEST-PASS | /tests/dom/tests/mochitest/ajax/prototype/test_Prototype.html | testElementUpdateWithToElementMethod - 1 assertions, 0 failures, 0 errors
12:32:24     INFO -  1928 INFO TEST-PASS | /tests/dom/tests/mochitest/ajax/prototype/test_Prototype.html | testElementUpdateWithToHTMLMethod - 1 assertions, 0 failures, 0 errors
12:32:24     INFO -  1929 INFO TEST-PASS | /tests/dom/tests/mochitest/ajax/prototype/test_Prototype.html | testElementReplace - 7 assertions, 0 failures, 0 errors
12:32:24     INFO -  1930 INFO TEST-PASS | /tests/dom/tests/mochitest/ajax/prototype/test_Prototype.html | testElementReplaceWithScript - 4 assertions, 0 failures, 0 errors
12:32:24     INFO -  1931 INFO TEST-PASS | /tests/dom/tests/mochitest/ajax/prototype/test_Prototype.html | testElementReplaceWithDOMNode - 1 assertions, 0 failures, 0 errors
12:32:24     INFO -  1932 INFO TEST-PASS | /tests/dom/tests/mochitest/ajax/prototype/test_Prototype.html | testElementReplaceWithToElementMethod - 1 assertions, 0 failures, 0 errors
12:32:24     INFO -  1933 INFO TEST-PASS | /tests/dom/tests/mochitest/ajax/prototype/test_Prototype.html | testElementReplaceWithToHTMLMethod - 1 assertions, 0 failures, 0 errors
12:32:24     INFO -  1934 INFO TEST-PASS | /tests/dom/tests/mochitest/ajax/prototype/test_Prototype.html | testElementSelectorMethod - 6 assertions, 0 failures, 0 errors
12:32:24     INFO -  1935 INFO TEST-PASS | /tests/dom/tests/mochitest/ajax/prototype/test_Prototype.html | testElementAdjacent - 4 assertions, 0 failures, 0 errors
12:32:24     INFO -  1936 INFO TEST-PASS | /tests/dom/tests/mochitest/ajax/prototype/test_Prototype.html | testElementIdentify - 5 assertions, 0 failures, 0 errors
12:32:24     INFO -  1937 INFO TEST-PASS | /tests/dom/tests/mochitest/ajax/prototype/test_Prototype.html | testElementClassNameMethod - 4 assertions, 0 failures, 0 errors
12:32:24     INFO -  1938 INFO TEST-UNEXPECTED-FAIL | /tests/dom/tests/mochitest/ajax/prototype/test_Prototype.html | testElementAncestors - 2 assertions, 1 failures, 0 errors
12:32:24     INFO -  Failure: assertElementsMatch
12:32:24     INFO -  In index <2>: expected <'ul#navigation_test'> but got <ul id="navigation_test"> dom_test.js: Line #465
12:32:24     INFO -  [Parent 1762] WARNING: NS_ENSURE_TRUE(aSelection->GetRangeCount()) failed: file /builds/slave/m-in-lx-d-00000000000000000000/build/editor/libeditor/base/nsEditor.cpp, line 3815
12:32:24     INFO -  [Parent 1762] WARNING: NS_ENSURE_SUCCESS(rv, rv) failed with result 0x80004005: file /builds/slave/m-in-lx-d-00000000000000000000/build/editor/libeditor/base/nsEditor.cpp, line 3794
12:32:24     INFO -  [Parent 1762] WARNING: NS_ENSURE_SUCCESS(res, res) failed with result 0x80004005: file /builds/slave/m-in-lx-d-00000000000000000000/build/editor/libeditor/text/nsTextEditRules.cpp, line 441
12:32:24     INFO -  ++DOCSHELL 0x80266c00 == 13 [pid = 1762] [id = 467]
12:32:24     INFO -  ++DOMWINDOW == 79 (0x76f77e10) [pid = 1762] [serial = 1834] [outer = (nil)]
12:32:24     INFO -  [Parent 1762] WARNING: Subdocument container has no frame: file /builds/slave/m-in-lx-d-00000000000000000000/build/layout/base/nsDocumentViewer.cpp, line 2512
12:32:24     INFO -  ++DOMWINDOW == 80 (0x90912ac0) [pid = 1762] [serial = 1835] [outer = 0x76f77e10]
12:32:25     INFO -  [Parent 1762] WARNING: NS_ENSURE_TRUE(aSelection->GetRangeCount()) failed: file /builds/slave/m-in-lx-d-00000000000000000000/build/editor/libeditor/base/nsEditor.cpp, line 3815
12:32:25     INFO -  [Parent 1762] WARNING: NS_ENSURE_SUCCESS(rv, rv) failed with result 0x80004005: file /builds/slave/m-in-lx-d-00000000000000000000/build/editor/libeditor/base/nsEditor.cpp, line 3794
12:32:25     INFO -  [Parent 1762] WARNING: NS_ENSURE_SUCCESS(res, res) failed with result 0x80004005: file /builds/slave/m-in-lx-d-00000000000000000000/build/editor/libeditor/text/nsTextEditRules.cpp, line 441
12:32:26     INFO -  ++DOMWINDOW == 81 (0x90913470) [pid = 1762] [serial = 1836] [outer = 0x76f724f0]
12:32:26     INFO -  System JS : ERROR jar:file:///builds/slave/test/build/application/firefox/omni.ja!/components/nsHandlerService.js:891 - NS_ERROR_FAILURE: Component returned failure code: 0x80004005 (NS_ERROR_FAILURE) [nsIProperties.get]
12:32:26     INFO -  System JS : ERROR jar:file:///builds/slave/test/build/application/firefox/omni.ja!/components/nsHandlerService.js:891 - NS_ERROR_FAILURE: Component returned failure code: 0x80004005 (NS_ERROR_FAILURE) [nsIProperties.get]
12:32:26     INFO -  --DOMWINDOW == 80 (0x76f726e0) [pid = 1762] [serial = 1822] [outer = (nil)] [url = http://mochi.test:8888/tests/dom/tests/mochitest/ajax/offline/updatingIframe.sjs]
12:32:26     INFO -  --DOMWINDOW == 79 (0x76f71570) [pid = 1762] [serial = 1824] [outer = (nil)] [url = http://mochi.test:8888/tests/SimpleTest/iframe-between-tests.html]
12:32:26     INFO -  --DOMWINDOW == 78 (0x76f71760) [pid = 1762] [serial = 1825] [outer = (nil)] [url = http://mochi.test:8888/tests/dom/tests/mochitest/ajax/offline/test_xhtmlManifest.xhtml]
12:32:26     INFO -  --DOMWINDOW == 77 (0x76f71d30) [pid = 1762] [serial = 1826] [outer = (nil)] [url = http://mochi.test:8888/tests/SimpleTest/iframe-between-tests.html]
12:32:26     INFO -  --DOMWINDOW == 76 (0x76f728d0) [pid = 1762] [serial = 1829] [outer = (nil)] [url = about:blank]
12:32:26     INFO -  --DOMWINDOW == 75 (0x76f75d20) [pid = 1762] [serial = 1807] [outer = (nil)] [url = http://mochi.test:8888/tests/SimpleTest/iframe-between-tests.html]
12:32:26     INFO -  --DOMWINDOW == 74 (0x909128d0) [pid = 1762] [serial = 1819] [outer = (nil)] [url = http://mochi.test:8888/tests/dom/tests/mochitest/ajax/offline/updatingImplicit.html]
12:32:27     INFO -  ++DOMWINDOW == 75 (0x76f71d30) [pid = 1762] [serial = 1837] [outer = 0x76f724f0]
12:32:27     INFO -  System JS : ERROR jar:file:///builds/slave/test/build/application/firefox/omni.ja!/components/nsHandlerService.js:891 - NS_ERROR_FAILURE: Component returned failure code: 0x80004005 (NS_ERROR_FAILURE) [nsIProperties.get]
12:32:27     INFO -  System JS : ERROR jar:file:///builds/slave/test/build/application/firefox/omni.ja!/components/nsHandlerService.js:891 - NS_ERROR_FAILURE: Component returned failure code: 0x80004005 (NS_ERROR_FAILURE) [nsIProperties.get]
12:32:28     INFO -  ++DOMWINDOW == 76 (0x90914200) [pid = 1762] [serial = 1838] [outer = 0x76f724f0]
12:32:28     INFO -  System JS : ERROR jar:file:///builds/slave/test/build/application/firefox/omni.ja!/components/nsHandlerService.js:891 - NS_ERROR_FAILURE: Component returned failure code: 0x80004005 (NS_ERROR_FAILURE) [nsIProperties.get]
12:32:28     INFO -  ++DOMWINDOW == 77 (0x90915180) [pid = 1762] [serial = 1839] [outer = 0x76f724f0]
12:32:29     INFO -  System JS : ERROR jar:file:///builds/slave/test/build/application/firefox/omni.ja!/components/nsHandlerService.js:891 - NS_ERROR_FAILURE: Component returned failure code: 0x80004005 (NS_ERROR_FAILURE) [nsIProperties.get]
12:32:33     INFO -  --DOCSHELL 0x90dd3800 == 12 [pid = 1762] [id = 463]
12:32:33     INFO -  --DOCSHELL 0x90dd2c00 == 11 [pid = 1762] [id = 462]
12:32:33     INFO -  --DOCSHELL 0x80266800 == 10 [pid = 1762] [id = 465]
12:32:33     INFO -  --DOMWINDOW == 76 (0x90912ea0) [pid = 1762] [serial = 1078] [outer = (nil)] [url = http://mochi.test:8888/tests/dom/settings/tests/test_settings_blobs.html]
12:32:33     INFO -  --DOMWINDOW == 75 (0x90911570) [pid = 1762] [serial = 1080] [outer = (nil)] [url = http://mochi.test:8888/tests/dom/settings/tests/test_settings_data_uris.html]
12:32:33     INFO -  --DOMWINDOW == 74 (0x951914f0) [pid = 1762] [serial = 1060] [outer = (nil)] [url = http://mochi.test:8888/tests/dom/power/test/test_power_basics.html]
12:32:33     INFO -  --DOMWINDOW == 73 (0x76f745e0) [pid = 1762] [serial = 1804] [outer = (nil)] [url = http://mochi.test:8888/tests/dom/tests/mochitest/ajax/offline/test_simpleManifest.html]
12:32:33     INFO -  --DOMWINDOW == 72 (0x90911950) [pid = 1762] [serial = 1064] [outer = (nil)] [url = about:blank]
12:32:33     INFO -  --DOMWINDOW == 71 (0x90911b40) [pid = 1762] [serial = 1816] [outer = 0x76f76ab0] [url = http://mochi.test:8888/tests/dom/tests/mochitest/ajax/offline/onwhitelist.html]
12:32:33     INFO -  --DOMWINDOW == 70 (0x90911f20) [pid = 1762] [serial = 1817] [outer = 0x76f766d0] [url = http://mochi.test:8888/tests/dom/tests/mochitest/ajax/offline/namespace1/opp.html]
12:32:33     INFO -  --DOMWINDOW == 69 (0x90912110) [pid = 1762] [serial = 1818] [outer = 0x76f768c0] [url = http://mochi.test:8888/tests/dom/tests/mochitest/ajax/offline/namespace1/sub/opp.html]
12:32:33     INFO -  --DOMWINDOW == 68 (0x95192c30) [pid = 1762] [serial = 1136] [outer = (nil)] [url = http://mochi.test:8888/tests/dom/smil/test/test_smilKeyTimesPacedMode.xhtml]
12:32:33     INFO -  --DOMWINDOW == 67 (0x90913a40) [pid = 1762] [serial = 1138] [outer = (nil)] [url = http://mochi.test:8888/tests/dom/smil/test/test_smilMappedAttrFromBy.xhtml]
12:32:33     INFO -  --DOMWINDOW == 66 (0x76f77080) [pid = 1762] [serial = 1785] [outer = (nil)] [url = http://mochi.test:8888/tests/dom/tests/mochitest/ajax/offline/test_noManifest.html]
12:32:33     INFO -  --DOMWINDOW == 65 (0x95193da0) [pid = 1762] [serial = 1140] [outer = (nil)] [url = http://mochi.test:8888/tests/dom/smil/test/test_smilMappedAttrFromTo.xhtml]
12:32:33     INFO -  --DOMWINDOW == 64 (0x95194940) [pid = 1762] [serial = 1142] [outer = (nil)] [url = http://mochi.test:8888/tests/dom/smil/test/test_smilMappedAttrPaced.xhtml]
12:32:33     INFO -  --DOMWINDOW == 63 (0x76f71380) [pid = 1762] [serial = 1696] [outer = (nil)] [url = http://mochi.test:8888/tests/dom/tests/mochitest/ajax/mochikit/tests/MochiKit-Base.html]
12:32:33     INFO -  --DOMWINDOW == 62 (0x76f72ac0) [pid = 1762] [serial = 1699] [outer = (nil)] [url = http://mochi.test:8888/tests/dom/tests/mochitest/ajax/mochikit/tests/MochiKit-Style.html]
12:32:33     INFO -  --DOMWINDOW == 61 (0x76f73090) [pid = 1762] [serial = 1700] [outer = (nil)] [url = http://mochi.test:8888/tests/dom/tests/mochitest/ajax/mochikit/tests/MochiKit-Format.html]
12:32:33     INFO -  --DOMWINDOW == 60 (0x76f73470) [pid = 1762] [serial = 1701] [outer = (nil)] [url = http://mochi.test:8888/tests/dom/tests/mochitest/ajax/mochikit/tests/MochiKit-Iter.html]
12:32:33     INFO -  --DOMWINDOW == 59 (0x76f73850) [pid = 1762] [serial = 1702] [outer = (nil)] [url = http://mochi.test:8888/tests/dom/tests/mochitest/ajax/mochikit/tests/MochiKit-Logging.html]
12:32:33     INFO -  --DOMWINDOW == 58 (0x76f75940) [pid = 1762] [serial = 1705] [outer = (nil)] [url = http://mochi.test:8888/tests/dom/tests/mochitest/ajax/mochikit/tests/MochiKit-Selector.html]
12:32:33     INFO -  --DOMWINDOW == 57 (0x76f71190) [pid = 1762] [serial = 1823] [outer = 0x76f764e0] [url = http://mochi.test:8888/tests/dom/tests/mochitest/ajax/offline/updatingIframe.sjs]
12:32:33     INFO -  --DOCSHELL 0x80266c00 == 9 [pid = 1762] [id = 467]
12:32:33     INFO -  --DOMWINDOW == 56 (0x90912cb0) [pid = 1762] [serial = 1821] [outer = (nil)] [url = about:blank]
12:32:33     INFO -  --DOMWINDOW == 55 (0x76f76ab0) [pid = 1762] [serial = 1812] [outer = (nil)] [url = http://mochi.test:8888/tests/dom/tests/mochitest/ajax/offline/onwhitelist.html]
12:32:33     INFO -  --DOMWINDOW == 54 (0x90912ac0) [pid = 1762] [serial = 1835] [outer = 0x76f77e10] [url = about:blank]
12:32:33     INFO -  [Parent 1762] WARNING: NS_ENSURE_TRUE(aSelection->GetRangeCount()) failed: file /builds/slave/m-in-lx-d-00000000000000000000/build/editor/libeditor/base/nsEditor.cpp, line 3815
12:32:33     INFO -  [Parent 1762] WARNING: NS_ENSURE_SUCCESS(rv, rv) failed with result 0x80004005: file /builds/slave/m-in-lx-d-00000000000000000000/build/editor/libeditor/base/nsEditor.cpp, line 3794
12:32:33     INFO -  [Parent 1762] WARNING: NS_ENSURE_SUCCESS(res, res) failed with result 0x80004005: file /builds/slave/m-in-lx-d-00000000000000000000/build/editor/libeditor/text/nsTextEditRules.cpp, line 441
12:32:33     INFO -  [Parent 1762] WARNING: NS_ENSURE_TRUE(aSelection->GetRangeCount()) failed: file /builds/slave/m-in-lx-d-00000000000000000000/build/editor/libeditor/base/nsEditor.cpp, line 3815
12:32:33     INFO -  [Parent 1762] WARNING: NS_ENSURE_SUCCESS(rv, rv) failed with result 0x80004005: file /builds/slave/m-in-lx-d-00000000000000000000/build/editor/libeditor/base/nsEditor.cpp, line 3794
12:32:33     INFO -  [Parent 1762] WARNING: NS_ENSURE_SUCCESS(res, res) failed with result 0x80004005: file /builds/slave/m-in-lx-d-00000000000000000000/build/editor/libeditor/text/nsTextEditRules.cpp, line 441
12:32:33     INFO -  [Parent 1762] WARNING: NS_ENSURE_TRUE(aSelection->GetRangeCount()) failed: file /builds/slave/m-in-lx-d-00000000000000000000/build/editor/libeditor/base/nsEditor.cpp, line 3815
12:32:33     INFO -  [Parent 1762] WARNING: NS_ENSURE_SUCCESS(rv, rv) failed with result 0x80004005: file /builds/slave/m-in-lx-d-00000000000000000000/build/editor/libeditor/base/nsEditor.cpp, line 3794
12:32:33     INFO -  [Parent 1762] WARNING: NS_ENSURE_SUCCESS(res, res) failed with result 0x80004005: file /builds/slave/m-in-lx-d-00000000000000000000/build/editor/libeditor/text/nsTextEditRules.cpp, line 441
12:32:33     INFO -  [Parent 1762] WARNING: NS_ENSURE_TRUE(aSelection->GetRangeCount()) failed: file /builds/slave/m-in-lx-d-00000000000000000000/build/editor/libeditor/base/nsEditor.cpp, line 3815
12:32:33     INFO -  [Parent 1762] WARNING: NS_ENSURE_SUCCESS(rv, rv) failed with result 0x80004005: file /builds/slave/m-in-lx-d-00000000000000000000/build/editor/libeditor/base/nsEditor.cpp, line 3794
12:32:33     INFO -  [Parent 1762] WARNING: NS_ENSURE_SUCCESS(res, res) failed with result 0x80004005: file /builds/slave/m-in-lx-d-00000000000000000000/build/editor/libeditor/text/nsTextEditRules.cpp, line 441
12:32:33     INFO -  --DOMWINDOW == 53 (0x76f77e10) [pid = 1762] [serial = 1834] [outer = (nil)] [url = about:blank]
12:32:34     INFO -  ++DOMWINDOW == 54 (0x76f73090) [pid = 1762] [serial = 1840] [outer = 0x76f724f0]
12:32:34     INFO -  System JS : ERROR jar:file:///builds/slave/test/build/application/firefox/omni.ja!/components/nsHandlerService.js:891 - NS_ERROR_FAILURE: Component returned failure code: 0x80004005 (NS_ERROR_FAILURE) [nsIProperties.get]
12:32:34     INFO -  System JS : ERROR jar:file:///builds/slave/test/build/application/firefox/omni.ja!/components/nsHandlerService.js:891 - NS_ERROR_FAILURE: Component returned failure code: 0x80004005 (NS_ERROR_FAILURE) [nsIProperties.get]
12:32:35     INFO -  ++DOMWINDOW == 55 (0x76f73c30) [pid = 1762] [serial = 1841] [outer = 0x76f724f0]
12:32:35     INFO -  System JS : ERROR jar:file:///builds/slave/test/build/application/firefox/omni.ja!/components/nsHandlerService.js:891 - NS_ERROR_FAILURE: Component returned failure code: 0x80004005 (NS_ERROR_FAILURE) [nsIProperties.get]
12:32:35     INFO -  ++DOMWINDOW == 56 (0x76f75560) [pid = 1762] [serial = 1842] [outer = 0x76f724f0]
12:32:35     INFO -  System JS : ERROR jar:file:///builds/slave/test/build/application/firefox/omni.ja!/components/nsHandlerService.js:891 - NS_ERROR_FAILURE: Component returned failure code: 0x80004005 (NS_ERROR_FAILURE) [nsIProperties.get]
12:32:36     INFO -  ++DOMWINDOW == 57 (0x76f76ca0) [pid = 1762] [serial = 1843] [outer = 0x76f724f0]
12:32:36     INFO -  System JS : ERROR jar:file:///builds/slave/test/build/application/firefox/omni.ja!/components/nsHandlerService.js:891 - NS_ERROR_FAILURE: Component returned failure code: 0x80004005 (NS_ERROR_FAILURE) [nsIProperties.get]
12:32:36     INFO -  --DOMWINDOW == 56 (0x76f74da0) [pid = 1762] [serial = 1692] [outer = (nil)] [url = http://mochi.test:8888/tests/dom/tests/mochitest/ajax/mochikit/test_Mochikit.html]
12:32:36     INFO -  --DOMWINDOW == 55 (0x76f764e0) [pid = 1762] [serial = 1809] [outer = (nil)] [url = http://mochi.test:8888/tests/dom/tests/mochitest/ajax/offline/updatingIframe.sjs]
12:32:36     INFO -  --DOMWINDOW == 54 (0x76f766d0) [pid = 1762] [serial = 1810] [outer = (nil)] [url = http://mochi.test:8888/tests/dom/tests/mochitest/ajax/offline/namespace1/opp.html]
12:32:36     INFO -  --DOMWINDOW == 53 (0x76f768c0) [pid = 1762] [serial = 1811] [outer = (nil)] [url = http://mochi.test:8888/tests/dom/tests/mochitest/ajax/offline/namespace1/sub/opp.html]
12:32:36     INFO -  --DOMWINDOW == 52 (0x76f71950) [pid = 1762] [serial = 1748] [outer = (nil)] [url = http://mochi.test:8888/tests/dom/tests/mochitest/ajax/offline/test_fallback.html]
12:32:36     INFO -  --DOMWINDOW == 51 (0x76f75b30) [pid = 1762] [serial = 1805] [outer = (nil)] [url = http://mochi.test:8888/tests/SimpleTest/iframe-between-tests.html]
12:32:36     INFO -  --DOMWINDOW == 50 (0x95190d30) [pid = 1762] [serial = 1174] [outer = (nil)] [url = http://mochi.test:8888/tests/dom/smil/test/test_smilXHR.xhtml]
12:32:36     INFO -  --DOMWINDOW == 49 (0x76f72cb0) [pid = 1762] [serial = 1806] [outer = (nil)] [url = http://mochi.test:8888/tests/dom/tests/mochitest/ajax/offline/test_updateCheck.html]
12:32:36     INFO -  --DOMWINDOW == 48 (0x76f76100) [pid = 1762] [serial = 1808] [outer = (nil)] [url = http://mochi.test:8888/tests/dom/tests/mochitest/ajax/offline/test_updatingManifest.html]
12:32:36     INFO -  --DOMWINDOW == 47 (0x76f76e90) [pid = 1762] [serial = 1813] [outer = (nil)] [url = http://mochi.test:8888/tests/dom/tests/mochitest/ajax/offline/updatingIframe.sjs]
12:32:36     INFO -  --DOMWINDOW == 46 (0x76f77270) [pid = 1762] [serial = 1814] [outer = (nil)] [url = http://mochi.test:8888/tests/dom/tests/mochitest/ajax/offline/namespace1/opp.html]
12:32:36     INFO -  --DOMWINDOW == 45 (0x76f77460) [pid = 1762] [serial = 1815] [outer = (nil)] [url = http://mochi.test:8888/tests/dom/tests/mochitest/ajax/offline/namespace1/sub/opp.html]
12:32:36     INFO -  --DOMWINDOW == 44 (0xaa0ceea0) [pid = 1762] [serial = 1218] [outer = (nil)] [url = http://mochi.test:8888/tests/dom/tests/mochitest/ajax/jquery/test_jQuery.html]
12:32:36     INFO -  --DOMWINDOW == 43 (0x76f77650) [pid = 1762] [serial = 1778] [outer = (nil)] [url = http://mochi.test:8888/tests/dom/tests/mochitest/ajax/offline/test_missingFile.html]
12:32:37     INFO -  ++DOMWINDOW == 44 (0x76f75b30) [pid = 1762] [serial = 1844] [outer = 0x76f724f0]
12:32:37     INFO -  System JS : ERROR jar:file:///builds/slave/test/build/application/firefox/omni.ja!/components/nsHandlerService.js:891 - NS_ERROR_FAILURE: Component returned failure code: 0x80004005 (NS_ERROR_FAILURE) [nsIProperties.get]
12:32:39     INFO -  ++DOMWINDOW == 45 (0x76f77e10) [pid = 1762] [serial = 1845] [outer = 0x76f724f0]
12:32:39     INFO -  System JS : ERROR jar:file:///builds/slave/test/build/application/firefox/omni.ja!/components/nsHandlerService.js:891 - NS_ERROR_FAILURE: Component returned failure code: 0x80004005 (NS_ERROR_FAILURE) [nsIProperties.get]
12:32:39     INFO -  System JS : ERROR jar:file:///builds/slave/test/build/application/firefox/omni.ja!/components/nsHandlerService.js:891 - NS_ERROR_FAILURE: Component returned failure code: 0x80004005 (NS_ERROR_FAILURE) [nsIProperties.get]
12:32:41     INFO -  ++DOMWINDOW == 46 (0x76f71380) [pid = 1762] [serial = 1846] [outer = 0x76f724f0]
12:32:41     INFO -  System JS : ERROR jar:file:///builds/slave/test/build/application/firefox/omni.ja!/components/nsHandlerService.js:891 - NS_ERROR_FAILURE: Component returned failure code: 0x80004005 (NS_ERROR_FAILURE) [nsIProperties.get]
12:32:42     INFO -  1939 INFO TEST-INFO | MEMORY STAT vsize after test: 1041981440
12:32:42     INFO -  1940 INFO TEST-INFO | MEMORY STAT residentFast after test: 410181632
12:32:42     INFO -  1941 INFO TEST-INFO | MEMORY STAT heapAllocated after test: 172875024
12:32:42     INFO -  1942 INFO TEST-END | /tests/dom/tests/mochitest/ajax/prototype/test_Prototype.html | finished in 28462ms