Mozilla crash in xpcom!PL_IsQueueNative
From Bugzilla Helper:
User-Agent: Mozilla/5.0 (Windows; U; Windows NT 5.0; en-US; rv:1.0.0+)
Gecko/20020524
BuildID: 20020524

While I wa using Mozilla, the program suddently crashed. Here is the
drwtsn32.log entry:

Anwendungsausnahme aufgetreten:
Anwendung: mozilla.exe (pid=804)
Ausnahmenummer: c0000005 (Zugriffsverletzung)
*----> Systeminformationen <----*
Prozessortyp: x86 Family 6 Model 4 Stepping 2
Windows 2000-Version: 5.0
Aktuelles Build: 2195
Service Pack: 2
*----> Taskliste <----*
0 Idle.exe
8 System.exe
148 SMSS.exe
176 csrss.exe
196 WINLOGON.exe
224 services.exe
236 LSASS.exe
412 svchost.exe
440 spoolsv.exe
472 svchost.exe
524 nvsvc32.exe
540 PERSFW.exe
552 PGPsdkServ.exe
600 regsvc.exe
616 mstask.exe
640 stisvc.exe
348 winmgmt.exe
740 mspmspsv.exe
768 PGPservice.exe
788 os2ss.exe
1008 explorer.exe
700 PGPtray.exe
1112 os2srv.exe
980 cmd.exe
804 mozilla.exe
1156 drwtsn32.exe
0 _Total.exe

(00400000 - 0041C000)
(77880000 - 77901000)
(60E60000 - 60ED7000)
(60000000 - 60024000)
(77DA0000 - 77DFC000)
(77E70000 - 77F32000)
(77D30000 - 77DA0000)
(74FC0000 - 74FC9000)
(74FA0000 - 74FB3000)
(78000000 - 78046000)
(74F90000 - 74F98000)
(60040000 - 60047000)
(60030000 - 60036000)
(77580000 - 777C5000)
(77F40000 - 77F7C000)
(77E00000 - 77E64000)
(70BD0000 - 70C34000)
(71780000 - 7180A000)
(77A40000 - 77B36000)
(75DF0000 - 75E0A000)
(10000000 - 10009000)
(784A0000 - 78525000)
(779A0000 - 77A3B000)
(77840000 - 7787D000)
(77090000 - 770B3000)
(602B0000 - 602BA000)
(60090000 - 6009D000)
(60850000 - 6086A000)
(600A0000 - 600F1000)
(777F0000 - 7780D000)
(76B00000 - 76B3F000)
(60E50000 - 60E5C000)
(610E0000 - 6110D000)
(60390000 - 603A0000)
(60100000 - 60126000)
(60370000 - 6037E000)
(602E0000 - 60339000)
(60DA0000 - 60DA6000)
(60970000 - 60984000)
(60560000 - 60581000)
(60F10000 - 60F26000)
(603B0000 - 603CA000)
(60920000 - 6092F000)
(603A0000 - 603B0000)
(74F40000 - 74F5F000)
(74F80000 - 74F87000)
(603D0000 - 60404000)
(60150000 - 6015C000)
(60140000 - 60149000)
(60360000 - 6036F000)
(60410000 - 6042F000)
(60830000 - 60847000)
(60520000 - 60550000)
(60B60000 - 60B67000)
(60590000 - 606E5000)
(60260000 - 6026C000)
(60380000 - 6038C000)
(60EF0000 - 60F02000)
(60A20000 - 60A28000)
(609D0000 - 60A14000)
(60270000 - 60277000)
(60440000 - 6044B000)
(60A60000 - 60A6D000)
(60290000 - 6029F000)
(606F0000 - 60804000)
(60550000 - 6055F000)
(602D0000 - 602DE000)
(60470000 - 60477000)
(60430000 - 60436000)
(609C0000 - 609C8000)
(60880000 - 608E0000)
(60900000 - 60907000)
(60870000 - 6087D000)
(77830000 - 7783C000)
(77970000 - 77994000)
(77310000 - 77323000)
(774F0000 - 774F5000)
(772F0000 - 77307000)
(750C0000 - 750D0000)
(750E0000 - 7512F000)
(77BD0000 - 77BDF000)
(75130000 - 75136000)
(77940000 - 7796B000)
(77380000 - 773AF000)
(77350000 - 77372000)
(77820000 - 7782E000)
(78310000 - 783A0000)
(77C00000 - 77C5F000)
(774B0000 - 774E2000)
(77490000 - 774A1000)
(77500000 - 77522000)
(77330000 - 77349000)
(777D0000 - 777D8000)
(777E0000 - 777E5000)
(60810000 - 6082A000)
(60280000 - 60287000)
(60480000 - 60491000)
(60A70000 - 60A85000)
(76F70000 - 76F7F000)
(773B0000 - 773C2000)
(71160000 - 7125D000)
(055E0000 - 05728000)
(76DC0000 - 76DD1000)
(05930000 - 059BE000)
(60130000 - 60139000)
(60B70000 - 60B9D000)
(610C0000 - 610D9000)
(61050000 - 6109B000)
(61000000 - 6104D000)
(610A0000 - 610BB000)
(60FC0000 - 60FF5000)
(60BA0000 - 60BA9000)
(604F0000 - 60510000)
(77810000 - 77817000)
(75940000 - 75946000)
(60460000 - 60470000)
(601B0000 - 601C9000)

Statusabbild für Threadkennung 0x114

eax=06cf9898 ebx=00000000 ecx=0012fb1c edx=00000000 esi=011b0d74 edi=00000000
eip=778827e8 esp=0012f9ac ebp=0012fa1c iopl=0 nv up ei pl nz na pe nc
cs=001b ss=0023 ds=0023 es=0023 fs=0038 gs=0000 efl=00200202


Funktion: NtWaitForSingleObject
778827dd b8ea000000 mov eax,0xea
778827e2 8d542404 lea edx,[esp+0x4]
ss:00d2cf7f=????????
778827e6 cd2e int 2e
778827e8 c20c00 ret 0xc
778827eb 8b4124 mov eax,[ecx+0x24]
ds:00d2d0ee=????????
778827ee 39420c cmp [edx+0xc],eax
ds:00bfd5d2=????????
778827f1 0f85c9100000 jne NtQueryDefaultLocale+0x115 (778838c0)
778827f7 ff4208 inc dword ptr [edx+0x8]
ds:00bfd5d2=????????
778827fa 33c0 xor eax,eax
778827fc c20400 ret 0x4
778827ff 90 nop
77882800 ff4a04 dec dword ptr [edx+0x4]
ds:00bfd5d2=????????
77882803 c20400 ret 0x4

*----> Stack Back Trace <----*

FramePtr ReturnAd Param#1 Param#2 Param#3 Param#4 Function Name
0012FA1C 778838C6 011B0D00 60012E27 011B0D74 011B0D58 ntdll!NtWaitForSingleObject
0012FA54 60441DD8 06E3BC28 0C333194 000001F4 00000005 ntdll!NtQueryDefaultLocale
0012FAC4 604725D1 073F8ED8 0C5FDBE8 00000005 06CD7AF8 imglib2!NSGetModule
0012FB0C 60471D5E 06A2E580 023313C0 00000005 0000005B imggif!<nosymbols>
0012FB40 60471BFF 06CD7AF8 07273A66 06CD7AF8 00000000 imggif!<nosymbols>
0012FB98 6047110C 03000000 07273A72 00000598 06A2E580 imggif!<nosymbols>
0012FBB4 6047237D 07273B3E 072735A8 07273B40 00000000 imggif!<nosymbols> (FPO:
[EBP 0x00000598] [3,0,4])
0012FBCC 604723EB 072735A8 00000598 0012FC14 80000000 imggif!<nosymbols> (FPO:
[3,0,2])
0012FBE0 60E80EF4 06DA3D84 06A2E580 072735A8 00000000 imggif!<nosymbols> (FPO:
[6,0,1])
00000598 00000000 00000000 00000000 00000000 00000000 xpcom!NS_NewStorageStream

*----> Raw Stack Dump <----*
0012f9ac 55 39 88 77 b0 02 00 00 - 00 00 00 00 00 00 00 00 U9.w............
0012f9bc 58 0d 1b 01 e8 42 23 00 - 00 00 00 00 30 bc e3 06 X....B#.....0...
0012f9cc ca 0b e9 60 28 bc e3 06 - e5 0b e9 60 30 bc e3 06 ...`(......`0...
0012f9dc 00 00 00 00 28 bc e3 06 - 00 00 00 80 11 44 e6 60 ....(........D.`
0012f9ec 28 bc e3 06 00 00 00 00 - 68 fa 12 00 c3 96 ea 60 (.......h......`
0012f9fc 00 00 00 00 f4 63 44 60 - a1 95 ea 60 80 bd f9 00 .....cD`...`....
0012fa0c 00 00 00 00 91 46 e7 77 - 30 fa 12 00 00 00 00 00 .....F.w0.......
0012fa1c 54 fa 12 00 c6 38 88 77 - 00 0d 1b 01 27 2e 01 60 T....8.w....'..`
0012fa2c 74 0d 1b 01 58 0d 1b 01 - 48 3f 19 01 6a 1f e9 60 t...X...H?..j..`
0012fa3c 58 0d 1b 01 fc 31 33 0c - 28 bc e3 06 21 0e e9 60 X....13.(...!..`
0012fa4c 28 bc e3 06 90 31 33 0c - c4 fa 12 00 d8 1d 44 60 (....13.......D`
0012fa5c 28 bc e3 06 94 31 33 0c - f4 01 00 00 05 00 00 00 (....13.........
0012fa6c 01 00 00 00 8c e5 a2 06 - 80 e5 a2 06 47 25 47 60 ............G%G`
0012fa7c d8 be ea 60 7c 81 44 60 - 00 00 00 00 00 00 00 00 ...`|.D`........
0012fa8c d8 be ea 60 50 cb ea 60 - f4 79 59 0c 00 00 00 00 ...`P..`.yY.....
0012fa9c 00 00 00 00 00 00 00 00 - ea 00 00 00 3c 00 00 00 ............<...
0012faac ff ff ff 00 ff ff ff 00 - a0 31 33 0c 01 00 00 00 .........13.....
0012fabc f4 01 00 00 f4 79 59 0c - 0c fb 12 00 d1 25 47 60 .....yY......%G`
0012facc d8 8e 3f 07 e8 db 5f 0c - 05 00 00 00 f8 7a cd 06 ..?..._......z..
0012fadc 47 25 47 60 d8 be ea 60 - 58 40 47 60 00 00 00 00 G%G`...`X@G`....

Statusabbild für Threadkennung 0x45c

eax=219aa000 ebx=00a6fecc ecx=00a6ffa4 edx=00000000 esi=778827dd edi=00000088
eip=778827e8 esp=00a6feb0 ebp=00a6fed4 iopl=0 nv up ei ng nz ac po cy
cs=001b ss=0023 ds=0023 es=0023 fs=0038 gs=0000 efl=00000297


Funktion: NtWaitForSingleObject
778827dd b8ea000000 mov eax,0xea
778827e2 8d542404 lea edx,[esp+0x4]
ss:0166d483=????????
778827e6 cd2e int 2e
778827e8 c20c00 ret 0xc
778827eb 8b4124 mov eax,[ecx+0x24]
ds:0166d576=????????
778827ee 39420c cmp [edx+0xc],eax
ds:00bfd5d2=????????
778827f1 0f85c9100000 jne NtQueryDefaultLocale+0x115 (778838c0)
778827f7 ff4208 inc dword ptr [edx+0x8]
ds:00bfd5d2=????????
778827fa 33c0 xor eax,eax
778827fc c20400 ret 0x4
778827ff 90 nop
77882800 ff4a04 dec dword ptr [edx+0x4]
ds:00bfd5d2=????????
77882803 c20400 ret 0x4

*----> Stack Back Trace <----*

FramePtr ReturnAd Param#1 Param#2 Param#3 Param#4 Function Name
00A6FED4 77E73B5B 00000088 0000EA60 00000000 60016A6C ntdll!NtWaitForSingleObject
0000EA60 00000000 00000000 00000000 00000000 00000000 kernel32!WaitForSingleObject

*----> Raw Stack Dump <----*
00a6feb0 33 3b e7 77 88 00 00 00 - 00 00 00 00 cc fe a6 00 3;.w............
00a6fec0 cc 60 23 00 b0 61 23 00 - dc 5f 23 00 00 ba 3c dc .`#..a#.._#...<.
00a6fed0 ff ff ff ff 60 ea 00 00 - 5b 3b e7 77 88 00 00 00 ....`...[;.w....
00a6fee0 60 ea 00 00 00 00 00 00 - 6c 6a 01 60 88 00 00 00 `.......lj.`....
00a6fef0 60 ea 00 00 c0 5f 23 00 - b0 61 23 00 5c ff a6 00 `...._#..a#.\...
00a6ff00 c0 5f 23 00 6c 28 01 60 - cc 60 23 00 dc 5f 23 00 ._#.l(.`.`#.._#.
00a6ff10 98 34 33 00 30 2e 01 60 - 98 34 33 00 13 2b 01 60 .43.0..`.43..+.`
00a6ff20 b0 61 23 00 58 60 23 00 - c0 5f 23 00 98 34 33 00 .a#.X`#.._#..43.
00a6ff30 98 5f 23 00 c5 40 e9 60 - 58 60 23 00 98 34 33 00 ._#..@.`X`#..43.
00a6ff40 5c 62 23 00 fc 60 23 00 - c8 63 23 00 b4 ff a6 00 \b#..`#..c#.....
00a6ff50 c8 63 23 00 6d eb e8 60 - 00 00 00 00 b4 ff a6 00 .c#.m..`........
00a6ff60 be e7 e8 60 00 00 00 00 - b0 61 23 00 01 35 01 60 ...`.....a#..5.`
00a6ff70 f0 60 23 00 18 42 23 00 - 18 42 23 00 24 00 00 00 .`#..B#..B#.$...
00a6ff80 c8 63 23 00 ce 60 00 78 - b0 61 23 00 24 00 00 00 .c#..`.x.a#.$...
00a6ff90 00 e0 fd 7f c8 63 23 00 - 00 3b f9 81 8c ff a6 00 .....c#..;......
00a6ffa0 77 0d 43 80 dc ff a6 00 - b8 ff 00 78 a8 35 03 78 w.C........x.5.x
00a6ffb0 00 00 00 00 ec ff a6 00 - 23 65 e8 77 c8 63 23 00 ........#e.w.c#.
00a6ffc0 24 00 00 00 00 e0 fd 7f - c8 63 23 00 00 c0 fd 7f $........c#.....
00a6ffd0 00 00 00 00 c0 ff a6 00 - 00 00 00 00 ff ff ff ff ................
00a6ffe0 3c d4 e8 77 08 79 e7 77 - 00 00 00 00 00 00 00 00 <..w.y.w........

Statusabbild für Threadkennung 0x230

eax=0148ff28 ebx=0014eda0 ecx=7ffda000 edx=00000000 esi=74f5b3a0 edi=00000000
eip=77882837 esp=0148ff84 ebp=0148ffb4 iopl=0 nv up ei pl nz na pe nc
cs=001b ss=0023 ds=0023 es=0023 fs=0038 gs=0000 efl=00000202


Funktion: NtRemoveIoCompletion
7788282c b8a8000000 mov eax,0xa8
77882831 8d542404 lea edx,[esp+0x4]
ss:0208d557=00000000
77882835 cd2e int 2e
77882837 c21400 ret 0x14

*----> Stack Back Trace <----*

FramePtr ReturnAd Param#1 Param#2 Param#3 Param#4 Function Name
0148FFB4 77E86523 74F47682 7FFDE000 00000000 0014EDA0 ntdll!NtRemoveIoCompletion
0148FFEC 00000000 00000000 00000000 00000000 00000000 kernel32!TlsSetValue

Statusabbild für Threadkennung 0x480

eax=07311748 ebx=778827dd ecx=60eae548 edx=00000000 esi=00000000 edi=00000001
eip=778827e8 esp=0158fa58 ebp=0158fa90 iopl=0 nv up ei ng nz na po nc
cs=001b ss=0023 ds=0023 es=0023 fs=0038 gs=0000 efl=00000286


Funktion: NtWaitForSingleObject
778827dd b8ea000000 mov eax,0xea
778827e2 8d542404 lea edx,[esp+0x4]
ss:0218d02b=08010400
778827e6 cd2e int 2e
778827e8 c20c00 ret 0xc
778827eb 8b4124 mov eax,[ecx+0x24]
ds:61aabb1a=????????
778827ee 39420c cmp [edx+0xc],eax
ds:00bfd5d2=????????
778827f1 0f85c9100000 jne NtQueryDefaultLocale+0x115 (778838c0)
778827f7 ff4208 inc dword ptr [edx+0x8]
ds:00bfd5d2=????????
778827fa 33c0 xor eax,eax
778827fc c20400 ret 0x4
778827ff 90 nop
77882800 ff4a04 dec dword ptr [edx+0x4]
ds:00bfd5d2=????????
77882803 c20400 ret 0x4

*----> Stack Back Trace <----*

FramePtr ReturnAd Param#1 Param#2 Param#3 Param#4 Function Name
0158FA90 74F41815 00000190 00000164 00000001 00000004 ntdll!NtWaitForSingleObject
0158FB7C 74FA2006 00000000 0158FD30 0158FC2C 0158FE34 msafd!<nosymbols>
0158FBE0 600186BA 00000000 0158FD30 0158FC2C 0158FE34 ws2_32!select

*----> Raw Stack Dump <----*
0158fa58 d5 16 f4 74 90 01 00 00 - 01 00 00 00 7c fa 58 01 ...t........|.X.
0158fa68 30 fd 58 01 04 fb 58 01 - f4 fa 58 01 d8 fa 58 01 0.X...X...X...X.
0158fa78 d4 fa 58 01 c0 b4 b3 ff - ff ff ff ff b0 e6 14 00 ..X.............
0158fa88 00 00 00 00 00 00 00 00 - 7c fb 58 01 15 18 f4 74 ........|.X....t
0158fa98 90 01 00 00 64 01 00 00 - 01 00 00 00 04 00 00 00 ....d...........
0158faa8 34 fe 58 01 f0 ec 14 00 - 2c fc 58 01 00 00 00 00 4.X.....,.X.....
0158fab8 00 00 00 00 80 6c 23 eb - ff ff ff ff 40 fb 58 01 .....l#.....@.X.
0158fac8 00 04 00 00 8a 70 01 60 - 64 01 00 00 00 00 00 00 .....p.`d.......
0158fad8 01 00 00 00 00 00 00 00 - 00 00 00 00 98 9c 08 01 ................
0158fae8 40 fb 58 01 00 00 00 00 - 00 00 00 00 80 6c 23 eb @.X..........l#.
0158faf8 ff ff ff ff 01 00 00 00 - 00 00 00 00 64 01 00 00 ............d...
0158fb08 19 00 00 00 70 54 04 01 - 00 00 00 00 00 00 00 00 ....pT..........
0158fb18 88 11 01 60 98 9c 08 01 - 40 fb 58 01 00 04 00 00 ...`....@.X.....
0158fb28 00 00 00 00 ff ff ff ff - 8d 44 00 60 98 9c 08 01 .........D.`....
0158fb38 b0 e6 14 00 00 04 00 00 - 00 00 00 00 f4 fa 58 01 ..............X.
0158fb48 2c 00 00 00 01 00 00 00 - 00 00 00 00 00 00 00 00 ,...............
0158fb58 0d 12 00 78 00 00 00 00 - 10 fb 58 01 a8 fa 58 01 ...x......X...X.
0158fb68 b0 fb 58 01 d0 fb 58 01 - 05 e6 f4 74 00 14 f4 74 ..X...X....t...t
0158fb78 ff ff ff ff e0 fb 58 01 - 06 20 fa 74 00 00 00 00 ......X.. .t....
0158fb88 30 fd 58 01 2c fc 58 01 - 34 fe 58 01 24 fc 58 01 0.X.,.X.4.X.$.X.

Statusabbild für Threadkennung 0x364

eax=00000001 ebx=77e083f4 ecx=072d3af8 edx=00000000 esi=0168ff40 edi=0103786c
eip=77e01b80 esp=0168fed4 ebp=0168fef4 iopl=0 nv up ei pl zr na po nc
cs=001b ss=0023 ds=0023 es=0023 fs=0038 gs=0000 efl=00000246


Funktion: DestroyWindow
77e01b5a ff750c push dword ptr [ebp+0xc]
ss:0228d4c6=00010008
77e01b5d ff5508 call dword ptr [ebp+0x8]
ss:0228d4c6=00010008
77e01b60 817c2404cdabbadc
ss:0228d4a7=19e6d802
cmp dword ptr [esp+0x4],0xdcbaabcd
77e01b68 0f85098a0300 jne SetClassLongW+0x65d (77e3a577)
77e01b6e 83c408 add esp,0x8
77e01b71 5d pop ebp
77e01b72 c21400 ret 0x14
77e01b75 b89a110000 mov eax,0x119a
77e01b7a 8d542404 lea edx,[esp+0x4]
ss:0228d4a7=19e6d802
77e01b7e cd2e int 2e
77e01b80 c21000 ret 0x10

*----> Stack Back Trace <----*

FramePtr ReturnAd Param#1 Param#2 Param#3 Param#4 Function Name
0168FEF4 602F9548 0168FF40 0033010E 00000000 00000000 user32!DestroyWindow
0168FF5C 60E8E7BE 0103786C 0108FA08 60013501 01041D10 necko!NSGetModule

Statusabbild für Threadkennung 0x6c

eax=00000003 ebx=011b0d58 ecx=01193f48 edx=00000000 esi=01193f48 edi=01e03460
eip=60e920ba esp=0188ff48 ebp=01193f64 iopl=0 nv up ei pl nz na po nc
cs=001b ss=0023 ds=0023 es=0023 fs=0038 gs=0000 efl=00000206


Funktion: PL_IsQueueNative
60e920a4 8b06 mov eax,[esi]
ds:01193f48=60eaf9c8
60e920a6 56 push esi
60e920a7 c7461c01000000 mov dword ptr [esi+0x1c],0x1
ds:01d9151a=846101d3
60e920ae ff5004 call dword ptr [eax+0x4]
ds:00bfd5d5=????????
60e920b1 8bc3 mov eax,ebx
60e920b3 5f pop edi
60e920b4 5e pop esi
60e920b5 5b pop ebx
60e920b6 c9 leave
60e920b7 c20400 ret 0x4
FEHLER ->60e920ba 56 push esi
60e920bb 8b742408 mov esi,[esp+0x8]
ss:0248d51b=7fdf4ee1
60e920bf 56 push esi
60e920c0 83c11c add ecx,0x1c
60e920c3 e84179fdff call nsVoidArray::RemoveElement (60e69a09)
60e920c8 85c0 test eax,eax
60e920ca 740d jz XPTI_FreeInterfaceInfoManager+0x1e78
(60e9a3d9)
60e920cc 83661c00 and dword ptr [esi+0x1c],0x0
ds:01d9151a=846101d3
60e920d0 8b06 mov eax,[esi]
ds:01193f48=60eaf9c8
60e920d2 56 push esi
60e920d3 ff5008 call dword ptr [eax+0x8]
ds:00bfd5d5=????????
60e920d6 33c0 xor eax,eax

*----> Stack Back Trace <----*

FramePtr ReturnAd Param#1 Param#2 Param#3 Param#4 Function Name
0188FF44 60E91EFF 01E03460 011B0FCC 01046EC4 0188FFB4 xpcom!PL_IsQueueNative
(FPO: [1,0,1])
0188FF5C 60E8E7BE 9BF9A18F 011B0F20 60013501 01046EB8 xpcom!PL_IsQueueNative
(FPO: [EBP 0x011B0FCC] [1,0,4])
0188FF68 60013501 01046EB8 00234218 00234218 001321C8
xpcom!nsComponentManager::EnumerateContractIDs (FPO: [1,0,1])
0188FF80 780060CE 011B0F20 001321C8 00000000 01192E70 nspr4!PRP_TryLock (FPO:
[1,0,2])
011B0FCC 0108FAB4 00000000 00000000 00000000 00000000 !beginthreadex
06BB1C34 011B0FCC 00000000 00000000 00000000 00000000 <nosymbols>
02495D84 06BB1C34 00000000 00000000 00000000 00000000 <nosymbols>
0727D0B4 02495D84 00000000 00000000 00000000 00000000 <nosymbols>
0727D48C 0727D0B4 00000000 00000000 00000000 00000000 <nosymbols>
600202A8 0727D48C 600202B0 600202B0 FFFFFFFF 7FFFFFFF <nosymbols>
00234394 600202A8 00000000 00000000 00000000 00000000 <nosymbols>
0023625C 00234394 00000000 00000000 00000000 00000000 nspr4!<nosymbols>
0101DD6C 0023625C 00000000 00000000 00000000 00000000 <nosymbols>
0108FAB4 0101DD6C 00000000 00000000 00000000 00000000 <nosymbols>
011B0FCC 0108FAB4 00000000 00000000 00000000 00000000 <nosymbols>
06BB1C34 011B0FCC 00000000 00000000 00000000 00000000 <nosymbols>
02495D84 06BB1C34 00000000 00000000 00000000 00000000 <nosymbols>
0727D0B4 02495D84 00000000 00000000 00000000 00000000 <nosymbols>
0727D48C 0727D0B4 00000000 00000000 00000000 00000000 <nosymbols>
600202A8 0727D48C 600202B0 600202B0 FFFFFFFF 7FFFFFFF <nosymbols>
00234394 600202A8 00000000 00000000 00000000 00000000 <nosymbols>
0023625C 00234394 00000000 00000000 00000000 00000000 nspr4!<nosymbols>
0101DD6C 0023625C 00000000 00000000 00000000 00000000 <nosymbols>
0108FAB4 0101DD6C 00000000 00000000 00000000 00000000 <nosymbols>
011B0FCC 0108FAB4 00000000 00000000 00000000 00000000 <nosymbols>
06BB1C34 011B0FCC 00000000 00000000 00000000 00000000 <nosymbols>
02495D84 06BB1C34 00000000 00000000 00000000 00000000 <nosymbols>
0727D0B4 02495D84 00000000 00000000 00000000 00000000 <nosymbols>
0727D48C 0727D0B4 00000000 00000000 00000000 00000000 <nosymbols>
600202A8 0727D48C 600202B0 600202B0 FFFFFFFF 7FFFFFFF <nosymbols>
00234394 600202A8 00000000 00000000 00000000 00000000 <nosymbols>
0023625C 00234394 00000000 00000000 00000000 00000000 nspr4!<nosymbols>
0101DD6C 0023625C 00000000 00000000 00000000 00000000 <nosymbols>
0108FAB4 0101DD6C 00000000 00000000 00000000 00000000 <nosymbols>
011B0FCC 0108FAB4 00000000 00000000 00000000 00000000 <nosymbols>
06BB1C34 011B0FCC 00000000 00000000 00000000 00000000 <nosymbols>
02495D84 06BB1C34 00000000 00000000 00000000 00000000 <nosymbols>
0727D0B4 02495D84 00000000 00000000 00000000 00000000 <nosymbols>
0727D48C 0727D0B4 00000000 00000000 00000000 00000000 <nosymbols>
600202A8 0727D48C 600202B0 600202B0 FFFFFFFF 7FFFFFFF <nosymbols>
00234394 600202A8 00000000 00000000 00000000 00000000 <nosymbols>
0023625C 00234394 00000000 00000000 00000000 00000000 nspr4!<nosymbols>
0101DD6C 0023625C 00000000 00000000 00000000 00000000 <nosymbols>
0108FAB4 0101DD6C 00000000 00000000 00000000 00000000 <nosymbols>
011B0FCC 0108FAB4 00000000 00000000 00000000 00000000 <nosymbols>
06BB1C34 011B0FCC 00000000 00000000 00000000 00000000 <nosymbols>
02495D84 06BB1C34 00000000 00000000 00000000 00000000 <nosymbols>
0727D0B4 02495D84 00000000 00000000 00000000 00000000 <nosymbols>
0727D48C 0727D0B4 00000000 00000000 00000000 00000000 <nosymbols>
600202A8 0727D48C 600202B0 600202B0 FFFFFFFF 7FFFFFFF <nosymbols>
00234394 600202A8 00000000 00000000 00000000 00000000 <nosymbols>
0023625C 00234394 00000000 00000000 00000000 00000000 nspr4!<nosymbols>
0101DD6C 0023625C 00000000 00000000 00000000 00000000 <nosymbols>
0108FAB4 0101DD6C 00000000 00000000 00000000 00000000 <nosymbols>
011B0FCC 0108FAB4 00000000 00000000 00000000 00000000 <nosymbols>
06BB1C34 011B0FCC 00000000 00000000 00000000 00000000 <nosymbols>
02495D84 06BB1C34 00000000 00000000 00000000 00000000 <nosymbols>
0727D0B4 02495D84 00000000 00000000 00000000 00000000 <nosymbols>
0727D48C 0727D0B4 00000000 00000000 00000000 00000000 <nosymbols>
600202A8 0727D48C 600202B0 600202B0 FFFFFFFF 7FFFFFFF <nosymbols>
00234394 600202A8 00000000 00000000 00000000 00000000 <nosymbols>
0023625C 00234394 00000000 00000000 00000000 00000000 nspr4!<nosymbols>
0101DD6C 0023625C 00000000 00000000 00000000 00000000 <nosymbols>
0108FAB4 0101DD6C 00000000 00000000 00000000 00000000 <nosymbols>
011B0FCC 0108FAB4 00000000 00000000 00000000 00000000 <nosymbols>
06BB1C34 011B0FCC 00000000 00000000 00000000 00000000 <nosymbols>
02495D84 06BB1C34 00000000 00000000 00000000 00000000 <nosymbols>
0727D0B4 02495D84 00000000 00000000 00000000 00000000 <nosymbols>
0727D48C 0727D0B4 00000000 00000000 00000000 00000000 <nosymbols>
600202A8 0727D48C 600202B0 600202B0 FFFFFFFF 7FFFFFFF <nosymbols>
00234394 600202A8 00000000 00000000 00000000 00000000 <nosymbols>
0023625C 00234394 00000000 00000000 00000000 00000000 nspr4!<nosymbols>
0101DD6C 0023625C 00000000 00000000 00000000 00000000 <nosymbols>
0108FAB4 0101DD6C 00000000 00000000 00000000 00000000 <nosymbols>
011B0FCC 0108FAB4 00000000 00000000 00000000 00000000 <nosymbols>
06BB1C34 011B0FCC 00000000 00000000 00000000 00000000 <nosymbols>
02495D84 06BB1C34 00000000 00000000 00000000 00000000 <nosymbols>
0727D0B4 02495D84 00000000 00000000 00000000 00000000 <nosymbols>
0727D48C 0727D0B4 00000000 00000000 00000000 00000000 <nosymbols>
600202A8 0727D48C 600202B0 600202B0 FFFFFFFF 7FFFFFFF <nosymbols>
00234394 600202A8 00000000 00000000 00000000 00000000 <nosymbols>
0023625C 00234394 00000000 00000000 00000000 00000000 nspr4!<nosymbols>
0101DD6C 0023625C 00000000 00000000 00000000 00000000 <nosymbols>
0108FAB4 0101DD6C 00000000 00000000 00000000 00000000 <nosymbols>
011B0FCC 0108FAB4 00000000 00000000 00000000 00000000 <nosymbols>
06BB1C34 011B0FCC 00000000 00000000 00000000 00000000 <nosymbols>
02495D84 06BB1C34 00000000 00000000 00000000 00000000 <nosymbols>
0727D0B4 02495D84 00000000 00000000 00000000 00000000 <nosymbols>
0727D48C 0727D0B4 00000000 00000000 00000000 00000000 <nosymbols>
600202A8 0727D48C 600202B0 600202B0 FFFFFFFF 7FFFFFFF <nosymbols>
00234394 600202A8 00000000 00000000 00000000 00000000 <nosymbols>
0023625C 00234394 00000000 00000000 00000000 00000000 nspr4!<nosymbols>
0101DD6C 0023625C 00000000 00000000 00000000 00000000 <nosymbols>
0108FAB4 0101DD6C 00000000 00000000 00000000 00000000 <nosymbols>
011B0FCC 0108FAB4 00000000 00000000 00000000 00000000 <nosymbols>
06BB1C34 011B0FCC 00000000 00000000 00000000 00000000 <nosymbols>
02495D84 06BB1C34 00000000 00000000 00000000 00000000 <nosymbols>
0727D0B4 02495D84 00000000 00000000 00000000 00000000 <nosymbols>
0727D48C 0727D0B4 00000000 00000000 00000000 00000000 <nosymbols>
600202A8 0727D48C 600202B0 600202B0 FFFFFFFF 7FFFFFFF <nosymbols>

*----> Raw Stack Dump <----*
0188ff48 ff 1e e9 60 60 34 e0 01 - cc 0f 1b 01 c4 6e 04 01 ...``4.......n..
0188ff58 b4 ff 88 01 70 2e 19 01 - be e7 e8 60 8f a1 f9 9b ....p......`....
0188ff68 20 0f 1b 01 01 35 01 60 - b8 6e 04 01 18 42 23 00 ....5.`.n...B#.
0188ff78 18 42 23 00 c8 21 13 00 - 70 2e 19 01 ce 60 00 78 .B#..!..p....`.x
0188ff88 20 0f 1b 01 c8 21 13 00 - 00 00 00 00 70 2e 19 01 ....!......p...
0188ff98 05 00 00 c0 8c ff 88 01 - 94 fb 88 01 dc ff 88 01 ................
0188ffa8 b8 ff 00 78 a8 35 03 78 - 00 00 00 00 ec ff 88 01 ...x.5.x........
0188ffb8 23 65 e8 77 70 2e 19 01 - c8 21 13 00 00 00 00 00 #e.wp....!......
0188ffc8 70 2e 19 01 00 60 fd 7f - 05 00 00 c0 c0 ff 88 01 p....`..........
0188ffd8 94 fb 88 01 ff ff ff ff - 3c d4 e8 77 08 79 e7 77 ........<..w.y.w
0188ffe8 00 00 00 00 00 00 00 00 - 00 00 00 00 73 60 00 78 ............s`.x
0188fff8 70 2e 19 01 00 00 00 00 - 08 00 00 00 03 01 00 00 p...............
01890008 ee ff ee ff 00 00 00 00 - 00 00 23 00 00 00 00 00 ..........#.....
01890018 00 00 89 01 00 04 00 00 - 40 00 89 01 00 00 c9 01 ........@.......
01890028 00 00 00 00 00 00 00 00 - 00 00 00 00 00 00 00 00 ................
01890038 40 00 89 01 00 00 00 00 - 09 00 08 00 03 01 08 00 @...............
01890048 00 00 00 00 04 35 fc 00 - 58 35 fc 00 e9 34 fc 00 .....5..X5...4..
01890058 78 34 fc 00 20 35 fc 00 - 00 00 00 00 00 00 00 00 x4.. 5..........
01890068 00 00 00 00 00 00 00 00 - cc 34 fc 00 74 35 fc 00 .........4..t5..
01890078 94 34 fc 00 b0 34 fc 00 - 00 00 00 00 3c 35 fc 00 .4...4......<5..

Statusabbild für Threadkennung 0x398

eax=00000000 ebx=00000000 ecx=00000535 edx=00000000 esi=778827dd edi=000001e8
eip=778827e8 esp=0259ff64 ebp=0259ff88 iopl=0 nv up ei pl zr na po nc
cs=001b ss=0023 ds=0023 es=0023 fs=0038 gs=0000 efl=00000246


Funktion: NtWaitForSingleObject
778827dd b8ea000000 mov eax,0xea
778827e2 8d542404 lea edx,[esp+0x4]
ss:0319d537=????????
778827e6 cd2e int 2e
778827e8 c20c00 ret 0xc
778827eb 8b4124 mov eax,[ecx+0x24]
ds:00bfdb07=????????
778827ee 39420c cmp [edx+0xc],eax
ds:00bfd5d2=????????
778827f1 0f85c9100000 jne NtQueryDefaultLocale+0x115 (778838c0)
778827f7 ff4208 inc dword ptr [edx+0x8]
ds:00bfd5d2=????????
778827fa 33c0 xor eax,eax
778827fc c20400 ret 0x4
778827ff 90 nop
77882800 ff4a04 dec dword ptr [edx+0x4]
ds:00bfd5d2=????????
77882803 c20400 ret 0x4

*----> Stack Back Trace <----*

FramePtr ReturnAd Param#1 Param#2 Param#3 Param#4 Function Name
0259FF88 77E73B5B 000001E8 FFFFFFFF 00000000 74FA5084 ntdll!NtWaitForSingleObject
778821D6 8B000000 83042454 0F00147A 017A0785 42FF9000 kernel32!WaitForSingleObject
180D8B64 00000000 00000000 00000000 00000000 00000000 <nosymbols>

Statusabbild für Threadkennung 0x444

eax=77d47988 ebx=80030000 ecx=00000000 edx=00000000 esi=00144158 edi=00000100
eip=77882a84 esp=02befe28 ebp=02beff74 iopl=0 nv up ei pl nz na pe nc
cs=001b ss=0023 ds=0023 es=0023 fs=0038 gs=0000 efl=00000202


Funktion: ZwReplyWaitReceivePortEx
77882a79 b8ac000000 mov eax,0xac
77882a7e 8d542404 lea edx,[esp+0x4]
ss:037ed3fb=????????
77882a82 cd2e int 2e
77882a84 c21400 ret 0x14

*----> Stack Back Trace <----*

FramePtr ReturnAd Param#1 Param#2 Param#3 Param#4 Function Name
02BEFF74 77D475EC 77D47A82 00144158 00000000 00000000
ntdll!ZwReplyWaitReceivePortEx
02BEFFA8 77D479A0 00140CB8 02BEFFEC 77E86523 001598A0 rpcrt4!RpcBindingSetOption
02BEFFB4 77E86523 001598A0 00000000 00000000 001598A0 rpcrt4!RpcBindingSetOption
02BEFFEC 00000000 00000000 00000000 00000000 00000000 kernel32!TlsSetValue

Statusabbild für Threadkennung 0x3a8

eax=77d47988 ebx=80030000 ecx=00000000 edx=00000000 esi=00144158 edi=00000100
eip=77882a84 esp=096afe28 ebp=096aff74 iopl=0 nv up ei pl nz na po nc
cs=001b ss=0023 ds=0023 es=0023 fs=0038 gs=0000 efl=00000206


Funktion: ZwReplyWaitReceivePortEx
77882a79 b8ac000000 mov eax,0xac
77882a7e 8d542404 lea edx,[esp+0x4]
ss:0a2ad3fb=????????
77882a82 cd2e int 2e
77882a84 c21400 ret 0x14

*----> Stack Back Trace <----*

FramePtr ReturnAd Param#1 Param#2 Param#3 Param#4 Function Name
096AFF74 77D475EC 77D479EE 00144158 00000000 00000000
ntdll!ZwReplyWaitReceivePortEx
096AFFA8 77D479A0 00144130 096AFFEC 77E86523 025D6E58 rpcrt4!RpcBindingSetOption
096AFFB4 77E86523 025D6E58 00000000 00000000 025D6E58 rpcrt4!RpcBindingSetOption
096AFFEC 00000000 00000000 00000000 00000000 00000000 kernel32!TlsSetValue

Statusabbild für Threadkennung 0x43c

eax=77b23260 ebx=00000002 ecx=00000114 edx=00000000 esi=7788281e edi=00000002
eip=77882829 esp=03f6fe5c ebp=03f6fea8 iopl=0 nv up ei pl zr na po nc
cs=001b ss=0023 ds=0023 es=0023 fs=0038 gs=0000 efl=00000246


Funktion: NtWaitForMultipleObjects
7788281e b8e9000000 mov eax,0xe9
77882823 8d542404 lea edx,[esp+0x4]
ss:04b6d42f=????????
77882827 cd2e int 2e
77882829 c21400 ret 0x14

*----> Stack Back Trace <----*

FramePtr ReturnAd Param#1 Param#2 Param#3 Param#4 Function Name
03F6FEA8 77E027B7 03F6FE80 00000001 00000000 03F6FEA0
ntdll!NtWaitForMultipleObjects
03F6FF04 77E0282F 03F6FED0 70C2AB38 0000EA60 00000041
user32!MsgWaitForMultipleObjectsEx
03F6FF20 70C19AFA 00000001 70C2AB38 00000000 0000EA60
user32!MsgWaitForMultipleObjects
03F6FF74 70C19E82 03F6FFA0 03F6FFA4 03F6FFA8 03F6FF9C !Ordinal265
03F6FFAC 70C1A046 00000000 77E86523 00000000 00000000 !Ordinal293
03F6FFEC 00000000 00000000 00000000 00000000 00000000 !Ordinal293

Statusabbild für Threadkennung 0x384

eax=02fbfcf0 ebx=02fbfea4 ecx=02fbffa4 edx=00000000 esi=778827dd edi=00000488
eip=778827e8 esp=02fbfe88 ebp=02fbfeac iopl=0 nv up ei ng nz ac po cy
cs=001b ss=0023 ds=0023 es=0023 fs=0038 gs=0000 efl=00000297


Funktion: NtWaitForSingleObject
778827dd b8ea000000 mov eax,0xea
778827e2 8d542404 lea edx,[esp+0x4]
ss:03bbd45b=????????
778827e6 cd2e int 2e
778827e8 c20c00 ret 0xc
778827eb 8b4124 mov eax,[ecx+0x24]
ds:03bbd576=????????
778827ee 39420c cmp [edx+0xc],eax
ds:00bfd5d2=????????
778827f1 0f85c9100000 jne NtQueryDefaultLocale+0x115 (778838c0)
778827f7 ff4208 inc dword ptr [edx+0x8]
ds:00bfd5d2=????????
778827fa 33c0 xor eax,eax
778827fc c20400 ret 0x4
778827ff 90 nop
77882800 ff4a04 dec dword ptr [edx+0x4]
ds:00bfd5d2=????????
77882803 c20400 ret 0x4

*----> Stack Back Trace <----*

FramePtr ReturnAd Param#1 Param#2 Param#3 Param#4 Function Name
02FBFEAC 77E73B5B 00000488 00001388 00000000 60016A6C ntdll!NtWaitForSingleObject
00001388 00000000 00000000 00000000 00000000 00000000 kernel32!WaitForSingleObject

Statusabbild für Threadkennung 0x3bc

eax=78006073 ebx=033ffea4 ecx=00000000 edx=00000000 esi=778827dd edi=00000018
eip=778827e8 esp=033ffe88 ebp=033ffeac iopl=0 nv up ei ng nz ac po cy
cs=001b ss=0023 ds=0023 es=0023 fs=0038 gs=0000 efl=00000297


Funktion: NtWaitForSingleObject
778827dd b8ea000000 mov eax,0xea
778827e2 8d542404 lea edx,[esp+0x4]
ss:03ffd45b=????????
778827e6 cd2e int 2e
778827e8 c20c00 ret 0xc
778827eb 8b4124 mov eax,[ecx+0x24]
ds:00bfd5d2=????????
778827ee 39420c cmp [edx+0xc],eax
ds:00bfd5d2=????????
778827f1 0f85c9100000 jne NtQueryDefaultLocale+0x115 (778838c0)
778827f7 ff4208 inc dword ptr [edx+0x8]
ds:00bfd5d2=????????
778827fa 33c0 xor eax,eax
778827fc c20400 ret 0x4
778827ff 90 nop
77882800 ff4a04 dec dword ptr [edx+0x4]
ds:00bfd5d2=????????
77882803 c20400 ret 0x4

*----> Stack Back Trace <----*

FramePtr ReturnAd Param#1 Param#2 Param#3 Param#4 Function Name
033FFEAC 77E73B5B 00000018 00001388 00000000 60016A6C ntdll!NtWaitForSingleObject
00001388 00000000 00000000 00000000 00000000 00000000 kernel32!WaitForSingleObject

Statusabbild für Threadkennung 0x388

eax=78006073 ebx=034ffea4 ecx=778b9da7 edx=00000000 esi=778827dd edi=000005e8
eip=778827e8 esp=034ffe88 ebp=034ffeac iopl=0 nv up ei ng nz ac po cy
cs=001b ss=0023 ds=0023 es=0023 fs=0038 gs=0000 efl=00000297


Funktion: NtWaitForSingleObject
778827dd b8ea000000 mov eax,0xea
778827e2 8d542404 lea edx,[esp+0x4]
ss:040fd45b=????????
778827e6 cd2e int 2e
778827e8 c20c00 ret 0xc
778827eb 8b4124 mov eax,[ecx+0x24]
ds:784b7379=19000003
778827ee 39420c cmp [edx+0xc],eax
ds:00bfd5d2=????????
778827f1 0f85c9100000 jne NtQueryDefaultLocale+0x115 (778838c0)
778827f7 ff4208 inc dword ptr [edx+0x8]
ds:00bfd5d2=????????
778827fa 33c0 xor eax,eax
778827fc c20400 ret 0x4
778827ff 90 nop
77882800 ff4a04 dec dword ptr [edx+0x4]
ds:00bfd5d2=????????
77882803 c20400 ret 0x4

*----> Stack Back Trace <----*

FramePtr ReturnAd Param#1 Param#2 Param#3 Param#4 Function Name
034FFEAC 77E73B5B 000005E8 00001388 00000000 60016A6C ntdll!NtWaitForSingleObject
00001388 00000000 00000000 00000000 00000000 00000000 kernel32!WaitForSingleObject

*----> Raw Stack Dump <----*
034ffe88 33 3b e7 77 e8 05 00 00 - 00 00 00 00 a4 fe 4f 03 3;.w..........O.
034ffe98 7c 7a 03 01 08 d0 27 07 - fc e9 01 01 80 0f 05 fd |z....'.........
034ffea8 ff ff ff ff 88 13 00 00 - 5b 3b e7 77 e8 05 00 00 ........[;.w....
034ffeb8 88 13 00 00 00 00 00 00 - 6c 6a 01 60 e8 05 00 00 ........lj.`....
034ffec8 88 13 00 00 e0 e9 01 01 - 08 d0 27 07 40 ff 4f 03 ..........'.@.O.
034ffed8 00 00 00 00 6c 28 01 60 - 7c 7a 03 01 fc e9 01 01 ....l(.`|z......
034ffee8 62 44 04 00 00 00 00 80 - 62 44 04 00 13 2b 01 60 bD......bD...+.`
034ffef8 08 d0 27 07 08 7a 03 01 - e0 e9 01 01 62 44 04 00 ..'..z......bD..
034fff08 90 6e ff 00 d5 ef e8 60 - 08 7a 03 01 62 44 04 00 .n.....`.z..bD..
034fff18 05 00 00 00 48 80 ca 06 - a4 06 c8 06 00 00 00 00 ....H...........
034fff28 e0 e9 01 01 2d ec e8 60 - 04 00 00 00 a4 06 c8 06 ....-..`........
034fff38 00 00 00 00 08 d0 27 07 - 5c ff 4f 03 76 f4 e8 60 ......'.\.O.v..`
034fff48 98 06 c8 06 b4 d0 27 07 - a4 06 c8 06 b8 e8 30 07 ......'.......0.
034fff58 98 06 c8 06 b4 ff 4f 03 - be e7 e8 60 48 80 ca 06 ......O....`H...
034fff68 08 d0 27 07 01 35 01 60 - 98 06 c8 06 18 42 23 00 ..'..5.`.....B#.
034fff78 18 42 23 00 01 00 00 00 - b8 e8 30 07 ce 60 00 78 .B#.......0..`.x
034fff88 08 d0 27 07 01 00 00 00 - 14 df 12 00 b8 e8 30 07 ..'...........0.
034fff98 e0 90 f3 81 8c ff 4f 03 - 77 0d 43 80 dc ff 4f 03 ......O.w.C...O.
034fffa8 b8 ff 00 78 a8 35 03 78 - 00 00 00 00 ec ff 4f 03 ...x.5.x......O.
034fffb8 23 65 e8 77 b8 e8 30 07 - 01 00 00 00 14 df 12 00 #e.w..0.........

Statusabbild für Threadkennung 0x3b8

eax=78006073 ebx=0361fea4 ecx=778b9da7 edx=00000000 esi=778827dd edi=000005b4
eip=778827e8 esp=0361fe88 ebp=0361feac iopl=0 nv up ei ng nz ac po cy
cs=001b ss=0023 ds=0023 es=0023 fs=0038 gs=0000 efl=00000297


Funktion: NtWaitForSingleObject
778827dd b8ea000000 mov eax,0xea
778827e2 8d542404 lea edx,[esp+0x4]
ss:0421d45b=????????
778827e6 cd2e int 2e
778827e8 c20c00 ret 0xc
778827eb 8b4124 mov eax,[ecx+0x24]
ds:784b7379=19000003
778827ee 39420c cmp [edx+0xc],eax
ds:00bfd5d2=????????
778827f1 0f85c9100000 jne NtQueryDefaultLocale+0x115 (778838c0)
778827f7 ff4208 inc dword ptr [edx+0x8]
ds:00bfd5d2=????????
778827fa 33c0 xor eax,eax
778827fc c20400 ret 0x4
778827ff 90 nop
77882800 ff4a04 dec dword ptr [edx+0x4]
ds:00bfd5d2=????????
77882803 c20400 ret 0x4

*----> Stack Back Trace <----*

FramePtr ReturnAd Param#1 Param#2 Param#3 Param#4 Function Name
0361FEAC 77E73B5B 000005B4 00001388 00000000 60016A6C ntdll!NtWaitForSingleObject
00001388 00000000 00000000 00000000 00000000 00000000 kernel32!WaitForSingleObject

*----> Raw Stack Dump <----*
0361fe88 33 3b e7 77 b4 05 00 00 - 00 00 00 00 a4 fe 61 03 3;.w..........a.
0361fe98 7c 7a 03 01 e0 d3 27 07 - fc e9 01 01 80 0f 05 fd |z....'.........
0361fea8 ff ff ff ff 88 13 00 00 - 5b 3b e7 77 b4 05 00 00 ........[;.w....
0361feb8 88 13 00 00 00 00 00 00 - 6c 6a 01 60 b4 05 00 00 ........lj.`....
0361fec8 88 13 00 00 e0 e9 01 01 - e0 d3 27 07 40 ff 61 03 ..........'.@.a.
0361fed8 00 00 00 00 6c 28 01 60 - 7c 7a 03 01 fc e9 01 01 ....l(.`|z......
0361fee8 62 44 04 00 00 00 00 80 - 62 44 04 00 13 2b 01 60 bD......bD...+.`
0361fef8 e0 d3 27 07 08 7a 03 01 - e0 e9 01 01 62 44 04 00 ..'..z......bD..
0361ff08 90 6e ff 00 d5 ef e8 60 - 08 7a 03 01 62 44 04 00 .n.....`.z..bD..
0361ff18 05 00 00 00 28 1a 14 07 - 1c 36 1f 0c 00 00 00 00 ....(....6......
0361ff28 e0 e9 01 01 2d ec e8 60 - 04 00 00 00 1c 36 1f 0c ....-..`.....6..
0361ff38 00 00 00 00 e0 d3 27 07 - 5c ff 61 03 76 f4 e8 60 ......'.\.a.v..`
0361ff48 10 36 1f 0c 8c d4 27 07 - 1c 36 1f 0c 80 93 94 07 .6....'..6......
0361ff58 10 36 1f 0c b4 ff 61 03 - be e7 e8 60 28 1a 14 07 .6....a....`(...
0361ff68 e0 d3 27 07 01 35 01 60 - 10 36 1f 0c 18 42 23 00 ..'..5.`.6...B#.
0361ff78 18 42 23 00 01 00 00 00 - 80 93 94 07 ce 60 00 78 .B#..........`.x
0361ff88 e0 d3 27 07 01 00 00 00 - 34 d0 12 00 80 93 94 07 ..'.....4.......
0361ff98 a0 9d 00 82 8c ff 61 03 - 77 0d 43 80 dc ff 61 03 ......a.w.C...a.
0361ffa8 b8 ff 00 78 a8 35 03 78 - 00 00 00 00 ec ff 61 03 ...x.5.x......a.
0361ffb8 23 65 e8 77 80 93 94 07 - 01 00 00 00 34 d0 12 00 #e.w........4...



Reproducible: Couldn't Reproduce
Steps to Reproduce:
