Intermittent b2g30 browser_privacypane_4.js | history mode is expected to remain remember - Got custom, expected remember | history mode is expected to remain custom - Got remember, expected custom | history mode is expected to remain remember ...
+++ This bug wa initially created a a clone of Bug #1003605 +++

Same Windows debug build a bug 1003605 comment 1.

https://tbpl.mozilla.org/php/getParsedLog.php?id=38746928&tree=Mozilla-B2g30-v1.4
https://tbpl.mozilla.org/php/getParsedLog.php?id=38747655&tree=Mozilla-B2g30-v1.4
https://tbpl.mozilla.org/php/getParsedLog.php?id=38747494&tree=Mozilla-B2g30-v1.4

15:41:26 INFO - TEST-START | chrome://mochitests/content/browser/browser/components/preferences/in-content/tests/browser_privacypane_4.js
15:41:26 INFO - subset: ,,,,,,,,,,reset_preferences
15:41:26 INFO - ++DOCSHELL 0F0E5BF8 == 28 [pid = 4028] [id = 1428]
15:41:26 INFO - ++DOMWINDOW == 95 (1FCAF678) [pid = 4028] [serial = 3900] [outer = 00000000]
15:41:26 INFO - ++DOMWINDOW == 96 (0BFDBAB8) [pid = 4028] [serial = 3901] [outer = 1FCAF678]
15:41:26 INFO - [Parent 4028] WARNING: NS_ENSURE_TRUE(mMutable) failed: file c:/builds/moz2_slave/m-b30_14-w32-d-000000000000000/build/netwerk/base/src/nsSimpleURI.cpp, line 265
15:41:26 INFO - ++DOMWINDOW == 97 (14047B98) [pid = 4028] [serial = 3902] [outer = 1FCAF678]
15:41:26 INFO - [Parent 4028] WARNING: NS_ENSURE_SUCCESS(rv, rv) failed with result 0x80520012: file c:/builds/moz2_slave/m-b30_14-w32-d-000000000000000/build/layout/style/Loader.cpp, line 1998
15:41:26 INFO - TEST-PASS | chrome://mochitests/content/browser/browser/components/preferences/in-content/tests/browser_privacypane_4.js | Checking if the preference tab wa opened
15:41:26 INFO - TEST-PASS | chrome://mochitests/content/browser/browser/components/preferences/in-content/tests/browser_privacypane_4.js | history mode menulist should exist
15:41:26 INFO - TEST-PASS | chrome://mochitests/content/browser/browser/components/preferences/in-content/tests/browser_privacypane_4.js | history mode is expected to remain remember
15:41:26 INFO - TEST-PASS | chrome://mochitests/content/browser/browser/components/preferences/in-content/tests/browser_privacypane_4.js | the control to change should exist
15:41:26 INFO - [Parent 4028] WARNING: NS_ENSURE_TRUE(mMutable) failed: file c:/builds/moz2_slave/m-b30_14-w32-d-000000000000000/build/netwerk/base/src/nsSimpleURI.cpp, line 265
15:41:26 INFO - [Parent 4028] WARNING: NS_ENSURE_TRUE(docShell) failed: file c:/builds/moz2_slave/m-b30_14-w32-d-000000000000000/build/dom/base/nsHistory.cpp, line 313
15:41:26 INFO - JavaScript error: chrome://browser/content/preferences/in-content/preferences.js, line 37: NS_ERROR_FAILURE:
15:41:26 INFO - ++DOCSHELL 152F93D8 == 29 [pid = 4028] [id = 1429]
15:41:26 INFO - ++DOMWINDOW == 98 (20EB2868) [pid = 4028] [serial = 3903] [outer = 00000000]
15:41:26 INFO - ++DOMWINDOW == 99 (157F74B0) [pid = 4028] [serial = 3904] [outer = 20EB2868]
15:41:26 INFO - [Parent 4028] WARNING: NS_ENSURE_TRUE(mMutable) failed: file c:/builds/moz2_slave/m-b30_14-w32-d-000000000000000/build/netwerk/base/src/nsSimpleURI.cpp, line 265
15:41:26 INFO - TEST-INFO | chrome://mochitests/content/browser/browser/components/preferences/in-content/tests/browser_privacypane_4.js | Console message: [JavaScript Error: "NS_ERROR_FAILURE: " {file: "chrome://browser/content/preferences/in-content/preferences.js" line: 37}]
15:41:26 INFO - ++DOMWINDOW == 100 (1FAD10E8) [pid = 4028] [serial = 3905] [outer = 20EB2868]
15:41:26 INFO - [Parent 4028] WARNING: NS_ENSURE_SUCCESS(rv, rv) failed with result 0x80520012: file c:/builds/moz2_slave/m-b30_14-w32-d-000000000000000/build/layout/style/Loader.cpp, line 1998
15:41:27 INFO - TEST-PASS | chrome://mochitests/content/browser/browser/components/preferences/in-content/tests/browser_privacypane_4.js | Checking if the preference tab wa opened
15:41:27 INFO - TEST-PASS | chrome://mochitests/content/browser/browser/components/preferences/in-content/tests/browser_privacypane_4.js | history mode menulist should exist
15:41:27 INFO - TEST-PASS | chrome://mochitests/content/browser/browser/components/preferences/in-content/tests/browser_privacypane_4.js | history mode is expected to remain custom
15:41:27 INFO - TEST-PASS | chrome://mochitests/content/browser/browser/components/preferences/in-content/tests/browser_privacypane_4.js | the control to change should exist
15:41:27 INFO - [Parent 4028] WARNING: NS_ENSURE_TRUE(mMutable) failed: file c:/builds/moz2_slave/m-b30_14-w32-d-000000000000000/build/netwerk/base/src/nsSimpleURI.cpp, line 265
15:41:27 INFO - [Parent 4028] WARNING: NS_ENSURE_TRUE(docShell) failed: file c:/builds/moz2_slave/m-b30_14-w32-d-000000000000000/build/dom/base/nsHistory.cpp, line 313
15:41:27 INFO - JavaScript error: chrome://browser/content/preferences/in-content/preferences.js, line 37: NS_ERROR_FAILURE:
15:41:27 INFO - ++DOCSHELL 13550DF8 == 30 [pid = 4028] [id = 1430]
15:41:27 INFO - ++DOMWINDOW == 101 (212AB2C0) [pid = 4028] [serial = 3906] [outer = 00000000]
15:41:27 INFO - ++DOMWINDOW == 102 (126274B0) [pid = 4028] [serial = 3907] [outer = 212AB2C0]
15:41:27 INFO - [Parent 4028] WARNING: NS_ENSURE_TRUE(mMutable) failed: file c:/builds/moz2_slave/m-b30_14-w32-d-000000000000000/build/netwerk/base/src/nsSimpleURI.cpp, line 265
15:41:27 INFO - TEST-INFO | chrome://mochitests/content/browser/browser/components/preferences/in-content/tests/browser_privacypane_4.js | Console message: [JavaScript Error: "NS_ERROR_FAILURE: " {file: "chrome://browser/content/preferences/in-content/preferences.js" line: 37}]
15:41:27 INFO - ++DOMWINDOW == 103 (139AF660) [pid = 4028] [serial = 3908] [outer = 212AB2C0]
15:41:27 INFO - [Parent 4028] WARNING: NS_ENSURE_SUCCESS(rv, rv) failed with result 0x80520012: file c:/builds/moz2_slave/m-b30_14-w32-d-000000000000000/build/layout/style/Loader.cpp, line 1998
15:41:27 INFO - TEST-PASS | chrome://mochitests/content/browser/browser/components/preferences/in-content/tests/browser_privacypane_4.js | Checking if the preference tab wa opened
15:41:27 INFO - TEST-PASS | chrome://mochitests/content/browser/browser/components/preferences/in-content/tests/browser_privacypane_4.js | history mode menulist should exist
15:41:27 WARNING - TEST-UNEXPECTED-FAIL | chrome://mochitests/content/browser/browser/components/preferences/in-content/tests/browser_privacypane_4.js | history mode is expected to remain remember - Got custom, expected remember
15:41:27 INFO - Stack trace:
15:41:27 INFO - JS frame :: chrome://mochikit/content/browser-test.js :: test_is :: line 727
15:41:27 INFO - JS frame :: chrome://mochitests/content/browser/browser/components/preferences/in-content/tests/privacypane_tests_perwindow.js :: test_custom_retention/< :: line 281
15:41:27 INFO - JS frame :: chrome://mochitests/content/browser/browser/components/preferences/in-content/tests/privacypane_tests_perwindow.js :: runTestOnPrivacyPrefPane/</< :: line 12
15:41:27 INFO - JS frame :: chrome://browser/content/preferences/in-content/preferences.js :: init_all :: line 31
15:41:27 INFO - JS frame :: chrome://browser/content/preferences/in-content/preferences.js :: onLoad :: line 17
15:41:27 INFO - native frame :: <unknown filename> :: <TOP_LEVEL> :: line 0
15:41:27 INFO - TEST-PASS | chrome://mochitests/content/browser/browser/components/preferences/in-content/tests/browser_privacypane_4.js | the control to change should exist
15:41:28 INFO - [Parent 4028] WARNING: NS_ENSURE_TRUE(mMutable) failed: file c:/builds/moz2_slave/m-b30_14-w32-d-000000000000000/build/netwerk/base/src/nsSimpleURI.cpp, line 265
15:41:28 INFO - [Parent 4028] WARNING: NS_ENSURE_TRUE(docShell) failed: file c:/builds/moz2_slave/m-b30_14-w32-d-000000000000000/build/dom/base/nsHistory.cpp, line 313
15:41:28 INFO - JavaScript error: chrome://browser/content/preferences/in-content/preferences.js, line 37: NS_ERROR_FAILURE:
15:41:28 INFO - ++DOCSHELL 15ADDEE0 == 31 [pid = 4028] [id = 1431]
15:41:28 INFO - ++DOMWINDOW == 104 (0F231228) [pid = 4028] [serial = 3909] [outer = 00000000]
15:41:28 INFO - ++DOMWINDOW == 105 (13D28F10) [pid = 4028] [serial = 3910] [outer = 0F231228]
15:41:28 INFO - [Parent 4028] WARNING: NS_ENSURE_TRUE(mMutable) failed: file c:/builds/moz2_slave/m-b30_14-w32-d-000000000000000/build/netwerk/base/src/nsSimpleURI.cpp, line 265
15:41:28 INFO - TEST-INFO | chrome://mochitests/content/browser/browser/components/preferences/in-content/tests/browser_privacypane_4.js | Console message: [JavaScript Error: "NS_ERROR_FAILURE: " {file: "chrome://browser/content/preferences/in-content/preferences.js" line: 37}]
15:41:28 INFO - --DOMWINDOW == 104 (2009B1C0) [pid = 4028] [serial = 3792] [outer = 00000000] [url = chrome://browser/content/places/places.xul]
15:41:28 INFO - --DOMWINDOW == 103 (11C8F028) [pid = 4028] [serial = 3567] [outer = 00000000] [url = chrome://browser/content/browser.xul]
15:41:28 INFO - --DOMWINDOW == 102 (12159000) [pid = 4028] [serial = 3602] [outer = 00000000] [url = chrome://browser/content/browser.xul]
15:41:28 INFO - --DOMWINDOW == 101 (1566A2B0) [pid = 4028] [serial = 3773] [outer = 00000000] [url = chrome://browser/content/places/bookmarkProperties.xul]
15:41:28 INFO - --DOMWINDOW == 100 (0BBD4138) [pid = 4028] [serial = 3720] [outer = 00000000] [url = chrome://browser/content/browser.xul]
15:41:28 INFO - --DOMWINDOW == 99 (14257C38) [pid = 4028] [serial = 3682] [outer = 00000000] [url = chrome://browser/content/browser.xul]
15:41:28 INFO - ++DOMWINDOW == 100 (21DCB8B0) [pid = 4028] [serial = 3911] [outer = 0F231228]
15:41:28 INFO - [Parent 4028] WARNING: NS_ENSURE_SUCCESS(rv, rv) failed with result 0x80520012: file c:/builds/moz2_slave/m-b30_14-w32-d-000000000000000/build/layout/style/Loader.cpp, line 1998
15:41:29 INFO - TEST-PASS | chrome://mochitests/content/browser/browser/components/preferences/in-content/tests/browser_privacypane_4.js | Checking if the preference tab wa opened
15:41:29 INFO - TEST-PASS | chrome://mochitests/content/browser/browser/components/preferences/in-content/tests/browser_privacypane_4.js | history mode menulist should exist
15:41:29 WARNING - TEST-UNEXPECTED-FAIL | chrome://mochitests/content/browser/browser/components/preferences/in-content/tests/browser_privacypane_4.js | history mode is expected to remain custom - Got remember, expected custom
15:41:29 INFO - Stack trace:
15:41:29 INFO - JS frame :: chrome://mochikit/content/browser-test.js :: test_is :: line 727
15:41:29 INFO - JS frame :: chrome://mochitests/content/browser/browser/components/preferences/in-content/tests/privacypane_tests_perwindow.js :: test_custom_retention/< :: line 281
15:41:29 INFO - JS frame :: chrome://mochitests/content/browser/browser/components/preferences/in-content/tests/privacypane_tests_perwindow.js :: runTestOnPrivacyPrefPane/</< :: line 12
15:41:29 INFO - JS frame :: chrome://browser/content/preferences/in-content/preferences.js :: init_all :: line 31
15:41:29 INFO - JS frame :: chrome://browser/content/preferences/in-content/preferences.js :: onLoad :: line 17
15:41:29 INFO - native frame :: <unknown filename> :: <TOP_LEVEL> :: line 0
15:41:29 INFO - TEST-PASS | chrome://mochitests/content/browser/browser/components/preferences/in-content/tests/browser_privacypane_4.js | the control to change should exist
15:41:29 INFO - [Parent 4028] WARNING: NS_ENSURE_TRUE(mMutable) failed: file c:/builds/moz2_slave/m-b30_14-w32-d-000000000000000/build/netwerk/base/src/nsSimpleURI.cpp, line 265
15:41:29 INFO - [Parent 4028] WARNING: NS_ENSURE_TRUE(docShell) failed: file c:/builds/moz2_slave/m-b30_14-w32-d-000000000000000/build/dom/base/nsHistory.cpp, line 313
15:41:29 INFO - JavaScript error: chrome://browser/content/preferences/in-content/preferences.js, line 37: NS_ERROR_FAILURE:
15:41:29 INFO - ++DOCSHELL 20C64100 == 32 [pid = 4028] [id = 1432]
15:41:29 INFO - ++DOMWINDOW == 101 (13AF4918) [pid = 4028] [serial = 3912] [outer = 00000000]
15:41:29 INFO - ++DOMWINDOW == 102 (2099E3C0) [pid = 4028] [serial = 3913] [outer = 13AF4918]
15:41:29 INFO - [Parent 4028] WARNING: NS_ENSURE_TRUE(mMutable) failed: file c:/builds/moz2_slave/m-b30_14-w32-d-000000000000000/build/netwerk/base/src/nsSimpleURI.cpp, line 265
15:41:29 INFO - TEST-INFO | chrome://mochitests/content/browser/browser/components/preferences/in-content/tests/browser_privacypane_4.js | Console message: [JavaScript Error: "NS_ERROR_FAILURE: " {file: "chrome://browser/content/preferences/in-content/preferences.js" line: 37}]
15:41:29 INFO - ++DOMWINDOW == 103 (0EC79388) [pid = 4028] [serial = 3914] [outer = 13AF4918]
15:41:29 INFO - [Parent 4028] WARNING: NS_ENSURE_SUCCESS(rv, rv) failed with result 0x80520012: file c:/builds/moz2_slave/m-b30_14-w32-d-000000000000000/build/layout/style/Loader.cpp, line 1998
15:41:29 INFO - TEST-PASS | chrome://mochitests/content/browser/browser/components/preferences/in-content/tests/browser_privacypane_4.js | Checking if the preference tab wa opened
15:41:29 INFO - TEST-PASS | chrome://mochitests/content/browser/browser/components/preferences/in-content/tests/browser_privacypane_4.js | history mode menulist should exist
15:41:29 WARNING - TEST-UNEXPECTED-FAIL | chrome://mochitests/content/browser/browser/components/preferences/in-content/tests/browser_privacypane_4.js | history mode is expected to remain remember - Got custom, expected remember
15:41:29 INFO - Stack trace:
15:41:29 INFO - JS frame :: chrome://mochikit/content/browser-test.js :: test_is :: line 727
15:41:29 INFO - JS frame :: chrome://mochitests/content/browser/browser/components/preferences/in-content/tests/privacypane_tests_perwindow.js :: test_custom_retention/< :: line 281
15:41:29 INFO - JS frame :: chrome://mochitests/content/browser/browser/components/preferences/in-content/tests/privacypane_tests_perwindow.js :: runTestOnPrivacyPrefPane/</< :: line 12
15:41:29 INFO - JS frame :: chrome://browser/content/preferences/in-content/preferences.js :: init_all :: line 31
15:41:29 INFO - JS frame :: chrome://browser/content/preferences/in-content/preferences.js :: onLoad :: line 17
15:41:29 INFO - native frame :: <unknown filename> :: <TOP_LEVEL> :: line 0
15:41:29 INFO - TEST-PASS | chrome://mochitests/content/browser/browser/components/preferences/in-content/tests/browser_privacypane_4.js | the control to change should exist
15:41:29 INFO - [Parent 4028] WARNING: NS_ENSURE_TRUE(mMutable) failed: file c:/builds/moz2_slave/m-b30_14-w32-d-000000000000000/build/netwerk/base/src/nsSimpleURI.cpp, line 265
15:41:29 INFO - [Parent 4028] WARNING: NS_ENSURE_TRUE(docShell) failed: file c:/builds/moz2_slave/m-b30_14-w32-d-000000000000000/build/dom/base/nsHistory.cpp, line 313
15:41:29 INFO - JavaScript error: chrome://browser/content/preferences/in-content/preferences.js, line 37: NS_ERROR_FAILURE:
15:41:29 INFO - ++DOCSHELL 09ED02C0 == 33 [pid = 4028] [id = 1433]
15:41:29 INFO - ++DOMWINDOW == 104 (132E9978) [pid = 4028] [serial = 3915] [outer = 00000000]
15:41:30 INFO - ++DOMWINDOW == 105 (13061808) [pid = 4028] [serial = 3916] [outer = 132E9978]
15:41:30 INFO - [Parent 4028] WARNING: NS_ENSURE_TRUE(mMutable) failed: file c:/builds/moz2_slave/m-b30_14-w32-d-000000000000000/build/netwerk/base/src/nsSimpleURI.cpp, line 265
15:41:30 INFO - TEST-INFO | chrome://mochitests/content/browser/browser/components/preferences/in-content/tests/browser_privacypane_4.js | Console message: [JavaScript Error: "NS_ERROR_FAILURE: " {file: "chrome://browser/content/preferences/in-content/preferences.js" line: 37}]
15:41:30 INFO - ++DOMWINDOW == 106 (1FCDF1A8) [pid = 4028] [serial = 3917] [outer = 132E9978]
15:41:30 INFO - [Parent 4028] WARNING: NS_ENSURE_SUCCESS(rv, rv) failed with result 0x80520012: file c:/builds/moz2_slave/m-b30_14-w32-d-000000000000000/build/layout/style/Loader.cpp, line 1998
15:41:30 INFO - TEST-PASS | chrome://mochitests/content/browser/browser/components/preferences/in-content/tests/browser_privacypane_4.js | Checking if the preference tab wa opened
15:41:30 INFO - TEST-PASS | chrome://mochitests/content/browser/browser/components/preferences/in-content/tests/browser_privacypane_4.js | history mode menulist should exist
15:41:30 INFO - TEST-PASS | chrome://mochitests/content/browser/browser/components/preferences/in-content/tests/browser_privacypane_4.js | history mode is expected to remain custom
15:41:30 INFO - TEST-PASS | chrome://mochitests/content/browser/browser/components/preferences/in-content/tests/browser_privacypane_4.js | the control to change should exist
15:41:30 INFO - [Parent 4028] WARNING: NS_ENSURE_TRUE(mMutable) failed: file c:/builds/moz2_slave/m-b30_14-w32-d-000000000000000/build/netwerk/base/src/nsSimpleURI.cpp, line 265
15:41:30 INFO - [Parent 4028] WARNING: NS_ENSURE_TRUE(docShell) failed: file c:/builds/moz2_slave/m-b30_14-w32-d-000000000000000/build/dom/base/nsHistory.cpp, line 313
15:41:30 INFO - JavaScript error: chrome://browser/content/preferences/in-content/preferences.js, line 37: NS_ERROR_FAILURE:
15:41:30 INFO - ++DOCSHELL 0BFAEA60 == 34 [pid = 4028] [id = 1434]
15:41:30 INFO - ++DOMWINDOW == 107 (13D70488) [pid = 4028] [serial = 3918] [outer = 00000000]
15:41:30 INFO - ++DOMWINDOW == 108 (0F821278) [pid = 4028] [serial = 3919] [outer = 13D70488]
15:41:30 INFO - [Parent 4028] WARNING: NS_ENSURE_TRUE(mMutable) failed: file c:/builds/moz2_slave/m-b30_14-w32-d-000000000000000/build/netwerk/base/src/nsSimpleURI.cpp, line 265
15:41:30 INFO - TEST-INFO | chrome://mochitests/content/browser/browser/components/preferences/in-content/tests/browser_privacypane_4.js | Console message: [JavaScript Error: "NS_ERROR_FAILURE: " {file: "chrome://browser/content/preferences/in-content/preferences.js" line: 37}]
15:41:30 INFO - ++DOMWINDOW == 109 (20B1CAE0) [pid = 4028] [serial = 3920] [outer = 13D70488]
15:41:30 INFO - [Parent 4028] WARNING: NS_ENSURE_SUCCESS(rv, rv) failed with result 0x80520012: file c:/builds/moz2_slave/m-b30_14-w32-d-000000000000000/build/layout/style/Loader.cpp, line 1998
15:41:31 INFO - TEST-PASS | chrome://mochitests/content/browser/browser/components/preferences/in-content/tests/browser_privacypane_4.js | Checking if the preference tab wa opened
15:41:31 INFO - TEST-PASS | chrome://mochitests/content/browser/browser/components/preferences/in-content/tests/browser_privacypane_4.js | history mode menulist should exist
15:41:31 INFO - TEST-PASS | chrome://mochitests/content/browser/browser/components/preferences/in-content/tests/browser_privacypane_4.js | history mode is expected to remain custom
15:41:31 INFO - TEST-PASS | chrome://mochitests/content/browser/browser/components/preferences/in-content/tests/browser_privacypane_4.js | the control to change should exist
15:41:31 INFO - [Parent 4028] WARNING: NS_ENSURE_TRUE(mMutable) failed: file c:/builds/moz2_slave/m-b30_14-w32-d-000000000000000/build/netwerk/base/src/nsSimpleURI.cpp, line 265
15:41:31 INFO - [Parent 4028] WARNING: NS_ENSURE_TRUE(docShell) failed: file c:/builds/moz2_slave/m-b30_14-w32-d-000000000000000/build/dom/base/nsHistory.cpp, line 313
15:41:31 INFO - JavaScript error: chrome://browser/content/preferences/in-content/preferences.js, line 37: NS_ERROR_FAILURE:
15:41:31 INFO - ++DOCSHELL 20CE6DE0 == 35 [pid = 4028] [id = 1435]
15:41:31 INFO - ++DOMWINDOW == 110 (1F30A298) [pid = 4028] [serial = 3921] [outer = 00000000]
15:41:31 INFO - ++DOMWINDOW == 111 (0C1C8EB0) [pid = 4028] [serial = 3922] [outer = 1F30A298]
15:41:31 INFO - [Parent 4028] WARNING: NS_ENSURE_TRUE(mMutable) failed: file c:/builds/moz2_slave/m-b30_14-w32-d-000000000000000/build/netwerk/base/src/nsSimpleURI.cpp, line 265
15:41:31 INFO - TEST-INFO | chrome://mochitests/content/browser/browser/components/preferences/in-content/tests/browser_privacypane_4.js | Console message: [JavaScript Error: "NS_ERROR_FAILURE: " {file: "chrome://browser/content/preferences/in-content/preferences.js" line: 37}]
15:41:31 INFO - ++DOMWINDOW == 112 (07FF8218) [pid = 4028] [serial = 3923] [outer = 1F30A298]
15:41:31 INFO - [Parent 4028] WARNING: NS_ENSURE_SUCCESS(rv, rv) failed with result 0x80520012: file c:/builds/moz2_slave/m-b30_14-w32-d-000000000000000/build/layout/style/Loader.cpp, line 1998
15:41:31 INFO - TEST-PASS | chrome://mochitests/content/browser/browser/components/preferences/in-content/tests/browser_privacypane_4.js | Checking if the preference tab wa opened
15:41:31 INFO - TEST-PASS | chrome://mochitests/content/browser/browser/components/preferences/in-content/tests/browser_privacypane_4.js | history mode menulist should exist
15:41:31 WARNING - TEST-UNEXPECTED-FAIL | chrome://mochitests/content/browser/browser/components/preferences/in-content/tests/browser_privacypane_4.js | history mode is expected to remain remember - Got custom, expected remember
15:41:31 INFO - Stack trace:
15:41:31 INFO - JS frame :: chrome://mochikit/content/browser-test.js :: test_is :: line 727
15:41:31 INFO - JS frame :: chrome://mochitests/content/browser/browser/components/preferences/in-content/tests/privacypane_tests_perwindow.js :: test_custom_retention/< :: line 281
15:41:31 INFO - JS frame :: chrome://mochitests/content/browser/browser/components/preferences/in-content/tests/privacypane_tests_perwindow.js :: runTestOnPrivacyPrefPane/</< :: line 12
15:41:31 INFO - JS frame :: chrome://browser/content/preferences/in-content/preferences.js :: init_all :: line 31
15:41:31 INFO - JS frame :: chrome://browser/content/preferences/in-content/preferences.js :: onLoad :: line 17
15:41:31 INFO - native frame :: <unknown filename> :: <TOP_LEVEL> :: line 0
15:41:31 INFO - TEST-PASS | chrome://mochitests/content/browser/browser/components/preferences/in-content/tests/browser_privacypane_4.js | the control to change should exist
15:41:31 INFO - [Parent 4028] WARNING: NS_ENSURE_TRUE(mMutable) failed: file c:/builds/moz2_slave/m-b30_14-w32-d-000000000000000/build/netwerk/base/src/nsSimpleURI.cpp, line 265
15:41:31 INFO - [Parent 4028] WARNING: NS_ENSURE_TRUE(docShell) failed: file c:/builds/moz2_slave/m-b30_14-w32-d-000000000000000/build/dom/base/nsHistory.cpp, line 313
15:41:31 INFO - JavaScript error: chrome://browser/content/preferences/in-content/preferences.js, line 37: NS_ERROR_FAILURE:
15:41:31 INFO - ++DOCSHELL 206CCAD8 == 36 [pid = 4028] [id = 1436]
15:41:31 INFO - ++DOMWINDOW == 113 (2247D028) [pid = 4028] [serial = 3924] [outer = 00000000]
15:41:31 INFO - ++DOMWINDOW == 114 (134FB6D0) [pid = 4028] [serial = 3925] [outer = 2247D028]
15:41:31 INFO - [Parent 4028] WARNING: NS_ENSURE_TRUE(mMutable) failed: file c:/builds/moz2_slave/m-b30_14-w32-d-000000000000000/build/netwerk/base/src/nsSimpleURI.cpp, line 265
15:41:31 INFO - TEST-INFO | chrome://mochitests/content/browser/browser/components/preferences/in-content/tests/browser_privacypane_4.js | Console message: [JavaScript Error: "NS_ERROR_FAILURE: " {file: "chrome://browser/content/preferences/in-content/preferences.js" line: 37}]
15:41:31 INFO - ++DOMWINDOW == 115 (0F3BFF38) [pid = 4028] [serial = 3926] [outer = 2247D028]
15:41:32 INFO - [Parent 4028] WARNING: NS_ENSURE_SUCCESS(rv, rv) failed with result 0x80520012: file c:/builds/moz2_slave/m-b30_14-w32-d-000000000000000/build/layout/style/Loader.cpp, line 1998
15:41:33 INFO - --DOMWINDOW == 114 (20A64710) [pid = 4028] [serial = 3793] [outer = 00000000] [url = about:blank]
15:41:33 INFO - --DOMWINDOW == 113 (214D20F0) [pid = 4028] [serial = 3831] [outer = 00000000] [url = chrome://browser/content/bookmarks/bookmarksPanel.xul]
15:41:33 INFO - --DOMWINDOW == 112 (15525628) [pid = 4028] [serial = 3772] [outer = 00000000] [url = chrome://browser/content/bookmarks/bookmarksPanel.xul]
15:41:33 INFO - --DOMWINDOW == 111 (0EE8A2B0) [pid = 4028] [serial = 3568] [outer = 00000000] [url = about:blank]
15:41:33 INFO - --DOMWINDOW == 110 (1536FA40) [pid = 4028] [serial = 3603] [outer = 00000000] [url = about:blank]
15:41:33 INFO - --DOMWINDOW == 109 (2029E120) [pid = 4028] [serial = 3774] [outer = 00000000] [url = about:blank]
15:41:33 INFO - --DOMWINDOW == 108 (0BB6CF28) [pid = 4028] [serial = 3721] [outer = 00000000] [url = about:blank]
15:41:33 INFO - --DOMWINDOW == 107 (131884D0) [pid = 4028] [serial = 3683] [outer = 00000000] [url = about:blank]
15:41:33 INFO - --DOMWINDOW == 106 (126274B0) [pid = 4028] [serial = 3907] [outer = 212AB2C0] [url = about:blank]
15:41:33 INFO - --DOMWINDOW == 105 (13D28F10) [pid = 4028] [serial = 3910] [outer = 0F231228] [url = about:blank]
15:41:33 INFO - --DOMWINDOW == 104 (157F74B0) [pid = 4028] [serial = 3904] [outer = 20EB2868] [url = about:blank]
15:41:33 INFO - --DOMWINDOW == 103 (0BFDBAB8) [pid = 4028] [serial = 3901] [outer = 1FCAF678] [url = about:blank]
15:41:33 INFO - --DOMWINDOW == 102 (11D3F308) [pid = 4028] [serial = 3898] [outer = 159AAAC0] [url = about:blank]
15:41:33 INFO - --DOMWINDOW == 101 (14A655F8) [pid = 4028] [serial = 3895] [outer = 0ED302D8] [url = about:blank]
15:41:33 INFO - --DOMWINDOW == 100 (132FBDA0) [pid = 4028] [serial = 3892] [outer = 203DF258] [url = about:blank]
15:41:33 INFO - --DOMWINDOW == 99 (13B519C0) [pid = 4028] [serial = 3889] [outer = 0F08BDD8] [url = about:blank]
15:41:33 INFO - --DOMWINDOW == 98 (213C5290) [pid = 4028] [serial = 3886] [outer = 0BC18110] [url = about:blank]
15:41:33 INFO - --DOMWINDOW == 97 (134FB6D0) [pid = 4028] [serial = 3925] [outer = 2247D028] [url = about:blank]
15:41:33 INFO - --DOMWINDOW == 96 (0C1C8EB0) [pid = 4028] [serial = 3922] [outer = 1F30A298] [url = about:blank]
15:41:33 INFO - --DOMWINDOW == 95 (0F821278) [pid = 4028] [serial = 3919] [outer = 13D70488] [url = about:blank]
15:41:33 INFO - --DOMWINDOW == 94 (13061808) [pid = 4028] [serial = 3916] [outer = 132E9978] [url = about:blank]
15:41:33 INFO - --DOMWINDOW == 93 (2099E3C0) [pid = 4028] [serial = 3913] [outer = 13AF4918] [url = about:blank]
15:41:33 INFO - TEST-PASS | chrome://mochitests/content/browser/browser/components/preferences/in-content/tests/browser_privacypane_4.js | Checking if the preference tab wa opened
15:41:33 INFO - TEST-PASS | chrome://mochitests/content/browser/browser/components/preferences/in-content/tests/browser_privacypane_4.js | history mode menulist should exist
15:41:33 INFO - TEST-PASS | chrome://mochitests/content/browser/browser/components/preferences/in-content/tests/browser_privacypane_4.js | history mode is expected to remain custom
15:41:33 INFO - TEST-PASS | chrome://mochitests/content/browser/browser/components/preferences/in-content/tests/browser_privacypane_4.js | the control to change should exist
15:41:33 INFO - [Parent 4028] WARNING: NS_ENSURE_TRUE(mMutable) failed: file c:/builds/moz2_slave/m-b30_14-w32-d-000000000000000/build/netwerk/base/src/nsSimpleURI.cpp, line 265
15:41:33 INFO - [Parent 4028] WARNING: NS_ENSURE_TRUE(docShell) failed: file c:/builds/moz2_slave/m-b30_14-w32-d-000000000000000/build/dom/base/nsHistory.cpp, line 313
15:41:33 INFO - JavaScript error: chrome://browser/content/preferences/in-content/preferences.js, line 37: NS_ERROR_FAILURE:
15:41:33 INFO - ++DOCSHELL 11C19090 == 37 [pid = 4028] [id = 1437]
15:41:33 INFO - ++DOMWINDOW == 94 (1400C270) [pid = 4028] [serial = 3927] [outer = 00000000]
15:41:33 INFO - ++DOMWINDOW == 95 (216C8578) [pid = 4028] [serial = 3928] [outer = 1400C270]
15:41:33 INFO - [Parent 4028] WARNING: NS_ENSURE_TRUE(mMutable) failed: file c:/builds/moz2_slave/m-b30_14-w32-d-000000000000000/build/netwerk/base/src/nsSimpleURI.cpp, line 265
15:41:33 INFO - TEST-INFO | chrome://mochitests/content/browser/browser/components/preferences/in-content/tests/browser_privacypane_4.js | Console message: [JavaScript Error: "NS_ERROR_FAILURE: " {file: "chrome://browser/content/preferences/in-content/preferences.js" line: 37}]
15:41:33 INFO - ++DOMWINDOW == 96 (2099E3C0) [pid = 4028] [serial = 3929] [outer = 1400C270]
15:41:33 INFO - [Parent 4028] WARNING: NS_ENSURE_SUCCESS(rv, rv) failed with result 0x80520012: file c:/builds/moz2_slave/m-b30_14-w32-d-000000000000000/build/layout/style/Loader.cpp, line 1998
15:41:34 INFO - TEST-PASS | chrome://mochitests/content/browser/browser/components/preferences/in-content/tests/browser_privacypane_4.js | Checking if the preference tab wa opened
15:41:34 INFO - TEST-PASS | chrome://mochitests/content/browser/browser/components/preferences/in-content/tests/browser_privacypane_4.js | history mode menulist should exist
15:41:34 WARNING - TEST-UNEXPECTED-FAIL | chrome://mochitests/content/browser/browser/components/preferences/in-content/tests/browser_privacypane_4.js | history mode is expected to remain remember - Got custom, expected remember
15:41:34 INFO - Stack trace:
15:41:34 INFO - JS frame :: chrome://mochikit/content/browser-test.js :: test_is :: line 727
15:41:34 INFO - JS frame :: chrome://mochitests/content/browser/browser/components/preferences/in-content/tests/privacypane_tests_perwindow.js :: test_historymode_retention/< :: line 266
15:41:34 INFO - JS frame :: chrome://mochitests/content/browser/browser/components/preferences/in-content/tests/privacypane_tests_perwindow.js :: runTestOnPrivacyPrefPane/</< :: line 12
15:41:34 INFO - JS frame :: chrome://browser/content/preferences/in-content/preferences.js :: init_all :: line 31
15:41:34 INFO - JS frame :: chrome://browser/content/preferences/in-content/preferences.js :: onLoad :: line 17
15:41:34 INFO - native frame :: <unknown filename> :: <TOP_LEVEL> :: line 0
15:41:34 INFO - [Parent 4028] WARNING: NS_ENSURE_TRUE(mMutable) failed: file c:/builds/moz2_slave/m-b30_14-w32-d-000000000000000/build/netwerk/base/src/nsSimpleURI.cpp, line 265
15:41:34 INFO - [Parent 4028] WARNING: NS_ENSURE_TRUE(docShell) failed: file c:/builds/moz2_slave/m-b30_14-w32-d-000000000000000/build/dom/base/nsHistory.cpp, line 313
15:41:34 INFO - JavaScript error: chrome://browser/content/preferences/in-content/preferences.js, line 37: NS_ERROR_FAILURE:
15:41:34 INFO - ++DOCSHELL 1F30BFA8 == 38 [pid = 4028] [id = 1438]
15:41:34 INFO - ++DOMWINDOW == 97 (13061808) [pid = 4028] [serial = 3930] [outer = 00000000]
15:41:34 INFO - ++DOMWINDOW == 98 (09C6AF78) [pid = 4028] [serial = 3931] [outer = 13061808]
15:41:34 INFO - [Parent 4028] WARNING: NS_ENSURE_TRUE(mMutable) failed: file c:/builds/moz2_slave/m-b30_14-w32-d-000000000000000/build/netwerk/base/src/nsSimpleURI.cpp, line 265
15:41:34 INFO - TEST-INFO | chrome://mochitests/content/browser/browser/components/preferences/in-content/tests/browser_privacypane_4.js | Console message: [JavaScript Error: "NS_ERROR_FAILURE: " {file: "chrome://browser/content/preferences/in-content/preferences.js" line: 37}]
15:41:34 INFO - ++DOMWINDOW == 99 (098BBAA8) [pid = 4028] [serial = 3932] [outer = 13061808]
15:41:34 INFO - [Parent 4028] WARNING: NS_ENSURE_SUCCESS(rv, rv) failed with result 0x80520012: file c:/builds/moz2_slave/m-b30_14-w32-d-000000000000000/build/layout/style/Loader.cpp, line 1998
15:41:34 INFO - TEST-PASS | chrome://mochitests/content/browser/browser/components/preferences/in-content/tests/browser_privacypane_4.js | Checking if the preference tab wa opened
15:41:34 INFO - [Parent 4028] WARNING: NS_ENSURE_TRUE(mMutable) failed: file c:/builds/moz2_slave/m-b30_14-w32-d-000000000000000/build/netwerk/base/src/nsSimpleURI.cpp, line 265
15:41:34 INFO - [Parent 4028] WARNING: NS_ENSURE_TRUE(docShell) failed: file c:/builds/moz2_slave/m-b30_14-w32-d-000000000000000/build/dom/base/nsHistory.cpp, line 313
15:41:34 INFO - JavaScript error: chrome://browser/content/preferences/in-content/preferences.js, line 37: NS_ERROR_FAILURE:
15:41:34 INFO - TEST-INFO | MEMORY STAT vsize after test: 782766080
15:41:34 INFO - TEST-INFO | MEMORY STAT vsizeMaxContiguous after test: 284164096
15:41:34 INFO - TEST-INFO | MEMORY STAT residentFast after test: 454242304
15:41:34 INFO - INFO TEST-END | chrome://mochitests/content/browser/browser/components/preferences/in-content/tests/browser_privacypane_4.js | finished in 8656ms
