Intermittent test_native_menus.xul | Command handler(s) should not have activated | test_secure_input.html | Test timed out. | test_sizemode_events.xul | Test timed out.
https://tbpl.mozilla.org/php/getParsedLog.php?id=39515763&tree=Mozilla-Central
Rev4 MacOSX Snow Leopard 10.6 mozilla-central debug test mochitest-other on 2014-05-12 14:24:20 PDT for push 4b6d63b05a0a

slave: talos-r4-snow-118



14:55:37 INFO - 4048 INFO TEST-START | chrome://mochitests/content/chrome/widget/tests/test_native_menus.xul
14:55:37 INFO - ++DOMWINDOW == 177 (0x162d5b990) [pid = 985] [serial = 5516] [outer = 0x12e89c660]
14:55:37 INFO - ++DOCSHELL 0x130045000 == 54 [pid = 985] [id = 1220]
14:55:37 INFO - ++DOMWINDOW == 178 (0x15b1ab130) [pid = 985] [serial = 5517] [outer = 0x0]
14:55:37 INFO - ++DOMWINDOW == 179 (0x1670377e0) [pid = 985] [serial = 5518] [outer = 0x15b1ab130]
14:55:37 INFO - OpenGL version detected: 210
14:55:37 INFO - OpenGL vendor: NVIDIA Corporation
14:55:37 INFO - OpenGL renderer: NVIDIA GeForce 320M OpenGL Engine
14:55:37 INFO - [Parent 985] WARNING: depth_texture marked a unsupported: file /builds/slave/m-cen-osx64-d-0000000000000000/build/gfx/gl/GLContextFeatures.cpp, line 536
14:55:37 INFO - [Parent 985] WARNING: NS_ENSURE_SUCCESS(rv, rv) failed with result 0x80040111: file /builds/slave/m-cen-osx64-d-0000000000000000/build/dom/events/ContentEventHandler.cpp, line 110
14:55:39 INFO - ++DOCSHELL 0x130da7400 == 55 [pid = 985] [id = 1221]
14:55:39 INFO - ++DOMWINDOW == 180 (0x16539ee20) [pid = 985] [serial = 5519] [outer = 0x0]
14:55:39 INFO - ++DOMWINDOW == 181 (0x1670232e0) [pid = 985] [serial = 5520] [outer = 0x16539ee20]
14:55:39 INFO - [Parent 985] WARNING: NS_ENSURE_TRUE(!mParent || mParent == docLoaderService) failed: file /builds/slave/m-cen-osx64-d-0000000000000000/build/docshell/base/nsDocShell.cpp, line 2933
14:55:39 INFO - [Parent 985] WARNING: NS_ENSURE_TRUE(!mParent || mParent == docLoaderService) failed: file /builds/slave/m-cen-osx64-d-0000000000000000/build/docshell/base/nsDocShell.cpp, line 2933
14:55:39 INFO - 4049 INFO TEST-UNEXPECTED-FAIL | chrome://mochitests/content/chrome/widget/tests/test_native_menus.xul | undefined
14:55:39 INFO - ++DOCSHELL 0x150129000 == 56 [pid = 985] [id = 1222]
14:55:39 INFO - ++DOMWINDOW == 182 (0x154c9eca0) [pid = 985] [serial = 5521] [outer = 0x0]
14:55:39 INFO - ++DOMWINDOW == 183 (0x157f39ba0) [pid = 985] [serial = 5522] [outer = 0x154c9eca0]
14:55:39 INFO - [Parent 985] WARNING: NS_ENSURE_TRUE(mMutable) failed: file /builds/slave/m-cen-osx64-d-0000000000000000/build/netwerk/base/src/nsSimpleURI.cpp, line 265
14:55:39 INFO - 4050 INFO TEST-UNEXPECTED-FAIL | chrome://mochitests/content/chrome/widget/tests/test_native_menus.xul | undefined
14:55:39 INFO - 4051 INFO TEST-UNEXPECTED-FAIL | chrome://mochitests/content/chrome/widget/tests/test_native_menus.xul | Command handler(s) should have activated
14:55:39 INFO - [Exception... "Component returned failure code: 0x80004005 (NS_ERROR_FAILURE) [nsIDOMWindowUtils.activateNativeMenuItemAt]" nsresult: "0x80004005 (NS_ERROR_FAILURE)" location: "JS frame :: chrome://mochitests/content/chrome/widget/tests/native_menus_window.xul :: testItem :: line 78" data: no]
14:55:39 INFO - 4052 INFO TEST-UNEXPECTED-FAIL | chrome://mochitests/content/chrome/widget/tests/test_native_menus.xul | Command handler(s) should have activated
14:55:39 INFO - ++DOCSHELL 0x100c63c00 == 57 [pid = 985] [id = 1223]
14:55:39 INFO - ++DOMWINDOW == 184 (0x15f93af00) [pid = 985] [serial = 5523] [outer = 0x0]
14:55:39 INFO - ++DOMWINDOW == 185 (0x15f8cc160) [pid = 985] [serial = 5524] [outer = 0x15f93af00]
14:55:39 INFO - [Parent 985] WARNING: NS_ENSURE_TRUE(mMutable) failed: file /builds/slave/m-cen-osx64-d-0000000000000000/build/netwerk/base/src/nsSimpleURI.cpp, line 265
14:55:39 INFO - 4053 INFO TEST-UNEXPECTED-FAIL | chrome://mochitests/content/chrome/widget/tests/test_native_menus.xul | Command handler(s) should have activated
14:55:39 INFO - 4054 INFO TEST-UNEXPECTED-FAIL | chrome://mochitests/content/chrome/widget/tests/test_native_menus.xul | Command handler(s) should not have activated
14:55:39 INFO - 4055 INFO TEST-UNEXPECTED-FAIL | chrome://mochitests/content/chrome/widget/tests/test_native_menus.xul | Command handler(s) should not have activated
14:55:39 INFO - 4056 INFO TEST-UNEXPECTED-FAIL | chrome://mochitests/content/chrome/widget/tests/test_native_menus.xul | Command handler(s) should not have activated
14:55:39 INFO - [Exception... "Component returned failure code: 0x80004005 (NS_ERROR_FAILURE) [nsIDOMWindowUtils.activateNativeMenuItemAt]" nsresult: "0x80004005 (NS_ERROR_FAILURE)" location: "JS frame :: chrome://mochitests/content/chrome/widget/tests/native_menus_window.xul :: testItem :: line 78" data: no]
14:55:39 INFO - [Exception... "Component returned failure code: 0x80004005 (NS_ERROR_FAILURE) [nsIDOMWindowUtils.activateNativeMenuItemAt]" nsresult: "0x80004005 (NS_ERROR_FAILURE)" location: "JS frame :: chrome://mochitests/content/chrome/widget/tests/native_menus_window.xul :: testItem :: line 78" data: no]
14:55:39 INFO - [Exception... "Component returned failure code: 0x80004005 (NS_ERROR_FAILURE) [nsIDOMWindowUtils.activateNativeMenuItemAt]" nsresult: "0x80004005 (NS_ERROR_FAILURE)" location: "JS frame :: chrome://mochitests/content/chrome/widget/tests/native_menus_window.xul :: testItem :: line 78" data: no]
14:55:39 INFO - ++DOCSHELL 0x13071f800 == 58 [pid = 985] [id = 1224]
14:55:39 INFO - ++DOMWINDOW == 186 (0x162d85330) [pid = 985] [serial = 5525] [outer = 0x0]
14:55:39 INFO - ++DOMWINDOW == 187 (0x16497fc20) [pid = 985] [serial = 5526] [outer = 0x162d85330]
14:55:40 INFO - [Parent 985] WARNING: NS_ENSURE_TRUE(mMutable) failed: file /builds/slave/m-cen-osx64-d-0000000000000000/build/netwerk/base/src/nsSimpleURI.cpp, line 265
14:55:40 INFO - 4057 INFO TEST-INFO | dumping last 3 message(s)
14:55:40 INFO - 4058 INFO TEST-INFO | if you need more context, please use SimpleTest.requestCompleteLog() in your test
14:55:40 INFO - 4059 INFO TEST-PASS | chrome://mochitests/content/chrome/widget/tests/test_native_menus.xul | Command handler(s) should not have activated
14:55:40 INFO - 4060 INFO TEST-PASS | chrome://mochitests/content/chrome/widget/tests/test_native_menus.xul | Command handler(s) should not have activated
14:55:40 INFO - 4061 INFO TEST-PASS | chrome://mochitests/content/chrome/widget/tests/test_native_menus.xul | Command handler(s) should not have activated
14:55:40 INFO - 4062 INFO TEST-UNEXPECTED-FAIL | chrome://mochitests/content/chrome/widget/tests/test_native_menus.xul | Command handler(s) should have activated
14:55:40 INFO - ++DOMWINDOW == 188 (0x164dcc330) [pid = 985] [serial = 5527] [outer = 0x154c9eca0]
14:55:40 INFO - 4063 INFO TEST-UNEXPECTED-FAIL | chrome://mochitests/content/chrome/widget/tests/test_native_menus.xul | Command handler(s) should have activated
14:55:40 INFO - 4064 INFO TEST-UNEXPECTED-FAIL | chrome://mochitests/content/chrome/widget/tests/test_native_menus.xul | Command handler(s) should have activated
14:55:40 INFO - 4065 INFO TEST-UNEXPECTED-FAIL | chrome://mochitests/content/chrome/widget/tests/test_native_menus.xul | Command handler(s) should have activated
14:55:40 INFO - [Exception... "Component returned failure code: 0x80004005 (NS_ERROR_FAILURE) [nsIDOMWindowUtils.activateNativeMenuItemAt]" nsresult: "0x80004005 (NS_ERROR_FAILURE)" location: "JS frame :: chrome://mochitests/content/chrome/widget/tests/native_menus_window.xul :: testItem :: line 78" data: no]
14:55:40 INFO - 4066 INFO TEST-UNEXPECTED-FAIL | chrome://mochitests/content/chrome/widget/tests/test_native_menus.xul | Command handler(s) should have activated
14:55:40 INFO - [Exception... "Component returned failure code: 0x80004005 (NS_ERROR_FAILURE) [nsIDOMWindowUtils.activateNativeMenuItemAt]" nsresult: "0x80004005 (NS_ERROR_FAILURE)" location: "JS frame :: chrome://mochitests/content/chrome/widget/tests/native_menus_window.xul :: testItem :: line 78" data: no]
14:55:40 INFO - 4067 INFO TEST-UNEXPECTED-FAIL | chrome://mochitests/content/chrome/widget/tests/test_native_menus.xul | Command handler(s) should have activated
14:55:40 INFO - [Exception... "Component returned failure code: 0x80004005 (NS_ERROR_FAILURE) [nsIDOMWindowUtils.activateNativeMenuItemAt]" nsresult: "0x80004005 (NS_ERROR_FAILURE)" location: "JS frame :: chrome://mochitests/content/chrome/widget/tests/native_menus_window.xul :: testItem :: line 78" data: no]
14:55:40 INFO - 4068 INFO TEST-UNEXPECTED-FAIL | chrome://mochitests/content/chrome/widget/tests/test_native_menus.xul | Command handler(s) should have activated
14:55:40 INFO - ++DOCSHELL 0x100bde600 == 59 [pid = 985] [id = 1225]
14:55:40 INFO - ++DOMWINDOW == 189 (0x165370130) [pid = 985] [serial = 5528] [outer = 0x0]
14:55:40 INFO - ++DOMWINDOW == 190 (0x15f77f6d0) [pid = 985] [serial = 5529] [outer = 0x165370130]
14:55:40 INFO - [Parent 985] WARNING: NS_ENSURE_TRUE(mMutable) failed: file /builds/slave/m-cen-osx64-d-0000000000000000/build/netwerk/base/src/nsSimpleURI.cpp, line 265
14:55:40 INFO - 4069 INFO TEST-UNEXPECTED-FAIL | chrome://mochitests/content/chrome/widget/tests/test_native_menus.xul | Command handler(s) should have activated
14:55:40 INFO - 4070 INFO TEST-UNEXPECTED-FAIL | chrome://mochitests/content/chrome/widget/tests/test_native_menus.xul | Command handler(s) should have activated
14:55:40 INFO - 4071 INFO TEST-UNEXPECTED-FAIL | chrome://mochitests/content/chrome/widget/tests/test_native_menus.xul | Command handler(s) should have activated
14:55:40 INFO - 4072 INFO TEST-UNEXPECTED-FAIL | chrome://mochitests/content/chrome/widget/tests/test_native_menus.xul | Command handler(s) should not have activated
14:55:40 INFO - [Exception... "Component returned failure code: 0x80004005 (NS_ERROR_FAILURE) [nsIDOMWindowUtils.activateNativeMenuItemAt]" nsresult: "0x80004005 (NS_ERROR_FAILURE)" location: "JS frame :: chrome://mochitests/content/chrome/widget/tests/native_menus_window.xul :: testItem :: line 78" data: no]
14:55:40 INFO - 4073 INFO TEST-UNEXPECTED-FAIL | chrome://mochitests/content/chrome/widget/tests/test_native_menus.xul | Command handler(s) should have activated
14:55:40 INFO - [Exception... "Component returned failure code: 0x80004005 (NS_ERROR_FAILURE) [nsIDOMWindowUtils.activateNativeMenuItemAt]" nsresult: "0x80004005 (NS_ERROR_FAILURE)" location: "JS frame :: chrome://mochitests/content/chrome/widget/tests/native_menus_window.xul :: testItem :: line 78" data: no]
14:55:40 INFO - 4074 INFO TEST-UNEXPECTED-FAIL | chrome://mochitests/content/chrome/widget/tests/test_native_menus.xul | Command handler(s) should have activated
14:55:40 INFO - [Exception... "Component returned failure code: 0x80004005 (NS_ERROR_FAILURE) [nsIDOMWindowUtils.activateNativeMenuItemAt]" nsresult: "0x80004005 (NS_ERROR_FAILURE)" location: "JS frame :: chrome://mochitests/content/chrome/widget/tests/native_menus_window.xul :: testItem :: line 78" data: no]
14:55:40 INFO - ++DOCSHELL 0x130751c00 == 60 [pid = 985] [id = 1226]
14:55:40 INFO - ++DOMWINDOW == 191 (0x162eaf220) [pid = 985] [serial = 5530] [outer = 0x0]
14:55:40 INFO - ++DOMWINDOW == 192 (0x16582bfb0) [pid = 985] [serial = 5531] [outer = 0x162eaf220]
14:55:40 INFO - [Parent 985] WARNING: NS_ENSURE_TRUE(mMutable) failed: file /builds/slave/m-cen-osx64-d-0000000000000000/build/netwerk/base/src/nsSimpleURI.cpp, line 265
14:55:40 INFO - 4075 INFO TEST-INFO | dumping last 1 message(s)
14:55:40 INFO - 4076 INFO TEST-INFO | if you need more context, please use SimpleTest.requestCompleteLog() in your test
14:55:40 INFO - 4077 INFO TEST-PASS | chrome://mochitests/content/chrome/widget/tests/test_native_menus.xul | Command handler(s) should not have activated
14:55:40 INFO - 4078 INFO TEST-UNEXPECTED-FAIL | chrome://mochitests/content/chrome/widget/tests/test_native_menus.xul | Command handler(s) should have activated
14:55:40 INFO - ++DOMWINDOW == 193 (0x16730b6a0) [pid = 985] [serial = 5532] [outer = 0x15f93af00]
14:55:40 INFO - 4079 INFO TEST-UNEXPECTED-FAIL | chrome://mochitests/content/chrome/widget/tests/test_native_menus.xul | Command handler(s) should have activated
14:55:40 INFO - 4080 INFO TEST-UNEXPECTED-FAIL | chrome://mochitests/content/chrome/widget/tests/test_native_menus.xul | Command handler(s) should have activated
14:55:40 INFO - ++DOMWINDOW == 194 (0x15f674190) [pid = 985] [serial = 5533] [outer = 0x162d85330]
14:55:40 INFO - 4081 INFO TEST-UNEXPECTED-FAIL | chrome://mochitests/content/chrome/widget/tests/test_native_menus.xul | Command handler(s) should have activated
14:55:40 INFO - [Exception... "Component returned failure code: 0x80004005 (NS_ERROR_FAILURE) [nsIDOMWindowUtils.activateNativeMenuItemAt]" nsresult: "0x80004005 (NS_ERROR_FAILURE)" location: "JS frame :: chrome://mochitests/content/chrome/widget/tests/native_menus_window.xul :: testItem :: line 78" data: no]
14:55:40 INFO - 4082 INFO TEST-UNEXPECTED-FAIL | chrome://mochitests/content/chrome/widget/tests/test_native_menus.xul | Command handler(s) should have activated
14:55:40 INFO - [Exception... "Component returned failure code: 0x80004005 (NS_ERROR_FAILURE) [nsIDOMWindowUtils.activateNativeMenuItemAt]" nsresult: "0x80004005 (NS_ERROR_FAILURE)" location: "JS frame :: chrome://mochitests/content/chrome/widget/tests/native_menus_window.xul :: testItem :: line 78" data: no]
14:55:40 INFO - 4083 INFO TEST-UNEXPECTED-FAIL | chrome://mochitests/content/chrome/widget/tests/test_native_menus.xul | Command handler(s) should have activated
14:55:40 INFO - [Exception... "Component returned failure code: 0x80004005 (NS_ERROR_FAILURE) [nsIDOMWindowUtils.activateNativeMenuItemAt]" nsresult: "0x80004005 (NS_ERROR_FAILURE)" location: "JS frame :: chrome://mochitests/content/chrome/widget/tests/native_menus_window.xul :: testItem :: line 78" data: no]
14:55:40 INFO - 4084 INFO TEST-UNEXPECTED-FAIL | chrome://mochitests/content/chrome/widget/tests/test_native_menus.xul | Command handler(s) should have activated
14:55:40 INFO - ++DOCSHELL 0x150c87800 == 61 [pid = 985] [id = 1227]
14:55:40 INFO - ++DOMWINDOW == 195 (0x15f7c1410) [pid = 985] [serial = 5534] [outer = 0x0]
14:55:40 INFO - ++DOMWINDOW == 196 (0x15f70f880) [pid = 985] [serial = 5535] [outer = 0x15f7c1410]
14:55:40 INFO - [Parent 985] WARNING: NS_ENSURE_TRUE(mMutable) failed: file /builds/slave/m-cen-osx64-d-0000000000000000/build/netwerk/base/src/nsSimpleURI.cpp, line 265
14:55:40 INFO - 4085 INFO TEST-UNEXPECTED-FAIL | chrome://mochitests/content/chrome/widget/tests/test_native_menus.xul | Command handler(s) should have activated
14:55:40 INFO - 4086 INFO TEST-UNEXPECTED-FAIL | chrome://mochitests/content/chrome/widget/tests/test_native_menus.xul | Command handler(s) should not have activated
14:55:40 INFO - 4087 INFO TEST-UNEXPECTED-FAIL | chrome://mochitests/content/chrome/widget/tests/test_native_menus.xul | Command handler(s) should not have activated
14:55:41 INFO - 4088 INFO TEST-UNEXPECTED-FAIL | chrome://mochitests/content/chrome/widget/tests/test_native_menus.xul | Command handler(s) should not have activated
14:55:41 INFO - [Exception... "Component returned failure code: 0x80004005 (NS_ERROR_FAILURE) [nsIDOMWindowUtils.activateNativeMenuItemAt]" nsresult: "0x80004005 (NS_ERROR_FAILURE)" location: "JS frame :: chrome://mochitests/content/chrome/widget/tests/native_menus_window.xul :: testItem :: line 78" data: no]
14:55:41 INFO - [Exception... "Component returned failure code: 0x80004005 (NS_ERROR_FAILURE) [nsIDOMWindowUtils.activateNativeMenuItemAt]" nsresult: "0x80004005 (NS_ERROR_FAILURE)" location: "JS frame :: chrome://mochitests/content/chrome/widget/tests/native_menus_window.xul :: testItem :: line 78" data: no]
14:55:41 INFO - [Exception... "Component returned failure code: 0x80004005 (NS_ERROR_FAILURE) [nsIDOMWindowUtils.activateNativeMenuItemAt]" nsresult: "0x80004005 (NS_ERROR_FAILURE)" location: "JS frame :: chrome://mochitests/content/chrome/widget/tests/native_menus_window.xul :: testItem :: line 78" data: no]
14:55:41 INFO - ++DOCSHELL 0x100da3800 == 62 [pid = 985] [id = 1228]
14:55:41 INFO - ++DOMWINDOW == 197 (0x15f7e0ef0) [pid = 985] [serial = 5536] [outer = 0x0]
14:55:41 INFO - ++DOMWINDOW == 198 (0x15f5f9b50) [pid = 985] [serial = 5537] [outer = 0x15f7e0ef0]
14:55:41 INFO - [Parent 985] WARNING: NS_ENSURE_TRUE(mMutable) failed: file /builds/slave/m-cen-osx64-d-0000000000000000/build/netwerk/base/src/nsSimpleURI.cpp, line 265
14:55:41 INFO - 4089 INFO TEST-INFO | dumping last 3 message(s)
14:55:41 INFO - 4090 INFO TEST-INFO | if you need more context, please use SimpleTest.requestCompleteLog() in your test
14:55:41 INFO - 4091 INFO TEST-PASS | chrome://mochitests/content/chrome/widget/tests/test_native_menus.xul | Command handler(s) should not have activated
14:55:41 INFO - 4092 INFO TEST-PASS | chrome://mochitests/content/chrome/widget/tests/test_native_menus.xul | Command handler(s) should not have activated
14:55:41 INFO - 4093 INFO TEST-PASS | chrome://mochitests/content/chrome/widget/tests/test_native_menus.xul | Command handler(s) should not have activated
14:55:41 INFO - 4094 INFO TEST-UNEXPECTED-FAIL | chrome://mochitests/content/chrome/widget/tests/test_native_menus.xul | undefined
14:55:41 INFO - 4095 INFO TEST-UNEXPECTED-FAIL | chrome://mochitests/content/chrome/widget/tests/test_native_menus.xul | Command handler(s) should have activated
14:55:41 INFO - 4096 INFO TEST-UNEXPECTED-FAIL | chrome://mochitests/content/chrome/widget/tests/test_native_menus.xul | Command handler(s) should have activated
14:55:41 INFO - 4097 INFO TEST-UNEXPECTED-FAIL | chrome://mochitests/content/chrome/widget/tests/test_native_menus.xul | Command handler(s) should have activated
14:55:41 INFO - [Exception... "Component returned failure code: 0x80004005 (NS_ERROR_FAILURE) [nsIDOMWindowUtils.activateNativeMenuItemAt]" nsresult: "0x80004005 (NS_ERROR_FAILURE)" location: "JS frame :: chrome://mochitests/content/chrome/widget/tests/native_menus_window.xul :: testItem :: line 78" data: no]
14:55:41 INFO - 4098 INFO TEST-UNEXPECTED-FAIL | chrome://mochitests/content/chrome/widget/tests/test_native_menus.xul | Command handler(s) should have activated
14:55:41 INFO - [Exception... "Component returned failure code: 0x80004005 (NS_ERROR_FAILURE) [nsIDOMWindowUtils.activateNativeMenuItemAt]" nsresult: "0x80004005 (NS_ERROR_FAILURE)" location: "JS frame :: chrome://mochitests/content/chrome/widget/tests/native_menus_window.xul :: testItem :: line 78" data: no]
14:55:41 INFO - 4099 INFO TEST-UNEXPECTED-FAIL | chrome://mochitests/content/chrome/widget/tests/test_native_menus.xul | Command handler(s) should have activated
14:55:41 INFO - [Exception... "Component returned failure code: 0x80004005 (NS_ERROR_FAILURE) [nsIDOMWindowUtils.activateNativeMenuItemAt]" nsresult: "0x80004005 (NS_ERROR_FAILURE)" location: "JS frame :: chrome://mochitests/content/chrome/widget/tests/native_menus_window.xul :: testItem :: line 78" data: no]
14:55:41 INFO - 4100 INFO TEST-UNEXPECTED-FAIL | chrome://mochitests/content/chrome/widget/tests/test_native_menus.xul | Command handler(s) should have activated
14:55:41 INFO - 4101 INFO TEST-INFO | MEMORY STAT vsize after test: 4359434240
14:55:41 INFO - 4102 INFO TEST-INFO | MEMORY STAT residentFast after test: 915841024
14:55:41 INFO - ++DOMWINDOW == 199 (0x15f7d2810) [pid = 985] [serial = 5538] [outer = 0x165370130]
14:55:41 INFO - ++DOMWINDOW == 200 (0x1646e3e00) [pid = 985] [serial = 5539] [outer = 0x162eaf220]
14:55:41 INFO - ++DOCSHELL 0x1014cf400 == 63 [pid = 985] [id = 1229]
14:55:41 INFO - ++DOMWINDOW == 201 (0x1658832e0) [pid = 985] [serial = 5540] [outer = 0x0]
14:55:41 INFO - ++DOMWINDOW == 202 (0x1670d1460) [pid = 985] [serial = 5541] [outer = 0x1658832e0]
14:55:41 INFO - ++DOMWINDOW == 203 (0x15aba5450) [pid = 985] [serial = 5542] [outer = 0x15f7c1410]
14:55:41 INFO - ++DOMWINDOW == 204 (0x15f65ec10) [pid = 985] [serial = 5543] [outer = 0x15f7e0ef0]
14:55:41 INFO - [Parent 985] WARNING: NS_ENSURE_SUCCESS(rv, rv) failed with result 0x80520012: file /builds/slave/m-cen-osx64-d-0000000000000000/build/netwerk/base/src/nsFileStreams.cpp, line 203
14:55:41 INFO - [Parent 985] WARNING: NS_ENSURE_SUCCESS(rv, rv) failed with result 0x80520012: file /builds/slave/m-cen-osx64-d-0000000000000000/build/netwerk/base/src/nsFileStreams.cpp, line 475
14:55:41 INFO - [Parent 985] WARNING: NS_ENSURE_SUCCESS(rv, rv) failed with result 0x80520012: file /builds/slave/m-cen-osx64-d-0000000000000000/build/netwerk/base/src/nsFileStreams.cpp, line 203
14:55:41 INFO - [Parent 985] WARNING: NS_ENSURE_SUCCESS(rv, rv) failed with result 0x80520012: file /builds/slave/m-cen-osx64-d-0000000000000000/build/netwerk/base/src/nsFileStreams.cpp, line 475
14:55:42 INFO - [Parent 985] WARNING: NS_ENSURE_SUCCESS(rv, rv) failed with result 0x80520012: file /builds/slave/m-cen-osx64-d-0000000000000000/build/netwerk/base/src/nsFileStreams.cpp, line 203
14:55:42 INFO - [Parent 985] WARNING: NS_ENSURE_SUCCESS(rv, rv) failed with result 0x80520012: file /builds/slave/m-cen-osx64-d-0000000000000000/build/netwerk/base/src/nsFileStreams.cpp, line 475
14:55:42 INFO - [Parent 985] WARNING: NS_ENSURE_SUCCESS(rv, rv) failed with result 0x80520012: file /builds/slave/m-cen-osx64-d-0000000000000000/build/netwerk/base/src/nsFileStreams.cpp, line 203
14:55:42 INFO - [Parent 985] WARNING: NS_ENSURE_SUCCESS(rv, rv) failed with result 0x80520012: file /builds/slave/m-cen-osx64-d-0000000000000000/build/netwerk/base/src/nsFileStreams.cpp, line 475
14:55:42 INFO - ++DOMWINDOW == 205 (0x15f5f5560) [pid = 985] [serial = 5544] [outer = 0x1658832e0]
14:55:42 INFO - [Parent 985] WARNING: NS_ENSURE_SUCCESS(rv, rv) failed with result 0x80520012: file /builds/slave/m-cen-osx64-d-0000000000000000/build/netwerk/base/src/nsFileStreams.cpp, line 203
14:55:42 INFO - [Parent 985] WARNING: NS_ENSURE_SUCCESS(rv, rv) failed with result 0x80520012: file /builds/slave/m-cen-osx64-d-0000000000000000/build/netwerk/base/src/nsFileStreams.cpp, line 475
14:55:42 INFO - [Parent 985] WARNING: NS_ENSURE_SUCCESS(rv, rv) failed with result 0x80520012: file /builds/slave/m-cen-osx64-d-0000000000000000/build/netwerk/base/src/nsFileStreams.cpp, line 203
14:55:42 INFO - [Parent 985] WARNING: NS_ENSURE_SUCCESS(rv, rv) failed with result 0x80520012: file /builds/slave/m-cen-osx64-d-0000000000000000/build/netwerk/base/src/nsFileStreams.cpp, line 475
14:55:42 INFO - [Parent 985] WARNING: NS_ENSURE_SUCCESS(rv, rv) failed with result 0x80520012: file /builds/slave/m-cen-osx64-d-0000000000000000/build/netwerk/base/src/nsFileStreams.cpp, line 203
14:55:42 INFO - [Parent 985] WARNING: NS_ENSURE_SUCCESS(rv, rv) failed with result 0x80520012: file /builds/slave/m-cen-osx64-d-0000000000000000/build/netwerk/base/src/nsFileStreams.cpp, line 475
14:55:42 INFO - [Parent 985] WARNING: NS_ENSURE_SUCCESS(rv, rv) failed with result 0x80520012: file /builds/slave/m-cen-osx64-d-0000000000000000/build/netwerk/base/src/nsFileStreams.cpp, line 203
14:55:42 INFO - [Parent 985] WARNING: NS_ENSURE_SUCCESS(rv, rv) failed with result 0x80520012: file /builds/slave/m-cen-osx64-d-0000000000000000/build/netwerk/base/src/nsFileStreams.cpp, line 475
14:55:43 INFO - [Parent 985] WARNING: NS_ENSURE_SUCCESS(rv, rv) failed with result 0x80520012: file /builds/slave/m-cen-osx64-d-0000000000000000/build/netwerk/base/src/nsFileStreams.cpp, line 203
14:55:43 INFO - [Parent 985] WARNING: NS_ENSURE_SUCCESS(rv, rv) failed with result 0x80520012: file /builds/slave/m-cen-osx64-d-0000000000000000/build/netwerk/base/src/nsFileStreams.cpp, line 475
14:55:43 INFO - [Parent 985] WARNING: NS_ENSURE_SUCCESS(rv, rv) failed with result 0x80520012: file /builds/slave/m-cen-osx64-d-0000000000000000/build/netwerk/base/src/nsFileStreams.cpp, line 203
14:55:43 INFO - [Parent 985] WARNING: NS_ENSURE_SUCCESS(rv, rv) failed with result 0x80520012: file /builds/slave/m-cen-osx64-d-0000000000000000/build/netwerk/base/src/nsFileStreams.cpp, line 475
14:55:43 INFO - 4103 INFO TEST-END | chrome://mochitests/content/chrome/widget/tests/test_native_menus.xul | finished in 6298ms




15:01:26 INFO - 4131 INFO TEST-INFO | dumping last 2 message(s)
15:01:26 INFO - 4132 INFO TEST-INFO | if you need more context, please use SimpleTest.requestCompleteLog() in your test
15:01:26 INFO - 4133 INFO TEST-INFO | chrome://mochitests/content/chrome/widget/tests/test_secure_input.html | must wait for load
15:01:26 INFO - 4134 INFO TEST-INFO | chrome://mochitests/content/chrome/widget/tests/test_secure_input.html | must wait for focus
15:01:27 INFO - TEST-INFO | screencapture: exit 0
15:01:27 INFO - 4135 INFO TEST-UNEXPECTED-FAIL | chrome://mochitests/content/chrome/widget/tests/test_secure_input.html | Test timed out.
15:01:27 INFO - 4136 INFO TEST-UNEXPECTED-FAIL | chrome://mochitests/content/chrome/widget/tests/test_secure_input.html | [SimpleTest.finish()] waitForFocus() wa called a different number of time from the number of callback run. Maybe the test terminated prematurely -- be sure to use SimpleTest.waitForExplicitFinish(). - got 1, expected 0
15:01:27 INFO - 4137 INFO TEST-INFO | MEMORY STAT vsize after test: 4325642240
15:01:27 INFO - 4138 INFO TEST-INFO | MEMORY STAT residentFast after test: 884338688
15:01:27 INFO - 4139 INFO TEST-END | chrome://mochitests/content/chrome/widget/tests/test_secure_input.html | finished in 308326ms
15:01:30 INFO - 4140 INFO Error: Unable to restore focus, expect failure and timeouts.
15:01:30 INFO - [Parent 985] WARNING: NS_ENSURE_TRUE(mDisabledJSAndPlugins) failed: file /builds/slave/m-cen-osx64-d-0000000000000000/build/editor/composer/src/nsEditingSession.cpp, line 208
15:01:30 INFO - ++DOMWINDOW == 120 (0x15f436c60) [pid = 985] [serial = 5561] [outer = 0x12e89c660]
15:01:31 INFO - 4141 INFO TEST-START | chrome://mochitests/content/chrome/widget/tests/test_sizemode_events.xul
15:01:31 INFO - [Parent 985] WARNING: NS_ENSURE_TRUE(selCon) failed: file /builds/slave/m-cen-osx64-d-0000000000000000/build/editor/libeditor/base/nsEditor.cpp, line 613
15:01:31 INFO - [Parent 985] WARNING: NS_ENSURE_TRUE(selcon) failed: file /builds/slave/m-cen-osx64-d-0000000000000000/build/editor/libeditor/base/nsEditor.cpp, line 635
15:01:34 INFO - 4142 INFO Error: Unable to restore focus, expect failure and timeouts.
15:01:34 INFO - ++DOMWINDOW == 121 (0x152421390) [pid = 985] [serial = 5562] [outer = 0x12e89c660]
15:01:41 INFO - --DOMWINDOW == 120 (0x15f436c60) [pid = 985] [serial = 5561] [outer = 0x0] [url = chrome://mochikit/content/tests/SimpleTest/iframe-between-tests.html]
15:01:49 INFO - --DOMWINDOW == 119 (0x15f925a00) [pid = 985] [serial = 5560] [outer = 0x0] [url = chrome://mochitests/content/chrome/widget/tests/test_secure_input.html]
15:06:56 INFO - 4143 INFO TEST-INFO | dumping last 2 message(s)
15:06:56 INFO - 4144 INFO TEST-INFO | if you need more context, please use SimpleTest.requestCompleteLog() in your test
15:06:56 INFO - 4145 INFO TEST-INFO | chrome://mochitests/content/chrome/widget/tests/test_sizemode_events.xul | must wait for load
15:06:56 INFO - 4146 INFO TEST-INFO | chrome://mochitests/content/chrome/widget/tests/test_sizemode_events.xul | must wait for focus
15:06:56 INFO - Not taking screenshot here: see the one that wa previously logged
15:06:56 INFO - 4147 INFO TEST-UNEXPECTED-FAIL | chrome://mochitests/content/chrome/widget/tests/test_sizemode_events.xul | Test timed out.
15:06:57 INFO - 4148 INFO TEST-UNEXPECTED-FAIL | chrome://mochitests/content/chrome/widget/tests/test_sizemode_events.xul | [SimpleTest.finish()] waitForFocus() wa called a different number of time from the number of callback run. Maybe the test terminated prematurely -- be sure to use SimpleTest.waitForExplicitFinish(). - got 1, expected 0
15:06:57 INFO - 4149 INFO TEST-INFO | MEMORY STAT vsize after test: 4323934208
15:06:57 INFO - 4150 INFO TEST-INFO | MEMORY STAT residentFast after test: 882626560
15:06:57 INFO - 4151 INFO TEST-END | chrome://mochitests/content/chrome/widget/tests/test_sizemode_events.xul | finished in 326757ms
