Intermittent test_native_menus.xul | undefined | Command handler(s) should have activated | and more failure in that test
https://tbpl.mozilla.org/php/getParsedLog.php?id=41905843&tree=Mozilla-Inbound
Rev4 MacOSX Snow Leopard 10.6 mozilla-inbound debug test mochitest-other on 2014-06-17 14:47:31 PDT for push 2b1d50423271

slave: t-snow-r4-0095



15:18:06 INFO - --DOMWINDOW == 242 (0x12162c800) [pid = 963] [serial = 5510] [outer = 0x0] [url = chrome://mochitests/content/chrome/toolkit/profile/test/test_create_profile.xul]
15:18:06 INFO - --DOMWINDOW == 241 (0x12f0d3400) [pid = 963] [serial = 5508] [outer = 0x0] [url = chrome://mochitests/content/chrome/toolkit/mozapps/update/tests/chrome/test_9999_cleanup.xul]
15:18:06 INFO - --DOMWINDOW == 240 (0x14fb4e800) [pid = 963] [serial = 5497] [outer = 0x0] [url = chrome://mochitests/content/chrome/toolkit/mozapps/update/tests/chrome/test_0901_deprecatedUpdateFormat_major.xul]
15:18:06 INFO - --DOMWINDOW == 239 (0x11d314c00) [pid = 963] [serial = 5487] [outer = 0x0] [url = chrome://mochitests/content/chrome/toolkit/mozapps/update/tests/chrome/test_0900_deprecatedUpdateFormat_minor.xul]
15:18:06 INFO - --DOMWINDOW == 238 (0x125f28000) [pid = 963] [serial = 5477] [outer = 0x0] [url = chrome://mochitests/content/chrome/toolkit/mozapps/update/tests/chrome/test_0162_notify_unsupported.xul]
15:18:06 INFO - --DOMWINDOW == 237 (0x12a5ec400) [pid = 963] [serial = 5587] [outer = 0x0] [url = chrome://mochitests/content/chrome/widget/tests/test_bug466599.xul]
15:18:06 INFO - --DOMWINDOW == 236 (0x125911c00) [pid = 963] [serial = 5559] [outer = 0x0] [url = chrome://mochitests/content/chrome/widget/tests/test_bug429954.xul]
15:18:06 INFO - --DOMWINDOW == 235 (0x155c49c00) [pid = 963] [serial = 5563] [outer = 0x0] [url = chrome://mochitests/content/chrome/widget/tests/test_bug444800.xul]
15:18:06 INFO - --DOMWINDOW == 234 (0x157897000) [pid = 963] [serial = 5565] [outer = 0x0] [url = chrome://mochitests/content/chrome/widget/tests/test_bug462106_perwindow.xul]
15:18:06 INFO - ++DOCSHELL 0x1257b0000 == 55 [pid = 963] [id = 1271]
15:18:06 INFO - ++DOMWINDOW == 235 (0x11d31f800) [pid = 963] [serial = 5678] [outer = 0x0]
15:18:06 INFO - ++DOMWINDOW == 236 (0x12a5e8800) [pid = 963] [serial = 5679] [outer = 0x11d31f800]
15:18:06 INFO - [Parent 963] WARNING: NS_ENSURE_TRUE(!mParent || mParent == docLoaderService) failed: file /builds/slave/m-in-osx64-d-00000000000000000/build/docshell/base/nsDocShell.cpp, line 2929
15:18:06 INFO - [Parent 963] WARNING: NS_ENSURE_TRUE(!mParent || mParent == docLoaderService) failed: file /builds/slave/m-in-osx64-d-00000000000000000/build/docshell/base/nsDocShell.cpp, line 2929
15:18:06 INFO - 5244 INFO TEST-UNEXPECTED-FAIL | chrome://mochitests/content/chrome/widget/tests/test_native_menus.xul | undefined
15:18:06 INFO - ++DOCSHELL 0x13194e000 == 56 [pid = 963] [id = 1272]
15:18:06 INFO - ++DOMWINDOW == 237 (0x12f0d8000) [pid = 963] [serial = 5680] [outer = 0x0]
15:18:06 INFO - ++DOMWINDOW == 238 (0x131dc7c00) [pid = 963] [serial = 5681] [outer = 0x12f0d8000]
15:18:06 INFO - [Parent 963] WARNING: NS_ENSURE_TRUE(mMutable) failed: file /builds/slave/m-in-osx64-d-00000000000000000/build/netwerk/base/src/nsSimpleURI.cpp, line 265
15:18:07 INFO - [Parent 963] WARNING: NS_ENSURE_TRUE(mTextInputHandler) failed: file /builds/slave/m-in-osx64-d-00000000000000000/build/widget/cocoa/nsChildView.mm, line 5525
15:18:07 INFO - 5245 INFO TEST-UNEXPECTED-FAIL | chrome://mochitests/content/chrome/widget/tests/test_native_menus.xul | undefined
15:18:07 INFO - 5246 INFO TEST-UNEXPECTED-FAIL | chrome://mochitests/content/chrome/widget/tests/test_native_menus.xul | Command handler(s) should have activated
15:18:07 INFO - [Exception... "Component returned failure code: 0x80004005 (NS_ERROR_FAILURE) [nsIDOMWindowUtils.activateNativeMenuItemAt]" nsresult: "0x80004005 (NS_ERROR_FAILURE)" location: "JS frame :: chrome://mochitests/content/chrome/widget/tests/native_menus_window.xul :: testItem :: line 78" data: no]
15:18:07 INFO - 5247 INFO TEST-UNEXPECTED-FAIL | chrome://mochitests/content/chrome/widget/tests/test_native_menus.xul | Command handler(s) should have activated
15:18:07 INFO - ++DOCSHELL 0x10037b000 == 57 [pid = 963] [id = 1273]
15:18:07 INFO - ++DOMWINDOW == 239 (0x12a8c7c00) [pid = 963] [serial = 5682] [outer = 0x0]
15:18:07 INFO - ++DOMWINDOW == 240 (0x14ec23000) [pid = 963] [serial = 5683] [outer = 0x12a8c7c00]
15:18:07 INFO - [Parent 963] WARNING: NS_ENSURE_TRUE(mMutable) failed: file /builds/slave/m-in-osx64-d-00000000000000000/build/netwerk/base/src/nsSimpleURI.cpp, line 265
15:18:07 INFO - 5248 INFO TEST-UNEXPECTED-FAIL | chrome://mochitests/content/chrome/widget/tests/test_native_menus.xul | Command handler(s) should have activated
15:18:07 INFO - 5249 INFO TEST-UNEXPECTED-FAIL | chrome://mochitests/content/chrome/widget/tests/test_native_menus.xul | Command handler(s) should not have activated
15:18:07 INFO - --DOMWINDOW == 239 (0x1661c3800) [pid = 963] [serial = 5623] [outer = 0x15d72ec00] [url = about:blank]
15:18:07 INFO - --DOMWINDOW == 238 (0x1661b9400) [pid = 963] [serial = 5617] [outer = 0x15c2f2800] [url = about:blank]
15:18:07 INFO - --DOMWINDOW == 237 (0x1672cd800) [pid = 963] [serial = 5648] [outer = 0x16724f000] [url = about:blank]
15:18:07 INFO - 5250 INFO TEST-UNEXPECTED-FAIL | chrome://mochitests/content/chrome/widget/tests/test_native_menus.xul | Command handler(s) should not have activated
15:18:07 INFO - 5251 INFO TEST-UNEXPECTED-FAIL | chrome://mochitests/content/chrome/widget/tests/test_native_menus.xul | Command handler(s) should not have activated
15:18:07 INFO - [Exception... "Component returned failure code: 0x80004005 (NS_ERROR_FAILURE) [nsIDOMWindowUtils.activateNativeMenuItemAt]" nsresult: "0x80004005 (NS_ERROR_FAILURE)" location: "JS frame :: chrome://mochitests/content/chrome/widget/tests/native_menus_window.xul :: testItem :: line 78" data: no]
15:18:07 INFO - [Exception... "Component returned failure code: 0x80004005 (NS_ERROR_FAILURE) [nsIDOMWindowUtils.activateNativeMenuItemAt]" nsresult: "0x80004005 (NS_ERROR_FAILURE)" location: "JS frame :: chrome://mochitests/content/chrome/widget/tests/native_menus_window.xul :: testItem :: line 78" data: no]
15:18:07 INFO - [Exception... "Component returned failure code: 0x80004005 (NS_ERROR_FAILURE) [nsIDOMWindowUtils.activateNativeMenuItemAt]" nsresult: "0x80004005 (NS_ERROR_FAILURE)" location: "JS frame :: chrome://mochitests/content/chrome/widget/tests/native_menus_window.xul :: testItem :: line 78" data: no]
15:18:07 INFO - ++DOCSHELL 0x121a40800 == 58 [pid = 963] [id = 1274]
15:18:07 INFO - ++DOMWINDOW == 238 (0x153c32c00) [pid = 963] [serial = 5684] [outer = 0x0]
15:18:07 INFO - ++DOMWINDOW == 239 (0x155095c00) [pid = 963] [serial = 5685] [outer = 0x153c32c00]
15:18:07 INFO - [Parent 963] WARNING: NS_ENSURE_TRUE(mMutable) failed: file /builds/slave/m-in-osx64-d-00000000000000000/build/netwerk/base/src/nsSimpleURI.cpp, line 265
15:18:07 INFO - 5252 INFO TEST-INFO | dumping last 3 message(s)
15:18:07 INFO - 5253 INFO TEST-INFO | if you need more context, please use SimpleTest.requestCompleteLog() in your test
15:18:07 INFO - 5254 INFO TEST-PASS | chrome://mochitests/content/chrome/widget/tests/test_native_menus.xul | Command handler(s) should not have activated
15:18:07 INFO - 5255 INFO TEST-PASS | chrome://mochitests/content/chrome/widget/tests/test_native_menus.xul | Command handler(s) should not have activated
15:18:07 INFO - 5256 INFO TEST-PASS | chrome://mochitests/content/chrome/widget/tests/test_native_menus.xul | Command handler(s) should not have activated
15:18:07 INFO - 5257 INFO TEST-UNEXPECTED-FAIL | chrome://mochitests/content/chrome/widget/tests/test_native_menus.xul | Command handler(s) should have activated
15:18:07 INFO - 5258 INFO TEST-UNEXPECTED-FAIL | chrome://mochitests/content/chrome/widget/tests/test_native_menus.xul | Command handler(s) should have activated
15:18:07 INFO - 5259 INFO TEST-UNEXPECTED-FAIL | chrome://mochitests/content/chrome/widget/tests/test_native_menus.xul | Command handler(s) should have activated
15:18:07 INFO - ++DOMWINDOW == 240 (0x155e4fc00) [pid = 963] [serial = 5686] [outer = 0x12f0d8000]
15:18:07 INFO - 5260 INFO TEST-UNEXPECTED-FAIL | chrome://mochitests/content/chrome/widget/tests/test_native_menus.xul | Command handler(s) should have activated
15:18:07 INFO - [Exception... "Component returned failure code: 0x80004005 (NS_ERROR_FAILURE) [nsIDOMWindowUtils.activateNativeMenuItemAt]" nsresult: "0x80004005 (NS_ERROR_FAILURE)" location: "JS frame :: chrome://mochitests/content/chrome/widget/tests/native_menus_window.xul :: testItem :: line 78" data: no]
15:18:07 INFO - 5261 INFO TEST-UNEXPECTED-FAIL | chrome://mochitests/content/chrome/widget/tests/test_native_menus.xul | Command handler(s) should have activated
15:18:07 INFO - [Exception... "Component returned failure code: 0x80004005 (NS_ERROR_FAILURE) [nsIDOMWindowUtils.activateNativeMenuItemAt]" nsresult: "0x80004005 (NS_ERROR_FAILURE)" location: "JS frame :: chrome://mochitests/content/chrome/widget/tests/native_menus_window.xul :: testItem :: line 78" data: no]
15:18:07 INFO - 5262 INFO TEST-UNEXPECTED-FAIL | chrome://mochitests/content/chrome/widget/tests/test_native_menus.xul | Command handler(s) should have activated
15:18:07 INFO - [Exception... "Component returned failure code: 0x80004005 (NS_ERROR_FAILURE) [nsIDOMWindowUtils.activateNativeMenuItemAt]" nsresult: "0x80004005 (NS_ERROR_FAILURE)" location: "JS frame :: chrome://mochitests/content/chrome/widget/tests/native_menus_window.xul :: testItem :: line 78" data: no]
15:18:07 INFO - 5263 INFO TEST-UNEXPECTED-FAIL | chrome://mochitests/content/chrome/widget/tests/test_native_menus.xul | Command handler(s) should have activated
15:18:07 INFO - ++DOCSHELL 0x154d77000 == 59 [pid = 963] [id = 1275]
15:18:07 INFO - ++DOMWINDOW == 241 (0x1562b3800) [pid = 963] [serial = 5687] [outer = 0x0]
15:18:07 INFO - ++DOMWINDOW == 242 (0x156490800) [pid = 963] [serial = 5688] [outer = 0x1562b3800]
15:18:07 INFO - [Parent 963] WARNING: NS_ENSURE_TRUE(mMutable) failed: file /builds/slave/m-in-osx64-d-00000000000000000/build/netwerk/base/src/nsSimpleURI.cpp, line 265
15:18:07 INFO - 5264 INFO TEST-UNEXPECTED-FAIL | chrome://mochitests/content/chrome/widget/tests/test_native_menus.xul | Command handler(s) should have activated
15:18:07 INFO - 5265 INFO TEST-UNEXPECTED-FAIL | chrome://mochitests/content/chrome/widget/tests/test_native_menus.xul | Command handler(s) should have activated
15:18:07 INFO - 5266 INFO TEST-UNEXPECTED-FAIL | chrome://mochitests/content/chrome/widget/tests/test_native_menus.xul | Command handler(s) should have activated
15:18:07 INFO - ++DOMWINDOW == 243 (0x156d68c00) [pid = 963] [serial = 5689] [outer = 0x12a8c7c00]
15:18:07 INFO - 5267 INFO TEST-UNEXPECTED-FAIL | chrome://mochitests/content/chrome/widget/tests/test_native_menus.xul | Command handler(s) should not have activated
15:18:07 INFO - [Exception... "Component returned failure code: 0x80004005 (NS_ERROR_FAILURE) [nsIDOMWindowUtils.activateNativeMenuItemAt]" nsresult: "0x80004005 (NS_ERROR_FAILURE)" location: "JS frame :: chrome://mochitests/content/chrome/widget/tests/native_menus_window.xul :: testItem :: line 78" data: no]
15:18:07 INFO - 5268 INFO TEST-UNEXPECTED-FAIL | chrome://mochitests/content/chrome/widget/tests/test_native_menus.xul | Command handler(s) should have activated
15:18:07 INFO - [Exception... "Component returned failure code: 0x80004005 (NS_ERROR_FAILURE) [nsIDOMWindowUtils.activateNativeMenuItemAt]" nsresult: "0x80004005 (NS_ERROR_FAILURE)" location: "JS frame :: chrome://mochitests/content/chrome/widget/tests/native_menus_window.xul :: testItem :: line 78" data: no]
15:18:07 INFO - 5269 INFO TEST-UNEXPECTED-FAIL | chrome://mochitests/content/chrome/widget/tests/test_native_menus.xul | Command handler(s) should have activated
15:18:07 INFO - [Exception... "Component returned failure code: 0x80004005 (NS_ERROR_FAILURE) [nsIDOMWindowUtils.activateNativeMenuItemAt]" nsresult: "0x80004005 (NS_ERROR_FAILURE)" location: "JS frame :: chrome://mochitests/content/chrome/widget/tests/native_menus_window.xul :: testItem :: line 78" data: no]
15:18:07 INFO - ++DOCSHELL 0x155632000 == 60 [pid = 963] [id = 1276]
15:18:07 INFO - ++DOMWINDOW == 244 (0x156df1c00) [pid = 963] [serial = 5690] [outer = 0x0]
15:18:07 INFO - ++DOMWINDOW == 245 (0x156df9800) [pid = 963] [serial = 5691] [outer = 0x156df1c00]
15:18:07 INFO - [Parent 963] WARNING: NS_ENSURE_TRUE(mMutable) failed: file /builds/slave/m-in-osx64-d-00000000000000000/build/netwerk/base/src/nsSimpleURI.cpp, line 265
15:18:07 INFO - 5270 INFO TEST-INFO | dumping last 1 message(s)
15:18:07 INFO - 5271 INFO TEST-INFO | if you need more context, please use SimpleTest.requestCompleteLog() in your test
15:18:07 INFO - 5272 INFO TEST-PASS | chrome://mochitests/content/chrome/widget/tests/test_native_menus.xul | Command handler(s) should not have activated
15:18:07 INFO - 5273 INFO TEST-UNEXPECTED-FAIL | chrome://mochitests/content/chrome/widget/tests/test_native_menus.xul | Command handler(s) should have activated
15:18:07 INFO - [Parent 963] WARNING: NS_ENSURE_TRUE(selCon) failed: file /builds/slave/m-in-osx64-d-00000000000000000/build/editor/libeditor/base/nsEditor.cpp, line 613
15:18:07 INFO - [Parent 963] WARNING: NS_ENSURE_TRUE(selcon) failed: file /builds/slave/m-in-osx64-d-00000000000000000/build/editor/libeditor/base/nsEditor.cpp, line 635
15:18:07 INFO - [Parent 963] WARNING: NS_ENSURE_TRUE(selCon) failed: file /builds/slave/m-in-osx64-d-00000000000000000/build/editor/libeditor/base/nsEditor.cpp, line 613
15:18:07 INFO - [Parent 963] WARNING: NS_ENSURE_TRUE(selcon) failed: file /builds/slave/m-in-osx64-d-00000000000000000/build/editor/libeditor/base/nsEditor.cpp, line 635
15:18:07 INFO - [Parent 963] WARNING: NS_ENSURE_TRUE(selCon) failed: file /builds/slave/m-in-osx64-d-00000000000000000/build/editor/libeditor/base/nsEditor.cpp, line 613
15:18:07 INFO - [Parent 963] WARNING: NS_ENSURE_TRUE(selcon) failed: file /builds/slave/m-in-osx64-d-00000000000000000/build/editor/libeditor/base/nsEditor.cpp, line 635
15:18:07 INFO - --DOMWINDOW == 244 (0x15d72ec00) [pid = 963] [serial = 5622] [outer = 0x0] [url = data:text/html,<html><body></body></html>]
15:18:07 INFO - [Parent 963] WARNING: NS_ENSURE_TRUE(selCon) failed: file /builds/slave/m-in-osx64-d-00000000000000000/build/editor/libeditor/base/nsEditor.cpp, line 613
15:18:07 INFO - [Parent 963] WARNING: NS_ENSURE_TRUE(selcon) failed: file /builds/slave/m-in-osx64-d-00000000000000000/build/editor/libeditor/base/nsEditor.cpp, line 635
15:18:07 INFO - [Parent 963] WARNING: NS_ENSURE_TRUE(selCon) failed: file /builds/slave/m-in-osx64-d-00000000000000000/build/editor/libeditor/base/nsEditor.cpp, line 613
15:18:07 INFO - [Parent 963] WARNING: NS_ENSURE_TRUE(selcon) failed: file /builds/slave/m-in-osx64-d-00000000000000000/build/editor/libeditor/base/nsEditor.cpp, line 635
15:18:07 INFO - --DOMWINDOW == 243 (0x15c2f2800) [pid = 963] [serial = 5616] [outer = 0x0] [url = data:text/html,<!DOCTYPE%20html>Content%20page]
15:18:07 INFO - ++DOMWINDOW == 244 (0x11bb26c00) [pid = 963] [serial = 5692] [outer = 0x153c32c00]
15:18:07 INFO - 5274 INFO TEST-UNEXPECTED-FAIL | chrome://mochitests/content/chrome/widget/tests/test_native_menus.xul | Command handler(s) should have activated
15:18:07 INFO - 5275 INFO TEST-UNEXPECTED-FAIL | chrome://mochitests/content/chrome/widget/tests/test_native_menus.xul | Command handler(s) should have activated
15:18:07 INFO - 5276 INFO TEST-UNEXPECTED-FAIL | chrome://mochitests/content/chrome/widget/tests/test_native_menus.xul | Command handler(s) should have activated
15:18:07 INFO - [Exception... "Component returned failure code: 0x80004005 (NS_ERROR_FAILURE) [nsIDOMWindowUtils.activateNativeMenuItemAt]" nsresult: "0x80004005 (NS_ERROR_FAILURE)" location: "JS frame :: chrome://mochitests/content/chrome/widget/tests/native_menus_window.xul :: testItem :: line 78" data: no]
15:18:07 INFO - 5277 INFO TEST-UNEXPECTED-FAIL | chrome://mochitests/content/chrome/widget/tests/test_native_menus.xul | Command handler(s) should have activated
15:18:07 INFO - [Exception... "Component returned failure code: 0x80004005 (NS_ERROR_FAILURE) [nsIDOMWindowUtils.activateNativeMenuItemAt]" nsresult: "0x80004005 (NS_ERROR_FAILURE)" location: "JS frame :: chrome://mochitests/content/chrome/widget/tests/native_menus_window.xul :: testItem :: line 78" data: no]
15:18:07 INFO - 5278 INFO TEST-UNEXPECTED-FAIL | chrome://mochitests/content/chrome/widget/tests/test_native_menus.xul | Command handler(s) should have activated
15:18:07 INFO - [Exception... "Component returned failure code: 0x80004005 (NS_ERROR_FAILURE) [nsIDOMWindowUtils.activateNativeMenuItemAt]" nsresult: "0x80004005 (NS_ERROR_FAILURE)" location: "JS frame :: chrome://mochitests/content/chrome/widget/tests/native_menus_window.xul :: testItem :: line 78" data: no]
15:18:07 INFO - 5279 INFO TEST-UNEXPECTED-FAIL | chrome://mochitests/content/chrome/widget/tests/test_native_menus.xul | Command handler(s) should have activated
15:18:07 INFO - ++DOCSHELL 0x11fe22800 == 61 [pid = 963] [id = 1277]
15:18:07 INFO - ++DOMWINDOW == 245 (0x155663400) [pid = 963] [serial = 5693] [outer = 0x0]
15:18:08 INFO - ++DOMWINDOW == 246 (0x156495400) [pid = 963] [serial = 5694] [outer = 0x155663400]
15:18:08 INFO - [Parent 963] WARNING: NS_ENSURE_TRUE(mMutable) failed: file /builds/slave/m-in-osx64-d-00000000000000000/build/netwerk/base/src/nsSimpleURI.cpp, line 265
15:18:08 INFO - 5280 INFO TEST-UNEXPECTED-FAIL | chrome://mochitests/content/chrome/widget/tests/test_native_menus.xul | Command handler(s) should have activated
15:18:08 INFO - ++DOMWINDOW == 247 (0x156e8f800) [pid = 963] [serial = 5695] [outer = 0x1562b3800]
15:18:08 INFO - 5281 INFO TEST-UNEXPECTED-FAIL | chrome://mochitests/content/chrome/widget/tests/test_native_menus.xul | Command handler(s) should not have activated
15:18:08 INFO - 5282 INFO TEST-UNEXPECTED-FAIL | chrome://mochitests/content/chrome/widget/tests/test_native_menus.xul | Command handler(s) should not have activated
15:18:08 INFO - 5283 INFO TEST-UNEXPECTED-FAIL | chrome://mochitests/content/chrome/widget/tests/test_native_menus.xul | Command handler(s) should not have activated
15:18:08 INFO - [Exception... "Component returned failure code: 0x80004005 (NS_ERROR_FAILURE) [nsIDOMWindowUtils.activateNativeMenuItemAt]" nsresult: "0x80004005 (NS_ERROR_FAILURE)" location: "JS frame :: chrome://mochitests/content/chrome/widget/tests/native_menus_window.xul :: testItem :: line 78" data: no]
15:18:08 INFO - [Exception... "Component returned failure code: 0x80004005 (NS_ERROR_FAILURE) [nsIDOMWindowUtils.activateNativeMenuItemAt]" nsresult: "0x80004005 (NS_ERROR_FAILURE)" location: "JS frame :: chrome://mochitests/content/chrome/widget/tests/native_menus_window.xul :: testItem :: line 78" data: no]
15:18:08 INFO - [Exception... "Component returned failure code: 0x80004005 (NS_ERROR_FAILURE) [nsIDOMWindowUtils.activateNativeMenuItemAt]" nsresult: "0x80004005 (NS_ERROR_FAILURE)" location: "JS frame :: chrome://mochitests/content/chrome/widget/tests/native_menus_window.xul :: testItem :: line 78" data: no]
15:18:08 INFO - ++DOCSHELL 0x156221800 == 62 [pid = 963] [id = 1278]
15:18:08 INFO - ++DOMWINDOW == 248 (0x15723f800) [pid = 963] [serial = 5696] [outer = 0x0]
15:18:08 INFO - ++DOMWINDOW == 249 (0x157336800) [pid = 963] [serial = 5697] [outer = 0x15723f800]
15:18:08 INFO - [Parent 963] WARNING: NS_ENSURE_TRUE(mMutable) failed: file /builds/slave/m-in-osx64-d-00000000000000000/build/netwerk/base/src/nsSimpleURI.cpp, line 265
15:18:08 INFO - 5284 INFO TEST-INFO | dumping last 3 message(s)
15:18:08 INFO - 5285 INFO TEST-INFO | if you need more context, please use SimpleTest.requestCompleteLog() in your test
15:18:08 INFO - 5286 INFO TEST-PASS | chrome://mochitests/content/chrome/widget/tests/test_native_menus.xul | Command handler(s) should not have activated
15:18:08 INFO - 5287 INFO TEST-PASS | chrome://mochitests/content/chrome/widget/tests/test_native_menus.xul | Command handler(s) should not have activated
15:18:08 INFO - 5288 INFO TEST-PASS | chrome://mochitests/content/chrome/widget/tests/test_native_menus.xul | Command handler(s) should not have activated
15:18:08 INFO - 5289 INFO TEST-UNEXPECTED-FAIL | chrome://mochitests/content/chrome/widget/tests/test_native_menus.xul | undefined
15:18:08 INFO - 5290 INFO TEST-UNEXPECTED-FAIL | chrome://mochitests/content/chrome/widget/tests/test_native_menus.xul | Command handler(s) should have activated
15:18:08 INFO - 5291 INFO TEST-UNEXPECTED-FAIL | chrome://mochitests/content/chrome/widget/tests/test_native_menus.xul | Command handler(s) should have activated
15:18:08 INFO - 5292 INFO TEST-UNEXPECTED-FAIL | chrome://mochitests/content/chrome/widget/tests/test_native_menus.xul | Command handler(s) should have activated
15:18:08 INFO - [Exception... "Component returned failure code: 0x80004005 (NS_ERROR_FAILURE) [nsIDOMWindowUtils.activateNativeMenuItemAt]" nsresult: "0x80004005 (NS_ERROR_FAILURE)" location: "JS frame :: chrome://mochitests/content/chrome/widget/tests/native_menus_window.xul :: testItem :: line 78" data: no]
15:18:08 INFO - 5293 INFO TEST-UNEXPECTED-FAIL | chrome://mochitests/content/chrome/widget/tests/test_native_menus.xul | Command handler(s) should have activated
15:18:08 INFO - [Exception... "Component returned failure code: 0x80004005 (NS_ERROR_FAILURE) [nsIDOMWindowUtils.activateNativeMenuItemAt]" nsresult: "0x80004005 (NS_ERROR_FAILURE)" location: "JS frame :: chrome://mochitests/content/chrome/widget/tests/native_menus_window.xul :: testItem :: line 78" data: no]
15:18:08 INFO - 5294 INFO TEST-UNEXPECTED-FAIL | chrome://mochitests/content/chrome/widget/tests/test_native_menus.xul | Command handler(s) should have activated
15:18:08 INFO - [Exception... "Component returned failure code: 0x80004005 (NS_ERROR_FAILURE) [nsIDOMWindowUtils.activateNativeMenuItemAt]" nsresult: "0x80004005 (NS_ERROR_FAILURE)" location: "JS frame :: chrome://mochitests/content/chrome/widget/tests/native_menus_window.xul :: testItem :: line 78" data: no]
15:18:08 INFO - 5295 INFO TEST-UNEXPECTED-FAIL | chrome://mochitests/content/chrome/widget/tests/test_native_menus.xul | Command handler(s) should have activated
15:18:08 INFO - 5296 INFO TEST-INFO | MEMORY STAT vsize after test: 4410871808
15:18:08 INFO - 5297 INFO TEST-INFO | MEMORY STAT residentFast after test: 968310784
15:18:08 INFO - 5298 INFO TEST-INFO | MEMORY STAT heapAllocated after test: 270118208
15:18:08 INFO - ++DOMWINDOW == 250 (0x157413c00) [pid = 963] [serial = 5698] [outer = 0x156df1c00]
15:18:08 INFO - ++DOCSHELL 0x15758d800 == 63 [pid = 963] [id = 1279]
15:18:08 INFO - ++DOMWINDOW == 251 (0x157604c00) [pid = 963] [serial = 5699] [outer = 0x0]
15:18:08 INFO - ++DOMWINDOW == 252 (0x157609400) [pid = 963] [serial = 5700] [outer = 0x157604c00]
15:18:08 INFO - ++DOMWINDOW == 253 (0x15760f800) [pid = 963] [serial = 5701] [outer = 0x155663400]



15:18:56 INFO - --DOMWINDOW == 136 (0x15cec8400) [pid = 963] [serial = 5609] [outer = 0x0] [url = about:blank]
15:18:56 INFO - --DOMWINDOW == 135 (0x15b654c00) [pid = 963] [serial = 5613] [outer = 0x0] [url = about:blank]
15:18:56 INFO - --DOMWINDOW == 134 (0x15c2f2c00) [pid = 963] [serial = 5615] [outer = 0x0] [url = about:blank]
15:18:56 INFO - --DOMWINDOW == 133 (0x15912ec00) [pid = 963] [serial = 5636] [outer = 0x0] [url = about:blank]
15:18:56 INFO - --DOMWINDOW == 132 (0x16942c400) [pid = 963] [serial = 5192] [outer = 0x0] [url = about:blank]
15:18:56 INFO - --DOMWINDOW == 131 (0x14d8c2400) [pid = 963] [serial = 5632] [outer = 0x0] [url = about:blank]
15:18:56 INFO - --DOMWINDOW == 130 (0x15b3eb400) [pid = 963] [serial = 5172] [outer = 0x0] [url = about:blank]
15:18:56 INFO - --DOMWINDOW == 129 (0x155fbe000) [pid = 963] [serial = 4956] [outer = 0x0] [url = about:blank]
15:18:56 INFO - --DOMWINDOW == 128 (0x12eda5800) [pid = 963] [serial = 5499] [outer = 0x0] [url = about:blank]
15:18:59 INFO - --DOMWINDOW == 127 (0x157e5ec00) [pid = 963] [serial = 5566] [outer = 0x0] [url = chrome://browser/content/browser.xul]
15:18:59 INFO - --DOMWINDOW == 126 (0x166eaf800) [pid = 963] [serial = 5478] [outer = 0x0] [url = chrome://mozapps/content/update/updates.xul]
15:19:06 INFO - --DOMWINDOW == 125 (0x157e60000) [pid = 963] [serial = 5567] [outer = 0x0] [url = about:blank]
15:19:06 INFO - --DOMWINDOW == 124 (0x166eb1000) [pid = 963] [serial = 5479] [outer = 0x0] [url = about:blank]
15:23:52 INFO - TEST-INFO | screencapture: exit 0
15:23:52 INFO - 5310 INFO TEST-UNEXPECTED-FAIL | chrome://mochitests/content/chrome/widget/tests/test_panel_mouse_coords.xul | Test timed out.
15:23:52 INFO - 5311 INFO TEST-INFO | MEMORY STAT vsize after test: 4384841728
15:23:52 INFO - 5312 INFO TEST-INFO | MEMORY STAT residentFast after test: 947068928
15:23:52 INFO - 5313 INFO TEST-INFO | MEMORY STAT heapAllocated after test: 182352848
15:23:52 INFO - 5314 INFO TEST-END | chrome://mochitests/content/chrome/widget/tests/test_panel_mouse_coords.xul | finished in 326758ms
